<?xml version="1.0" encoding="utf-8"?><testsuites name="pytest tests"><testsuite name="pytest" errors="0" failures="0" skipped="26" tests="238" time="8.038" timestamp="2026-09-06T16:51:17.855355+01:00" hostname="len"><testcase classname="test.waveform.test_taylorf2ecc_torch" name="test_taylorf2ecc_public_torch_parity[params0]" time="0.072" /><testcase classname="test.waveform.test_taylorf2ecc_torch" name="test_taylorf2ecc_public_torch_parity[params1]" time="0.003" /><testcase classname="test.waveform.test_taylorf2ecc_torch" name="test_taylorf2ecc_public_torch_parity[params2]" time="0.003" /><testcase classname="test.waveform.test_taylorf2ecc_torch" name="test_taylorf2ecc_public_torch_parity[params3]" time="0.002" /><testcase classname="test.waveform.test_taylorf2ecc_torch" name="test_taylorf2ecc_all_eccentricity_orders_match_lal[-1]" time="0.002" /><testcase classname="test.waveform.test_taylorf2ecc_torch" name="test_taylorf2ecc_all_eccentricity_orders_match_lal[0]" time="0.002" /><testcase classname="test.waveform.test_taylorf2ecc_torch" name="test_taylorf2ecc_all_eccentricity_orders_match_lal[1]" time="0.002" /><testcase classname="test.waveform.test_taylorf2ecc_torch" name="test_taylorf2ecc_all_eccentricity_orders_match_lal[2]" time="0.002" /><testcase classname="test.waveform.test_taylorf2ecc_torch" name="test_taylorf2ecc_all_eccentricity_orders_match_lal[3]" time="0.002" /><testcase classname="test.waveform.test_taylorf2ecc_torch" name="test_taylorf2ecc_all_eccentricity_orders_match_lal[4]" time="0.002" /><testcase classname="test.waveform.test_taylorf2ecc_torch" name="test_taylorf2ecc_all_eccentricity_orders_match_lal[5]" time="0.002" /><testcase classname="test.waveform.test_taylorf2ecc_torch" name="test_taylorf2ecc_all_eccentricity_orders_match_lal[6]" time="0.002" /><testcase classname="test.waveform.test_taylorf2ecc_torch" name="test_taylorf2ecc_scalar_phase_matches_tensor[-1]" time="0.001" /><testcase classname="test.waveform.test_taylorf2ecc_torch" name="test_taylorf2ecc_scalar_phase_matches_tensor[0]" time="0.001" /><testcase classname="test.waveform.test_taylorf2ecc_torch" name="test_taylorf2ecc_scalar_phase_matches_tensor[1]" time="0.001" /><testcase classname="test.waveform.test_taylorf2ecc_torch" name="test_taylorf2ecc_scalar_phase_matches_tensor[2]" time="0.001" /><testcase classname="test.waveform.test_taylorf2ecc_torch" name="test_taylorf2ecc_scalar_phase_matches_tensor[3]" time="0.001" /><testcase classname="test.waveform.test_taylorf2ecc_torch" name="test_taylorf2ecc_scalar_phase_matches_tensor[4]" time="0.001" /><testcase classname="test.waveform.test_taylorf2ecc_torch" name="test_taylorf2ecc_scalar_phase_matches_tensor[5]" time="0.001" /><testcase classname="test.waveform.test_taylorf2ecc_torch" name="test_taylorf2ecc_scalar_phase_matches_tensor[6]" time="0.001" /><testcase classname="test.waveform.test_taylorf2ecc_torch" name="test_taylorf2ecc_public_dispatches_native" time="0.001" /><testcase classname="test.waveform.test_taylorf2ecc_torch" name="test_taylorf2ecc_unsupported_options_use_lal" time="0.001" /><testcase classname="test.waveform.test_taylorf2ecc_torch" name="test_taylorf2ecc_native_support_boundary[params0-True]" time="0.000" /><testcase classname="test.waveform.test_taylorf2ecc_torch" name="test_taylorf2ecc_native_support_boundary[params1-True]" time="0.000" /><testcase classname="test.waveform.test_taylorf2ecc_torch" name="test_taylorf2ecc_native_support_boundary[params2-True]" time="0.000" /><testcase classname="test.waveform.test_taylorf2ecc_torch" name="test_taylorf2ecc_native_support_boundary[params3-False]" time="0.000" /><testcase classname="test.waveform.test_taylorf2ecc_torch" name="test_taylorf2ecc_native_support_boundary[params4-False]" time="0.000" /><testcase classname="test.waveform.test_taylorf2ecc_torch" name="test_taylorf2ecc_native_support_boundary[params5-False]" time="0.000" /><testcase classname="test.waveform.test_taylorf2ecc_torch" name="test_taylorf2ecc_native_support_boundary[params6-False]" time="0.001" /><testcase classname="test.waveform.test_taylorf2ecc_torch" name="test_taylorf2ecc_native_support_boundary[params7-False]" time="0.000" /><testcase classname="test.waveform.test_taylorf2ecc_torch" name="test_taylorf2ecc_native_support_boundary[params8-False]" time="0.000" /><testcase classname="test.waveform.test_taylorf2ecc_torch" name="test_taylorf2ecc_native_support_boundary[params9-False]" time="0.000" /><testcase classname="test.waveform.test_taylorf2ecc_torch" name="test_taylorf2ecc_native_support_boundary[params10-False]" time="0.000" /><testcase classname="test.waveform.test_taylorf2ecc_torch" name="test_taylorf2ecc_public_torch_uses_mps" time="0.000"><skipped type="pytest.skip" message="Torch MPS device is unavailable">/home/xangma/pycbc-torch-performance-fix-20260906/candidate/test/waveform/test_taylorf2ecc_torch.py:327: Torch MPS device is unavailable</skipped></testcase><testcase classname="test.waveform.test_taylorf2ecc_torch" name="test_taylorf2ecc_mps_phase_accuracy_boundary" time="0.000"><skipped type="pytest.skip" message="Torch MPS device is unavailable">/home/xangma/pycbc-torch-performance-fix-20260906/candidate/test/waveform/test_taylorf2ecc_torch.py:362: Torch MPS device is unavailable</skipped></testcase><testcase classname="test.waveform.test_taylorf2ecc_torch" name="test_taylorf2ecc_mps_phase_boundary_uses_lal_fallback" time="0.000"><skipped type="pytest.skip" message="Torch MPS device is unavailable">/home/xangma/pycbc-torch-performance-fix-20260906/candidate/test/waveform/test_taylorf2ecc_torch.py:394: Torch MPS device is unavailable</skipped></testcase><testcase classname="test.waveform.test_taylorf2ecc_torch" name="test_taylorf2ecc_sequence_public_parity_and_dispatch" time="0.003" /><testcase classname="test.waveform.test_taylorf2ecc_torch" name="test_taylorf2ecc_sequence_f_ref_zero_uses_lowest_frequency" time="0.627" /><testcase classname="test.waveform.test_taylorf2ecc_torch" name="test_taylorf2ecc_sequence_ignores_long_asc_nodes" time="0.003" /><testcase classname="test.waveform.test_taylorf2ecc_torch" name="test_taylorf2ecc_sequence_rejects_invalid_frequencies[sample_points0-non-empty vector]" time="0.001" /><testcase classname="test.waveform.test_taylorf2ecc_torch" name="test_taylorf2ecc_sequence_rejects_invalid_frequencies[sample_points1-non-empty vector]" time="0.001" /><testcase classname="test.waveform.test_taylorf2ecc_torch" name="test_taylorf2ecc_sequence_rejects_invalid_frequencies[sample_points2-finite]" time="0.001" /><testcase classname="test.waveform.test_taylorf2ecc_torch" name="test_taylorf2ecc_sequence_rejects_invalid_frequencies[sample_points3-finite]" time="0.001" /><testcase classname="test.waveform.test_taylorf2ecc_torch" name="test_taylorf2ecc_sequence_rejects_invalid_frequencies[sample_points4-positive]" time="0.001" /><testcase classname="test.waveform.test_taylorf2ecc_torch" name="test_taylorf2ecc_sequence_rejects_invalid_frequencies[sample_points5-positive]" time="0.001" /><testcase classname="test.waveform.test_taylorf2ecc_torch" name="test_taylorf2ecc_sequence_unsupported_options_reach_lal" time="0.001" /><testcase classname="test.waveform.test_taylorf2ecc_torch" name="test_taylorf2ecc_sequence_stays_on_requested_device[cpu]" time="0.001" /><testcase classname="test.waveform.test_taylorf2ecc_torch" name="test_taylorf2ecc_sequence_stays_on_requested_device[mps]" time="0.001"><skipped type="pytest.skip" message="Torch MPS device is unavailable">/home/xangma/pycbc-torch-performance-fix-20260906/candidate/test/waveform/test_taylorf2ecc_torch.py:693: Torch MPS device is unavailable</skipped></testcase><testcase classname="test.waveform.test_taylorf2ecc_torch" name="test_taylorf2ecc_sequence_stays_on_requested_device[cuda]" time="0.422" /><testcase classname="test.waveform.test_taylorf2ecc_torch" name="test_taylorf2ecc_default_native_opt_out_reaches_lal[PYCBC_TORCH_NATIVE_PORTS-False-regular-SimInspiralChooseFDWaveform]" time="0.001" /><testcase classname="test.waveform.test_taylorf2ecc_torch" name="test_taylorf2ecc_default_native_opt_out_reaches_lal[PYCBC_TORCH_NATIVE_PORTS-False-sequence-SimInspiralChooseFDWaveformSequence]" time="0.001" /><testcase classname="test.waveform.test_taylorf2ecc_torch" name="test_taylorf2ecc_default_native_opt_out_reaches_lal[PYCBC_TAYLORF2ECC_NATIVE-True-regular-SimInspiralChooseFDWaveform]" time="0.001" /><testcase classname="test.waveform.test_taylorf2ecc_torch" name="test_taylorf2ecc_default_native_opt_out_reaches_lal[PYCBC_TAYLORF2ECC_NATIVE-True-sequence-SimInspiralChooseFDWaveformSequence]" time="0.001" /><testcase classname="test.waveform.test_taylorf2redspin_torch" name="test_taylorf2redspin_matches_lalsimulation[TaylorF2RedSpin-extra0-0.25]" time="0.002" /><testcase classname="test.waveform.test_taylorf2redspin_torch" name="test_taylorf2redspin_matches_lalsimulation[TaylorF2RedSpin-extra0-0.3]" time="0.002" /><testcase classname="test.waveform.test_taylorf2redspin_torch" name="test_taylorf2redspin_matches_lalsimulation[TaylorF2RedSpin-extra1-0.25]" time="0.002" /><testcase classname="test.waveform.test_taylorf2redspin_torch" name="test_taylorf2redspin_matches_lalsimulation[TaylorF2RedSpin-extra1-0.3]" time="0.002" /><testcase classname="test.waveform.test_taylorf2redspin_torch" name="test_taylorf2redspin_matches_lalsimulation[TaylorF2RedSpinTidal-extra2-0.25]" time="0.002" /><testcase classname="test.waveform.test_taylorf2redspin_torch" name="test_taylorf2redspin_matches_lalsimulation[TaylorF2RedSpinTidal-extra2-0.3]" time="0.002" /><testcase classname="test.waveform.test_taylorf2redspin_torch" name="test_taylorf2redspin_matches_lalsimulation[TaylorF2RedSpinTidal-extra3-0.25]" time="0.002" /><testcase classname="test.waveform.test_taylorf2redspin_torch" name="test_taylorf2redspin_matches_lalsimulation[TaylorF2RedSpinTidal-extra3-0.3]" time="0.002" /><testcase classname="test.waveform.test_taylorf2redspin_torch" name="test_taylorf2redspin_all_pn_orders_match_lal[-1]" time="0.001" /><testcase classname="test.waveform.test_taylorf2redspin_torch" name="test_taylorf2redspin_all_pn_orders_match_lal[0]" time="0.001" /><testcase classname="test.waveform.test_taylorf2redspin_torch" name="test_taylorf2redspin_all_pn_orders_match_lal[1]" time="0.001" /><testcase classname="test.waveform.test_taylorf2redspin_torch" name="test_taylorf2redspin_all_pn_orders_match_lal[2]" time="0.001" /><testcase classname="test.waveform.test_taylorf2redspin_torch" name="test_taylorf2redspin_all_pn_orders_match_lal[3]" time="0.001" /><testcase classname="test.waveform.test_taylorf2redspin_torch" name="test_taylorf2redspin_all_pn_orders_match_lal[4]" time="0.001" /><testcase classname="test.waveform.test_taylorf2redspin_torch" name="test_taylorf2redspin_all_pn_orders_match_lal[5]" time="0.001" /><testcase classname="test.waveform.test_taylorf2redspin_torch" name="test_taylorf2redspin_all_pn_orders_match_lal[6]" time="0.001" /><testcase classname="test.waveform.test_taylorf2redspin_torch" name="test_taylorf2redspin_all_pn_orders_match_lal[7]" time="0.001" /><testcase classname="test.waveform.test_taylorf2redspin_torch" name="test_taylorf2redspin_preserves_lal_all_zero_ranges[20.0]" time="0.001" /><testcase classname="test.waveform.test_taylorf2redspin_torch" name="test_taylorf2redspin_preserves_lal_all_zero_ranges[23.0]" time="0.001" /><testcase classname="test.waveform.test_taylorf2redspin_torch" name="test_taylorf2redspin_preserves_lal_all_zero_ranges[23.1]" time="0.001" /><testcase classname="test.waveform.test_taylorf2redspin_torch" name="test_taylorf2redspin_native_support_boundary[params0-True]" time="0.001" /><testcase classname="test.waveform.test_taylorf2redspin_torch" name="test_taylorf2redspin_native_support_boundary[params1-True]" time="0.000" /><testcase classname="test.waveform.test_taylorf2redspin_torch" name="test_taylorf2redspin_native_support_boundary[params2-False]" time="0.000" /><testcase classname="test.waveform.test_taylorf2redspin_torch" name="test_taylorf2redspin_native_support_boundary[params3-False]" time="0.000" /><testcase classname="test.waveform.test_taylorf2redspin_torch" name="test_taylorf2redspin_native_support_boundary[params4-False]" time="0.000" /><testcase classname="test.waveform.test_taylorf2redspin_torch" name="test_taylorf2redspin_native_support_boundary[params5-False]" time="0.000" /><testcase classname="test.waveform.test_taylorf2redspin_torch" name="test_taylorf2redspin_native_support_boundary[params6-False]" time="0.000" /><testcase classname="test.waveform.test_taylorf2redspin_torch" name="test_taylorf2redspin_native_support_boundary[params7-False]" time="0.000" /><testcase classname="test.waveform.test_taylorf2redspin_torch" name="test_taylorf2redspin_native_support_boundary[params8-False]" time="0.000" /><testcase classname="test.waveform.test_taylorf2redspin_torch" name="test_taylorf2redspin_native_support_boundary[params9-False]" time="0.000" /><testcase classname="test.waveform.test_taylorf2redspin_torch" name="test_taylorf2redspin_native_support_boundary[params10-False]" time="0.000" /><testcase classname="test.waveform.test_taylorf2redspin_torch" name="test_taylorf2redspin_native_support_boundary[params11-False]" time="0.000" /><testcase classname="test.waveform.test_taylorf2redspin_torch" name="test_taylorf2redspin_native_support_boundary[params12-False]" time="0.000" /><testcase classname="test.waveform.test_taylorf2redspin_torch" name="test_taylorf2redspin_native_support_boundary[params13-False]" time="0.000" /><testcase classname="test.waveform.test_taylorf2redspin_torch" name="test_taylorf2redspin_native_support_boundary[params14-False]" time="0.000" /><testcase classname="test.waveform.test_taylorf2redspin_torch" name="test_taylorf2redspin_public_dispatch_avoids_lalsimulation[TaylorF2RedSpin-extra0]" time="0.002" /><testcase classname="test.waveform.test_taylorf2redspin_torch" name="test_taylorf2redspin_public_dispatch_avoids_lalsimulation[TaylorF2RedSpinTidal-extra1]" time="0.002" /><testcase classname="test.waveform.test_taylorf2redspin_torch" name="test_taylorf2redspin_unsupported_options_reach_lal_by_default[TaylorF2RedSpin-unsupported0]" time="0.001" /><testcase classname="test.waveform.test_taylorf2redspin_torch" name="test_taylorf2redspin_unsupported_options_reach_lal_by_default[TaylorF2RedSpinTidal-unsupported1]" time="0.001" /><testcase classname="test.waveform.test_taylorf2redspin_torch" name="test_taylorf2redspin_sequence_matches_regular_lal_grid_and_dispatches[TaylorF2RedSpin-extra0]" time="0.002" /><testcase classname="test.waveform.test_taylorf2redspin_torch" name="test_taylorf2redspin_sequence_matches_regular_lal_grid_and_dispatches[TaylorF2RedSpinTidal-extra1]" time="0.002" /><testcase classname="test.waveform.test_taylorf2redspin_torch" name="test_taylorf2redspin_sequence_conventions" time="0.002" /><testcase classname="test.waveform.test_taylorf2redspin_torch" name="test_taylorf2redspin_native_stays_on_requested_device_without_host_transfer[cpu]" time="0.004" /><testcase classname="test.waveform.test_taylorf2redspin_torch" name="test_taylorf2redspin_native_stays_on_requested_device_without_host_transfer[mps]" time="0.001"><skipped type="pytest.skip" message="Torch MPS device is unavailable">/home/xangma/pycbc-torch-performance-fix-20260906/candidate/test/waveform/test_taylorf2redspin_torch.py:475: Torch MPS device is unavailable</skipped></testcase><testcase classname="test.waveform.test_taylorf2redspin_torch" name="test_taylorf2redspin_native_stays_on_requested_device_without_host_transfer[cuda]" time="0.085" /><testcase classname="test.waveform.test_taylorf2redspin_torch" name="test_taylorf2redspin_sequence_rejects_invalid_frequencies[sample_points0-non-empty vector]" time="0.001" /><testcase classname="test.waveform.test_taylorf2redspin_torch" name="test_taylorf2redspin_sequence_rejects_invalid_frequencies[sample_points1-non-empty vector]" time="0.001" /><testcase classname="test.waveform.test_taylorf2redspin_torch" name="test_taylorf2redspin_sequence_rejects_invalid_frequencies[sample_points2-finite]" time="0.001" /><testcase classname="test.waveform.test_taylorf2redspin_torch" name="test_taylorf2redspin_sequence_rejects_invalid_frequencies[sample_points3-positive]" time="0.001" /><testcase classname="test.waveform.test_taylorf2redspin_torch" name="test_taylorf2redspin_sequence_rejects_invalid_frequencies[sample_points4-positive]" time="0.001" /><testcase classname="test.waveform.test_taylorf2redspin_torch" name="test_taylorf2redspin_rejects_invalid_inputs[changes0-masses must be positive]" time="0.001" /><testcase classname="test.waveform.test_taylorf2redspin_torch" name="test_taylorf2redspin_rejects_invalid_inputs[changes1-distance must be positive]" time="0.001" /><testcase classname="test.waveform.test_taylorf2redspin_torch" name="test_taylorf2redspin_rejects_invalid_inputs[changes2-f_ref must be non-negative]" time="0.001" /><testcase classname="test.waveform.test_taylorf2redspin_torch" name="test_taylorf2redspin_rejects_invalid_inputs[changes3-delta_f and f_lower must be positive]" time="0.001" /><testcase classname="test.waveform.test_taylorf2redspin_torch" name="test_taylorf2redspin_rejects_invalid_inputs[changes4-f_final must be non-negative]" time="0.001" /><testcase classname="test.waveform.test_taylorf2redspin_torch" name="test_taylorf2redspin_rejects_invalid_inputs[changes5-component spins]" time="0.001" /><testcase classname="test.waveform.test_taylorf2redspin_torch" name="test_tidal_model_validates_effective_not_individual_spin" time="0.001" /><testcase classname="test.waveform.test_taylorf2redspin_torch" name="test_sequence_unsupported_options_reach_lal_by_default[TaylorF2RedSpin-unsupported0]" time="0.001" /><testcase classname="test.waveform.test_taylorf2redspin_torch" name="test_sequence_unsupported_options_reach_lal_by_default[TaylorF2RedSpinTidal-unsupported1]" time="0.001" /><testcase classname="test.waveform.test_taylorf2redspin_torch" name="test_default_cutoff_is_schwarzschild_isco" time="0.001" /><testcase classname="test.waveform.test_taylorf2redspin_torch" name="test_taylorf2redspin_default_native_opt_out_reaches_lal[global-False-regular-SimInspiralChooseFDWaveform-TaylorF2RedSpin-extra0]" time="0.001" /><testcase classname="test.waveform.test_taylorf2redspin_torch" name="test_taylorf2redspin_default_native_opt_out_reaches_lal[global-False-regular-SimInspiralChooseFDWaveform-TaylorF2RedSpinTidal-extra1]" time="0.001" /><testcase classname="test.waveform.test_taylorf2redspin_torch" name="test_taylorf2redspin_default_native_opt_out_reaches_lal[global-False-sequence-SimInspiralChooseFDWaveformSequence-TaylorF2RedSpin-extra0]" time="0.001" /><testcase classname="test.waveform.test_taylorf2redspin_torch" name="test_taylorf2redspin_default_native_opt_out_reaches_lal[global-False-sequence-SimInspiralChooseFDWaveformSequence-TaylorF2RedSpinTidal-extra1]" time="0.001" /><testcase classname="test.waveform.test_taylorf2redspin_torch" name="test_taylorf2redspin_default_native_opt_out_reaches_lal[component-True-regular-SimInspiralChooseFDWaveform-TaylorF2RedSpin-extra0]" time="0.001" /><testcase classname="test.waveform.test_taylorf2redspin_torch" name="test_taylorf2redspin_default_native_opt_out_reaches_lal[component-True-regular-SimInspiralChooseFDWaveform-TaylorF2RedSpinTidal-extra1]" time="0.001" /><testcase classname="test.waveform.test_taylorf2redspin_torch" name="test_taylorf2redspin_default_native_opt_out_reaches_lal[component-True-sequence-SimInspiralChooseFDWaveformSequence-TaylorF2RedSpin-extra0]" time="0.001" /><testcase classname="test.waveform.test_taylorf2redspin_torch" name="test_taylorf2redspin_default_native_opt_out_reaches_lal[component-True-sequence-SimInspiralChooseFDWaveformSequence-TaylorF2RedSpinTidal-extra1]" time="0.001" /><testcase classname="test.waveform.test_taylorf2redspin_torch" name="test_environment_key_list_is_complete" time="0.000" /><testcase classname="test.waveform.test_taylorf2redspin_torch" name="test_mps_phase_precision_fallback_preserves_public_waveforms[0.2-0.2-cpu-regular-TaylorF2RedSpin]" time="0.001"><skipped type="pytest.skip" message="Torch MPS device is unavailable">/home/xangma/pycbc-torch-performance-fix-20260906/candidate/test/waveform/test_taylorf2redspin_torch.py:791: Torch MPS device is unavailable</skipped></testcase><testcase classname="test.waveform.test_taylorf2redspin_torch" name="test_mps_phase_precision_fallback_preserves_public_waveforms[0.2-0.2-cpu-regular-TaylorF2RedSpinTidal]" time="0.001"><skipped type="pytest.skip" message="Torch MPS device is unavailable">/home/xangma/pycbc-torch-performance-fix-20260906/candidate/test/waveform/test_taylorf2redspin_torch.py:791: Torch MPS device is unavailable</skipped></testcase><testcase classname="test.waveform.test_taylorf2redspin_torch" name="test_mps_phase_precision_fallback_preserves_public_waveforms[0.2-0.2-cpu-sequence-TaylorF2RedSpin]" time="0.001"><skipped type="pytest.skip" message="Torch MPS device is unavailable">/home/xangma/pycbc-torch-performance-fix-20260906/candidate/test/waveform/test_taylorf2redspin_torch.py:791: Torch MPS device is unavailable</skipped></testcase><testcase classname="test.waveform.test_taylorf2redspin_torch" name="test_mps_phase_precision_fallback_preserves_public_waveforms[0.2-0.2-cpu-sequence-TaylorF2RedSpinTidal]" time="0.001"><skipped type="pytest.skip" message="Torch MPS device is unavailable">/home/xangma/pycbc-torch-performance-fix-20260906/candidate/test/waveform/test_taylorf2redspin_torch.py:791: Torch MPS device is unavailable</skipped></testcase><testcase classname="test.waveform.test_taylorf2redspin_torch" name="test_mps_phase_precision_fallback_preserves_public_waveforms[1.4-1.4-cpu-regular-TaylorF2RedSpin]" time="0.001"><skipped type="pytest.skip" message="Torch MPS device is unavailable">/home/xangma/pycbc-torch-performance-fix-20260906/candidate/test/waveform/test_taylorf2redspin_torch.py:791: Torch MPS device is unavailable</skipped></testcase><testcase classname="test.waveform.test_taylorf2redspin_torch" name="test_mps_phase_precision_fallback_preserves_public_waveforms[1.4-1.4-cpu-regular-TaylorF2RedSpinTidal]" time="0.001"><skipped type="pytest.skip" message="Torch MPS device is unavailable">/home/xangma/pycbc-torch-performance-fix-20260906/candidate/test/waveform/test_taylorf2redspin_torch.py:791: Torch MPS device is unavailable</skipped></testcase><testcase classname="test.waveform.test_taylorf2redspin_torch" name="test_mps_phase_precision_fallback_preserves_public_waveforms[1.4-1.4-cpu-sequence-TaylorF2RedSpin]" time="0.001"><skipped type="pytest.skip" message="Torch MPS device is unavailable">/home/xangma/pycbc-torch-performance-fix-20260906/candidate/test/waveform/test_taylorf2redspin_torch.py:791: Torch MPS device is unavailable</skipped></testcase><testcase classname="test.waveform.test_taylorf2redspin_torch" name="test_mps_phase_precision_fallback_preserves_public_waveforms[1.4-1.4-cpu-sequence-TaylorF2RedSpinTidal]" time="0.001"><skipped type="pytest.skip" message="Torch MPS device is unavailable">/home/xangma/pycbc-torch-performance-fix-20260906/candidate/test/waveform/test_taylorf2redspin_torch.py:791: Torch MPS device is unavailable</skipped></testcase><testcase classname="test.waveform.test_taylorf2redspin_torch" name="test_mps_phase_precision_fallback_preserves_public_waveforms[20.0-20.0-mps-regular-TaylorF2RedSpin]" time="0.001"><skipped type="pytest.skip" message="Torch MPS device is unavailable">/home/xangma/pycbc-torch-performance-fix-20260906/candidate/test/waveform/test_taylorf2redspin_torch.py:791: Torch MPS device is unavailable</skipped></testcase><testcase classname="test.waveform.test_taylorf2redspin_torch" name="test_mps_phase_precision_fallback_preserves_public_waveforms[20.0-20.0-mps-regular-TaylorF2RedSpinTidal]" time="0.001"><skipped type="pytest.skip" message="Torch MPS device is unavailable">/home/xangma/pycbc-torch-performance-fix-20260906/candidate/test/waveform/test_taylorf2redspin_torch.py:791: Torch MPS device is unavailable</skipped></testcase><testcase classname="test.waveform.test_taylorf2redspin_torch" name="test_mps_phase_precision_fallback_preserves_public_waveforms[20.0-20.0-mps-sequence-TaylorF2RedSpin]" time="0.001"><skipped type="pytest.skip" message="Torch MPS device is unavailable">/home/xangma/pycbc-torch-performance-fix-20260906/candidate/test/waveform/test_taylorf2redspin_torch.py:791: Torch MPS device is unavailable</skipped></testcase><testcase classname="test.waveform.test_taylorf2redspin_torch" name="test_mps_phase_precision_fallback_preserves_public_waveforms[20.0-20.0-mps-sequence-TaylorF2RedSpinTidal]" time="0.001"><skipped type="pytest.skip" message="Torch MPS device is unavailable">/home/xangma/pycbc-torch-performance-fix-20260906/candidate/test/waveform/test_taylorf2redspin_torch.py:791: Torch MPS device is unavailable</skipped></testcase><testcase classname="test.waveform.test_taylorf2redspin_torch" name="test_mps_phase_precision_fallback_preserves_public_waveforms[39.0-1.0-cpu-regular-TaylorF2RedSpin]" time="0.001"><skipped type="pytest.skip" message="Torch MPS device is unavailable">/home/xangma/pycbc-torch-performance-fix-20260906/candidate/test/waveform/test_taylorf2redspin_torch.py:791: Torch MPS device is unavailable</skipped></testcase><testcase classname="test.waveform.test_taylorf2redspin_torch" name="test_mps_phase_precision_fallback_preserves_public_waveforms[39.0-1.0-cpu-regular-TaylorF2RedSpinTidal]" time="0.001"><skipped type="pytest.skip" message="Torch MPS device is unavailable">/home/xangma/pycbc-torch-performance-fix-20260906/candidate/test/waveform/test_taylorf2redspin_torch.py:791: Torch MPS device is unavailable</skipped></testcase><testcase classname="test.waveform.test_taylorf2redspin_torch" name="test_mps_phase_precision_fallback_preserves_public_waveforms[39.0-1.0-cpu-sequence-TaylorF2RedSpin]" time="0.001"><skipped type="pytest.skip" message="Torch MPS device is unavailable">/home/xangma/pycbc-torch-performance-fix-20260906/candidate/test/waveform/test_taylorf2redspin_torch.py:791: Torch MPS device is unavailable</skipped></testcase><testcase classname="test.waveform.test_taylorf2redspin_torch" name="test_mps_phase_precision_fallback_preserves_public_waveforms[39.0-1.0-cpu-sequence-TaylorF2RedSpinTidal]" time="0.001"><skipped type="pytest.skip" message="Torch MPS device is unavailable">/home/xangma/pycbc-torch-performance-fix-20260906/candidate/test/waveform/test_taylorf2redspin_torch.py:791: Torch MPS device is unavailable</skipped></testcase><testcase classname="test.waveform.test_taylorf2nltides_torch" name="test_taylorf2nltides_public_torch_parity[params0]" time="0.003" /><testcase classname="test.waveform.test_taylorf2nltides_torch" name="test_taylorf2nltides_public_torch_parity[params1]" time="0.002" /><testcase classname="test.waveform.test_taylorf2nltides_torch" name="test_taylorf2nltides_public_torch_parity[params2]" time="0.002" /><testcase classname="test.waveform.test_taylorf2nltides_torch" name="test_taylorf2nltides_parameters_reach_lal" time="0.001" /><testcase classname="test.waveform.test_taylorf2nltides_torch" name="test_taylorf2nltides_public_dispatches_native" time="0.001" /><testcase classname="test.waveform.test_taylorf2nltides_torch" name="test_taylorf2nltides_unsupported_options_use_lal" time="0.001" /><testcase classname="test.waveform.test_taylorf2nltides_torch" name="test_taylorf2nltides_native_support_boundary[changes0-True]" time="0.000" /><testcase classname="test.waveform.test_taylorf2nltides_torch" name="test_taylorf2nltides_native_support_boundary[changes1-False]" time="0.000" /><testcase classname="test.waveform.test_taylorf2nltides_torch" name="test_taylorf2nltides_native_support_boundary[changes2-False]" time="0.000" /><testcase classname="test.waveform.test_taylorf2nltides_torch" name="test_taylorf2nltides_native_support_boundary[changes3-False]" time="0.000" /><testcase classname="test.waveform.test_taylorf2nltides_torch" name="test_taylorf2nltides_native_support_boundary[changes4-False]" time="0.000" /><testcase classname="test.waveform.test_taylorf2nltides_torch" name="test_taylorf2nltides_native_support_boundary[changes5-False]" time="0.001" /><testcase classname="test.waveform.test_taylorf2nltides_torch" name="test_taylorf2nltides_native_support_boundary[changes6-True]" time="0.000" /><testcase classname="test.waveform.test_taylorf2nltides_torch" name="test_taylorf2nltides_native_support_boundary[changes7-False]" time="0.000" /><testcase classname="test.waveform.test_taylorf2nltides_torch" name="test_taylorf2nltides_native_support_boundary[changes8-False]" time="0.000" /><testcase classname="test.waveform.test_taylorf2nltides_torch" name="test_taylorf2nltides_native_support_boundary[changes9-False]" time="0.000" /><testcase classname="test.waveform.test_taylorf2nltides_torch" name="test_taylorf2nltides_sequence_public_parity_and_dispatch" time="0.002" /><testcase classname="test.waveform.test_taylorf2nltides_torch" name="test_taylorf2nltides_sequence_rejects_invalid_frequencies[sample_points0-non-empty vector]" time="0.001" /><testcase classname="test.waveform.test_taylorf2nltides_torch" name="test_taylorf2nltides_sequence_rejects_invalid_frequencies[sample_points1-non-empty vector]" time="0.001" /><testcase classname="test.waveform.test_taylorf2nltides_torch" name="test_taylorf2nltides_sequence_rejects_invalid_frequencies[sample_points2-finite]" time="0.001" /><testcase classname="test.waveform.test_taylorf2nltides_torch" name="test_taylorf2nltides_sequence_rejects_invalid_frequencies[sample_points3-finite]" time="0.001" /><testcase classname="test.waveform.test_taylorf2nltides_torch" name="test_taylorf2nltides_sequence_rejects_invalid_frequencies[sample_points4-positive]" time="0.001" /><testcase classname="test.waveform.test_taylorf2nltides_torch" name="test_taylorf2nltides_sequence_rejects_invalid_frequencies[sample_points5-positive]" time="0.001" /><testcase classname="test.waveform.test_taylorf2nltides_torch" name="test_taylorf2nltides_sequence_unsupported_options_reach_lal" time="0.001" /><testcase classname="test.waveform.test_taylorf2nltides_torch" name="test_taylorf2nltides_sequence_stays_on_requested_device[cpu]" time="0.001" /><testcase classname="test.waveform.test_taylorf2nltides_torch" name="test_taylorf2nltides_sequence_stays_on_requested_device[mps]" time="0.000"><skipped type="pytest.skip" message="Torch MPS device is unavailable">/home/xangma/pycbc-torch-performance-fix-20260906/candidate/test/waveform/test_taylorf2nltides_torch.py:471: Torch MPS device is unavailable</skipped></testcase><testcase classname="test.waveform.test_taylorf2nltides_torch" name="test_taylorf2nltides_sequence_stays_on_requested_device[cuda]" time="0.044" /><testcase classname="test.waveform.test_taylorf2nltides_torch" name="test_taylorf2nltides_public_torch_uses_mps" time="0.000"><skipped type="pytest.skip" message="Torch MPS device is unavailable">/home/xangma/pycbc-torch-performance-fix-20260906/candidate/test/waveform/test_taylorf2nltides_torch.py:500: Torch MPS device is unavailable</skipped></testcase><testcase classname="test.waveform.test_taylorf2nltides_torch" name="test_taylorf2nltides_default_native_opt_out_reaches_lal[PYCBC_TORCH_NATIVE_PORTS-False-regular-SimInspiralChooseFDWaveform]" time="0.001" /><testcase classname="test.waveform.test_taylorf2nltides_torch" name="test_taylorf2nltides_default_native_opt_out_reaches_lal[PYCBC_TORCH_NATIVE_PORTS-False-sequence-SimInspiralChooseFDWaveformSequence]" time="0.001" /><testcase classname="test.waveform.test_taylorf2nltides_torch" name="test_taylorf2nltides_default_native_opt_out_reaches_lal[PYCBC_TAYLORF2NLTIDES_NATIVE-True-regular-SimInspiralChooseFDWaveform]" time="0.001" /><testcase classname="test.waveform.test_taylorf2nltides_torch" name="test_taylorf2nltides_default_native_opt_out_reaches_lal[PYCBC_TAYLORF2NLTIDES_NATIVE-True-sequence-SimInspiralChooseFDWaveformSequence]" time="0.002" /><testcase classname="test.test_nltides_torch" name="test_nltides_numpy_phase_is_finite" time="0.001" /><testcase classname="test.test_nltides_torch" name="test_nltides_torch_phase_matches_numpy[float32]" time="0.001" /><testcase classname="test.test_nltides_torch" name="test_nltides_torch_phase_matches_numpy[float64]" time="0.001" /><testcase classname="test.test_nltides_torch" name="test_nltides_torch_phase_preserves_autograd" time="0.002" /><testcase classname="test.test_nltides_torch" name="test_taylorf2nl_correction_stays_on_torch_device[cpu]" time="0.003" /><testcase classname="test.test_nltides_torch" name="test_taylorf2nl_correction_stays_on_torch_device[cuda]" time="0.014" /><testcase classname="test.test_nltides_torch" name="test_taylorf2nl_correction_stays_on_torch_device[mps]" time="0.001"><skipped type="pytest.skip" message="Torch MPS device is unavailable">/home/xangma/pycbc-torch-performance-fix-20260906/candidate/test/test_nltides_torch.py:115: Torch MPS device is unavailable</skipped></testcase><testcase classname="test.test_torch_gaussian_noise" name="test_numpy_batch_axis_is_explicit_when_it_matches_frequency_length" time="0.001" /><testcase classname="test.test_torch_gaussian_noise" name="test_numpy_batch_path_does_not_import_torch" time="0.001" /><testcase classname="test.test_torch_gaussian_noise" name="test_batched_parameters_require_a_common_sample_length" time="0.001" /><testcase classname="test.test_torch_gaussian_noise" name="test_detector_frame_batch_contract_accepts_torch_parameters" time="0.001" /><testcase classname="test.test_torch_gaussian_noise" name="test_real_batch_matches_scalar_likelihood_and_gradients[numpy]" time="0.715" /><testcase classname="test.test_torch_gaussian_noise" name="test_real_batch_matches_scalar_likelihood_and_gradients[cpu]" time="0.123" /><testcase classname="test.test_torch_gaussian_noise" name="test_real_batch_matches_scalar_likelihood_and_gradients[cuda]" time="0.214" /><testcase classname="test.test_torch_gaussian_noise" name="test_real_batch_waveform_failure_matches_scalar_policy[numpy-False-no_waveform]" time="0.019" /><testcase classname="test.test_torch_gaussian_noise" name="test_real_batch_waveform_failure_matches_scalar_policy[numpy-False-failed]" time="0.018" /><testcase classname="test.test_torch_gaussian_noise" name="test_real_batch_waveform_failure_matches_scalar_policy[numpy-False-runtime]" time="0.018" /><testcase classname="test.test_torch_gaussian_noise" name="test_real_batch_waveform_failure_matches_scalar_policy[numpy-True-no_waveform]" time="0.017" /><testcase classname="test.test_torch_gaussian_noise" name="test_real_batch_waveform_failure_matches_scalar_policy[numpy-True-failed]" time="0.017" /><testcase classname="test.test_torch_gaussian_noise" name="test_real_batch_waveform_failure_matches_scalar_policy[numpy-True-runtime]" time="0.017" /><testcase classname="test.test_torch_gaussian_noise" name="test_real_batch_waveform_failure_matches_scalar_policy[cpu-False-no_waveform]" time="0.018" /><testcase classname="test.test_torch_gaussian_noise" name="test_real_batch_waveform_failure_matches_scalar_policy[cpu-False-failed]" time="0.018" /><testcase classname="test.test_torch_gaussian_noise" name="test_real_batch_waveform_failure_matches_scalar_policy[cpu-False-runtime]" time="0.018" /><testcase classname="test.test_torch_gaussian_noise" name="test_real_batch_waveform_failure_matches_scalar_policy[cpu-True-no_waveform]" time="0.018" /><testcase classname="test.test_torch_gaussian_noise" name="test_real_batch_waveform_failure_matches_scalar_policy[cpu-True-failed]" time="0.018" /><testcase classname="test.test_torch_gaussian_noise" name="test_real_batch_waveform_failure_matches_scalar_policy[cpu-True-runtime]" time="0.018" /><testcase classname="test.test_torch_gaussian_noise" name="test_real_batch_waveform_failure_matches_scalar_policy[cuda-False-no_waveform]" time="0.020" /><testcase classname="test.test_torch_gaussian_noise" name="test_real_batch_waveform_failure_matches_scalar_policy[cuda-False-failed]" time="0.019" /><testcase classname="test.test_torch_gaussian_noise" name="test_real_batch_waveform_failure_matches_scalar_policy[cuda-False-runtime]" time="0.019" /><testcase classname="test.test_torch_gaussian_noise" name="test_real_batch_waveform_failure_matches_scalar_policy[cuda-True-no_waveform]" time="0.019" /><testcase classname="test.test_torch_gaussian_noise" name="test_real_batch_waveform_failure_matches_scalar_policy[cuda-True-failed]" time="0.019" /><testcase classname="test.test_torch_gaussian_noise" name="test_real_batch_waveform_failure_matches_scalar_policy[cuda-True-runtime]" time="0.019" /><testcase classname="test.test_torch_gaussian_noise" name="test_real_batch_rejects_configured_transforms[numpy-sampling_transforms]" time="0.016" /><testcase classname="test.test_torch_gaussian_noise" name="test_real_batch_rejects_configured_transforms[numpy-waveform_transforms]" time="0.016" /><testcase classname="test.test_torch_gaussian_noise" name="test_real_batch_rejects_configured_transforms[cpu-sampling_transforms]" time="0.017" /><testcase classname="test.test_torch_gaussian_noise" name="test_real_batch_rejects_configured_transforms[cpu-waveform_transforms]" time="0.017" /><testcase classname="test.test_torch_gaussian_noise" name="test_real_batch_rejects_configured_transforms[cuda-sampling_transforms]" time="0.018" /><testcase classname="test.test_torch_gaussian_noise" name="test_real_batch_rejects_configured_transforms[cuda-waveform_transforms]" time="0.018" /><testcase classname="test.test_torch_gaussian_noise" name="test_batch_failure_with_integer_tensor_angles[numpy]" time="0.016" /><testcase classname="test.test_torch_gaussian_noise" name="test_batch_failure_with_integer_tensor_angles[cpu]" time="0.017"><skipped type="pytest.skip" message="Exercises tensor parameters with host-backed data">/home/xangma/pycbc-torch-performance-fix-20260906/candidate/test/test_torch_gaussian_noise.py:347: Exercises tensor parameters with host-backed data</skipped></testcase><testcase classname="test.test_torch_gaussian_noise" name="test_batch_failure_with_integer_tensor_angles[cuda]" time="0.018"><skipped type="pytest.skip" message="Exercises tensor parameters with host-backed data">/home/xangma/pycbc-torch-performance-fix-20260906/candidate/test/test_torch_gaussian_noise.py:347: Exercises tensor parameters with host-backed data</skipped></testcase><testcase classname="test.test_torch_relative_binning" name="test_batched_likelihood_matches_scalar_evaluation[cpu]" time="0.007" /><testcase classname="test.test_torch_relative_binning" name="test_batched_likelihood_matches_scalar_evaluation[cuda]" time="0.022" /><testcase classname="test.test_torch_relative_binning" name="test_public_detector_fallback_uses_tensors_and_keeps_gradients[cpu]" time="0.001" /><testcase classname="test.test_torch_relative_binning" name="test_public_detector_fallback_uses_tensors_and_keeps_gradients[cuda]" time="0.001" /><testcase classname="test.test_torch_relative_binning" name="test_earth_rotation_response_matches_public_detector_geometry[cpu]" time="0.007" /><testcase classname="test.test_torch_relative_binning" name="test_earth_rotation_response_matches_public_detector_geometry[cuda]" time="0.008" /><testcase classname="test.test_torch_relative_binning" name="test_detector_response_preserves_overrides_and_public_backend_values[cpu-subclass]" time="0.003" /><testcase classname="test.test_torch_relative_binning" name="test_detector_response_preserves_overrides_and_public_backend_values[cpu-instance]" time="0.003" /><testcase classname="test.test_torch_relative_binning" name="test_detector_response_preserves_overrides_and_public_backend_values[cuda-subclass]" time="0.004" /><testcase classname="test.test_torch_relative_binning" name="test_detector_response_preserves_overrides_and_public_backend_values[cuda-instance]" time="0.004" /><testcase classname="test.test_torch_relative_binning" name="test_summary_product_keeps_batch_dimensions[cpu]" time="0.002" /><testcase classname="test.test_torch_relative_binning" name="test_summary_product_keeps_batch_dimensions[cuda]" time="0.162" /><testcase classname="test.test_torch_relative_binning" name="test_time_series_wrapper_preserves_storage_and_metadata[cpu]" time="0.001" /><testcase classname="test.test_torch_relative_binning" name="test_time_series_wrapper_preserves_storage_and_metadata[cuda]" time="0.001" /><testcase classname="test.test_torch_marginalized_gaussian" name="test_fixed_marginalization_grids_and_phase_factors_are_cached" time="0.001" /><testcase classname="test.test_torch_marginalized_gaussian" name="test_explicit_phase_values_are_distinct_and_differentiable" time="0.001" /><testcase classname="test.test_torch_marginalized_gaussian" name="test_batched_phase_marginalization_stays_on_torch" time="0.001" /><testcase classname="test.test_torch_inference_core" name="test_model_statistics_stay_on_device_and_keep_gradients[False]" time="0.001" /><testcase classname="test.test_torch_inference_core" name="test_model_statistics_stay_on_device_and_keep_gradients[True]" time="0.002" /><testcase classname="test.test_torch_inference_core" name="test_nan_validation_uses_the_device_tensor" time="0.001" /><testcase classname="test.test_torch_inference_core" name="test_scalar_helpers_use_public_backend_storage[False]" time="0.001" /><testcase classname="test.test_torch_inference_core" name="test_scalar_helpers_use_public_backend_storage[True]" time="0.002" /><testcase classname="test.test_torch_inference_tools" name="test_numpy_subset_uses_the_model_generator" time="0.001" /><testcase classname="test.test_torch_inference_tools" name="test_numpy_helpers_do_not_import_torch_backend" time="0.460" /><testcase classname="test.test_torch_inference_tools" name="test_torch_dispatch_matches_numpy_and_preserves_gradients" time="0.002" /><testcase classname="test.test_torch_inference_tools" name="test_public_backend_protocol_and_frequency_lookup" time="0.001" /><testcase classname="test.test_torch_inference_cli" name="test_fft_backend_is_configured_inside_scheme_context" time="0.003" /></testsuite></testsuites>