<?xml version="1.0" encoding="utf-8"?><testsuites name="pytest tests"><testsuite name="pytest" errors="0" failures="0" skipped="65" tests="719" time="23.498" timestamp="2026-09-06T16:51:54.139365+01:00" hostname="len"><testcase classname="test.test_torch_batch_overlap_scaling" name="test_overlap_boundaries[inputs0-addresses0-8-True]" time="0.001" /><testcase classname="test.test_torch_batch_overlap_scaling" name="test_overlap_boundaries[inputs1-addresses1-8-True]" time="0.001" /><testcase classname="test.test_torch_batch_overlap_scaling" name="test_overlap_boundaries[inputs2-addresses2-8-True]" time="0.001" /><testcase classname="test.test_torch_batch_overlap_scaling" name="test_overlap_boundaries[inputs3-addresses3-8-False]" time="0.001" /><testcase classname="test.test_torch_batch_overlap_scaling" name="test_overlap_boundaries[inputs4-addresses4-8-False]" time="0.001" /><testcase classname="test.test_torch_batch_overlap_scaling" name="test_overlap_boundaries[inputs5-addresses5-8-False]" time="0.001" /><testcase classname="test.test_torch_batch_overlap_scaling" name="test_overlap_boundaries[inputs6-addresses6-8-False]" time="0.001" /><testcase classname="test.test_torch_batch_overlap_scaling" name="test_overlap_boundaries[inputs7-addresses7-8-False]" time="0.001" /><testcase classname="test.test_torch_batch_overlap_scaling" name="test_overlap_boundaries[inputs8-addresses8-0-True]" time="0.001" /><testcase classname="test.test_torch_batch_overlap_scaling" name="test_overlap_boundaries[inputs9-addresses9-0-False]" time="0.001" /><testcase classname="test.test_torch_batch_overlap_scaling" name="test_overlap_boundaries[inputs10-addresses10-8-False]" time="0.001" /><testcase classname="test.test_torch_batch_overlap_scaling" name="test_overlap_boundaries[inputs11-addresses11-8-True]" time="0.001" /><testcase classname="test.test_torch_batch_overlap_scaling" name="test_overlap_boundaries[inputs12-addresses12-0-True]" time="0.001" /><testcase classname="test.test_torch_batch_overlap_scaling" name="test_randomized_overlap_matches_quadratic_oracle" time="0.086" /><testcase classname="test.test_torch_batch_overlap_scaling" name="test_output_storage_mutation_is_rechecked" time="0.001" /><testcase classname="test.test_torch_batch_overlap_scaling" name="test_large_disjoint_batch_has_subquadratic_address_comparisons" time="0.007" /><testcase classname="test.test_live_batch_torch_peaks" name="test_cpu_peak_components_preserve_exact_reduction[1-complex64]" time="0.066" /><testcase classname="test.test_live_batch_torch_peaks" name="test_cpu_peak_components_preserve_exact_reduction[1-complex128]" time="0.001" /><testcase classname="test.test_live_batch_torch_peaks" name="test_cpu_peak_components_preserve_exact_reduction[32-complex64]" time="0.002" /><testcase classname="test.test_live_batch_torch_peaks" name="test_cpu_peak_components_preserve_exact_reduction[32-complex128]" time="0.002" /><testcase classname="test.test_live_batch_torch_peaks" name="test_cpu_peak_components_preserve_exact_reduction[1024-complex64]" time="0.042" /><testcase classname="test.test_live_batch_torch_peaks" name="test_cpu_peak_components_preserve_exact_reduction[1024-complex128]" time="0.046" /><testcase classname="test.test_live_batch_torch_peaks" name="test_live_batch_torch_peak_reduction_preserves_boundaries[cpu]" time="0.002" /><testcase classname="test.test_live_batch_torch_peaks" name="test_live_batch_torch_peak_reduction_preserves_boundaries[cuda]" time="0.259" /><testcase classname="test.test_live_batch_torch_peaks" name="test_live_batch_torch_peak_reduction_preserves_abort[cpu]" time="0.002" /><testcase classname="test.test_live_batch_torch_peaks" name="test_live_batch_torch_peak_reduction_preserves_abort[cuda]" time="0.002" /><testcase classname="test.test_live_batch_torch_peaks" name="test_live_batch_torch_batch_magnitudes_match_scalar_contract" time="0.001" /><testcase classname="test.test_live_batch_torch_peaks" name="test_live_batch_torch_off_axis_threshold_matches_scalar_path[cpu]" time="0.003" /><testcase classname="test.test_live_batch_torch_peaks" name="test_live_batch_torch_off_axis_threshold_matches_scalar_path[cuda]" time="0.003" /><testcase classname="test.test_live_batch_torch_peaks" name="test_live_batch_torch_batch_magnitudes_are_scalar_exact" time="0.022" /><testcase classname="test.test_live_batch_torch_peaks" name="test_live_batch_torch_batch_magnitudes_active_for_all_sizes[cpu]" time="0.002" /><testcase classname="test.test_live_batch_torch_peaks" name="test_live_batch_torch_batch_magnitudes_active_for_all_sizes[cuda]" time="0.002" /><testcase classname="test.test_live_batch_torch_peaks" name="test_live_batch_torch_batch_magnitude_none_keeps_scalar_fallback[cpu]" time="0.002" /><testcase classname="test.test_live_batch_torch_peaks" name="test_live_batch_torch_batch_magnitude_none_keeps_scalar_fallback[cuda]" time="0.002" /><testcase classname="test.test_live_batch_torch_peaks" name="test_live_batch_torch_batch_magnitudes_preserve_exception_order[cpu]" time="0.001" /><testcase classname="test.test_live_batch_torch_peaks" name="test_live_batch_torch_batch_magnitudes_preserve_exception_order[cuda]" time="0.002" /><testcase classname="test.test_live_batch_torch_peaks" name="test_live_batch_torch_batch_threshold_at_measured_crossover[cpu]" time="0.002" /><testcase classname="test.test_live_batch_torch_peaks" name="test_live_batch_torch_batch_threshold_at_measured_crossover[cuda]" time="0.002" /><testcase classname="test.test_live_batch_torch_peaks" name="test_live_batch_torch_peak_results_survive_workspace_reuse[cpu]" time="0.001" /><testcase classname="test.test_live_batch_torch_peaks" name="test_live_batch_torch_peak_results_survive_workspace_reuse[cuda]" time="0.008" /><testcase classname="test.test_live_batch_torch_peaks" name="test_live_batch_cpu_storage_keeps_legacy_peak_path" time="0.002" /><testcase classname="test.test_live_batch_torch_peaks" name="test_live_batch_power_matrices_init" time="0.011" /><testcase classname="test.test_live_batch_torch_peaks" name="test_live_batch_power_matrices_not_built_for_numpy" time="0.017" /><testcase classname="test.test_live_batch_torch_peaks" name="test_live_batch_vectorized_sigmasq_and_caching[cpu]" time="0.005" /><testcase classname="test.test_live_batch_torch_peaks" name="test_live_batch_vectorized_sigmasq_and_caching[cuda]" time="0.006" /><testcase classname="test.test_live_batch_torch_peaks" name="test_live_batch_vectorized_sigmasq_cache_bounding" time="0.018" /><testcase classname="test.test_live_batch_torch_peaks" name="test_live_batch_vectorized_sigmasq_fallback" time="0.001" /><testcase classname="test.test_live_batch_torch_peaks" name="test_torch_batch_peak_and_threshold_gpu_unit[cpu]" time="0.002" /><testcase classname="test.test_live_batch_torch_peaks" name="test_torch_batch_peak_and_threshold_gpu_unit[cuda]" time="0.520" /><testcase classname="test.test_live_batch_torch_peaks" name="test_live_batch_ondevice_peaks_integration[cpu]" time="0.003" /><testcase classname="test.test_live_batch_torch_peaks" name="test_live_batch_ondevice_peaks_integration[cuda]" time="0.063" /><testcase classname="test.test_live_batch_torch_peaks" name="test_live_batch_inference_mode_active_during_search_processing" time="0.001" /><testcase classname="test.test_live_batch_torch_peaks" name="test_live_batch_async_streams_flag_initialization" time="0.001" /><testcase classname="test.test_live_batch_torch_peaks" name="test_live_batch_async_streams_double_buffering_pipeline[frequencyseries]" time="0.002" /><testcase classname="test.test_live_batch_torch_peaks" name="test_live_batch_async_streams_double_buffering_pipeline[backend_protocol]" time="0.001" /><testcase classname="test.test_torch_cuda_native_batch" name="test_cuda_batch_correlation_gate_is_strict_and_default_off" time="0.055" /><testcase classname="test.test_torch_cuda_native_batch" name="test_cuda_native_batch_correlation_is_zero_copy_exact_and_reusable" time="0.003" /><testcase classname="test.test_torch_cuda_native_batch" name="test_cuda_native_batch_correlation_refreshes_nonuniform_inputs" time="0.011" /><testcase classname="test.test_torch_cuda_native_batch" name="test_cuda_native_batch_correlation_drift_fails_closed[x_rebind]" time="0.002" /><testcase classname="test.test_torch_cuda_native_batch" name="test_cuda_native_batch_correlation_drift_fails_closed[z_rebind]" time="0.002" /><testcase classname="test.test_torch_cuda_native_batch" name="test_cuda_native_batch_correlation_drift_fails_closed[pid]" time="0.002" /><testcase classname="test.test_torch_cuda_native_batch" name="test_cuda_native_batch_correlation_drift_fails_closed[thread]" time="0.002" /><testcase classname="test.test_torch_cuda_native_batch" name="test_cuda_native_batch_correlation_accepts_dynamic_y_and_recovers" time="0.019" /><testcase classname="test.test_torch_cuda_native_batch" name="test_cuda_native_batch_correlation_dynamic_ad_y_uses_torch" time="0.002" /><testcase classname="test.test_torch_cuda_native_batch" name="test_cuda_native_batch_correlation_does_not_change_single_batch" time="0.001" /><testcase classname="test.test_torch_cuda_native_batch" name="test_cuda_native_batch_correlation_rejects_unsafe_tensor_contracts[noncontiguous]" time="0.002" /><testcase classname="test.test_torch_cuda_native_batch" name="test_cuda_native_batch_correlation_rejects_unsafe_tensor_contracts[subclass]" time="0.002" /><testcase classname="test.test_torch_cuda_native_batch" name="test_cuda_native_batch_correlation_rejects_unsafe_tensor_contracts[non_uniform_stride]" time="0.002" /><testcase classname="test.test_torch_cuda_native_batch" name="test_cuda_native_batch_correlation_rejects_output_alias" time="0.001" /><testcase classname="test.test_torch_cuda_native_batch" name="test_cuda_native_batch_correlation_stream_safety" time="0.004" /><testcase classname="test.test_torch_cpu_native_batch" name="test_batch_correlation_gate_is_strict_and_default_off" time="0.002" /><testcase classname="test.test_torch_cpu_native_batch" name="test_native_batch_correlation_is_zero_copy_exact_and_reusable" time="0.042" /><testcase classname="test.test_torch_cpu_native_batch" name="test_native_batch_correlation_drift_fails_closed[x_rebind]" time="0.001" /><testcase classname="test.test_torch_cpu_native_batch" name="test_native_batch_correlation_drift_fails_closed[z_rebind]" time="0.001" /><testcase classname="test.test_torch_cpu_native_batch" name="test_native_batch_correlation_drift_fails_closed[pid]" time="0.001" /><testcase classname="test.test_torch_cpu_native_batch" name="test_native_batch_correlation_drift_fails_closed[thread]" time="0.001" /><testcase classname="test.test_torch_cpu_native_batch" name="test_native_batch_correlation_drift_fails_closed[openmp]" time="0.001" /><testcase classname="test.test_torch_cpu_native_batch" name="test_native_batch_correlation_drift_fails_closed[epoch]" time="0.001" /><testcase classname="test.test_torch_cpu_native_batch" name="test_native_batch_rechecks_inplace_tensor_metadata[stride-x-cpu]" time="0.485" /><testcase classname="test.test_torch_cpu_native_batch" name="test_native_batch_rechecks_inplace_tensor_metadata[stride-x-cuda]" time="0.042" /><testcase classname="test.test_torch_cpu_native_batch" name="test_native_batch_rechecks_inplace_tensor_metadata[stride-y-cpu]" time="0.002" /><testcase classname="test.test_torch_cpu_native_batch" name="test_native_batch_rechecks_inplace_tensor_metadata[stride-y-cuda]" time="0.003" /><testcase classname="test.test_torch_cpu_native_batch" name="test_native_batch_rechecks_inplace_tensor_metadata[stride-z-cpu]" time="0.002" /><testcase classname="test.test_torch_cpu_native_batch" name="test_native_batch_rechecks_inplace_tensor_metadata[stride-z-cuda]" time="0.003" /><testcase classname="test.test_torch_cpu_native_batch" name="test_native_batch_rechecks_inplace_tensor_metadata[rank-x-cpu]" time="0.001" /><testcase classname="test.test_torch_cpu_native_batch" name="test_native_batch_rechecks_inplace_tensor_metadata[rank-x-cuda]" time="0.002" /><testcase classname="test.test_torch_cpu_native_batch" name="test_native_batch_rechecks_inplace_tensor_metadata[rank-y-cpu]" time="0.001" /><testcase classname="test.test_torch_cpu_native_batch" name="test_native_batch_rechecks_inplace_tensor_metadata[rank-y-cuda]" time="0.002" /><testcase classname="test.test_torch_cpu_native_batch" name="test_native_batch_rechecks_inplace_tensor_metadata[rank-z-cpu]" time="0.001" /><testcase classname="test.test_torch_cpu_native_batch" name="test_native_batch_rechecks_inplace_tensor_metadata[rank-z-cuda]" time="0.002" /><testcase classname="test.test_torch_cpu_native_batch" name="test_native_batch_rechecks_inplace_tensor_metadata[length-x-cpu]" time="0.001" /><testcase classname="test.test_torch_cpu_native_batch" name="test_native_batch_rechecks_inplace_tensor_metadata[length-x-cuda]" time="0.002" /><testcase classname="test.test_torch_cpu_native_batch" name="test_native_batch_rechecks_inplace_tensor_metadata[length-y-cpu]" time="0.001" /><testcase classname="test.test_torch_cpu_native_batch" name="test_native_batch_rechecks_inplace_tensor_metadata[length-y-cuda]" time="0.002" /><testcase classname="test.test_torch_cpu_native_batch" name="test_native_batch_rechecks_inplace_tensor_metadata[length-z-cpu]" time="0.001" /><testcase classname="test.test_torch_cpu_native_batch" name="test_native_batch_rechecks_inplace_tensor_metadata[length-z-cuda]" time="0.002" /><testcase classname="test.test_torch_cpu_native_batch" name="test_native_batch_rechecks_inplace_tensor_metadata[autograd-x-cpu]" time="0.001" /><testcase classname="test.test_torch_cpu_native_batch" name="test_native_batch_rechecks_inplace_tensor_metadata[autograd-x-cuda]" time="0.002" /><testcase classname="test.test_torch_cpu_native_batch" name="test_native_batch_rechecks_inplace_tensor_metadata[autograd-y-cpu]" time="0.001" /><testcase classname="test.test_torch_cpu_native_batch" name="test_native_batch_rechecks_inplace_tensor_metadata[autograd-y-cuda]" time="0.002" /><testcase classname="test.test_torch_cpu_native_batch" name="test_native_batch_rechecks_inplace_tensor_metadata[autograd-z-cpu]" time="0.001" /><testcase classname="test.test_torch_cpu_native_batch" name="test_native_batch_rechecks_inplace_tensor_metadata[autograd-z-cuda]" time="0.002" /><testcase classname="test.test_torch_cpu_native_batch" name="test_native_batch_correlation_accepts_dynamic_y_and_recovers" time="0.002" /><testcase classname="test.test_torch_cpu_native_batch" name="test_native_batch_correlation_dynamic_ad_y_uses_torch" time="0.001" /><testcase classname="test.test_torch_cpu_native_batch" name="test_batch_correlation_dynamic_ad_y_preserves_outputs[False-False]" time="0.002" /><testcase classname="test.test_torch_cpu_native_batch" name="test_batch_correlation_dynamic_ad_y_preserves_outputs[False-True]" time="0.002" /><testcase classname="test.test_torch_cpu_native_batch" name="test_batch_correlation_dynamic_ad_y_preserves_outputs[True-False]" time="0.002" /><testcase classname="test.test_torch_cpu_native_batch" name="test_batch_correlation_dynamic_ad_y_preserves_outputs[True-True]" time="0.002" /><testcase classname="test.test_torch_cpu_native_batch" name="test_native_batch_correlation_does_not_change_single_batch" time="0.001" /><testcase classname="test.test_torch_cpu_native_batch" name="test_native_batch_correlation_real_thread_and_fork_decline" time="0.067" /><testcase classname="test.test_torch_cpu_native_batch" name="test_native_batch_correlation_rejects_unsafe_tensor_contracts[unaligned]" time="0.002" /><testcase classname="test.test_torch_cpu_native_batch" name="test_native_batch_correlation_rejects_unsafe_tensor_contracts[noncontiguous]" time="0.001" /><testcase classname="test.test_torch_cpu_native_batch" name="test_native_batch_correlation_rejects_unsafe_tensor_contracts[subclass]" time="0.001" /><testcase classname="test.test_torch_cpu_native_batch" name="test_native_batch_correlation_rejects_output_alias" time="0.001" /><testcase classname="test.test_torch_cpu_native_batch" name="test_native_batch_correlation_preserves_ad_and_inference_dispatch" time="0.291" /><testcase classname="test.test_torch_cpu_native_batch" name="test_native_batch_correlation_setup_failure_uses_torch" time="0.001" /><testcase classname="test.test_torch_cpu_native_batch" name="test_native_batch_correlation_2d_packed_layout" time="0.001" /><testcase classname="test.test_torch_cpu_native_batch" name="test_torch_batch_correlation_2d_packed_layout_default" time="0.001" /><testcase classname="test.test_torch_cpu_native_batch" name="test_torch_batch_nonuniform_cache_tracks_in_place_mutation" time="0.001" /><testcase classname="test.test_torch_cuda_native_peaks" name="test_cuda_native_batch_peak_is_exact_legacy_semantics" time="0.022" /><testcase classname="test.test_torch_cuda_native_peaks" name="test_cuda_native_batch_peak_gate_is_strict_default_off_and_corrects_nan" time="0.002" /><testcase classname="test.test_torch_cuda_native_peaks" name="test_cuda_native_batch_peak_does_not_change_single_batch" time="0.001" /><testcase classname="test.test_torch_cuda_native_peaks" name="test_cuda_native_batch_peak_stream_safety" time="0.002" /><testcase classname="test.test_torch_cuda_native_peaks" name="test_standard_peak_tensor_direct" time="0.001" /><testcase classname="test.test_torch_matchedfilter_cpu_optimization" name="test_reusable_cpu_native_correlation_is_zero_copy_and_matches_cpu" time="0.002" /><testcase classname="test.test_torch_matchedfilter_cpu_optimization" name="test_reusable_correlator_avoids_native_one_thread_regression" time="0.005" /><testcase classname="test.test_torch_matchedfilter_cpu_optimization" name="test_reusable_correlator_selects_thread_crossover_once" time="0.003" /><testcase classname="test.test_torch_matchedfilter_cpu_optimization" name="test_openmp_runtime_resolution_is_cached" time="0.038" /><testcase classname="test.test_torch_matchedfilter_cpu_optimization" name="test_torch_route_defers_numpy_views_and_reuses_lazy_conjugate" time="0.042" /><testcase classname="test.test_torch_matchedfilter_cpu_optimization" name="test_reusable_native_correlator_rechecks_cached_views[stride-x]" time="0.001" /><testcase classname="test.test_torch_matchedfilter_cpu_optimization" name="test_reusable_native_correlator_rechecks_cached_views[stride-y]" time="0.001" /><testcase classname="test.test_torch_matchedfilter_cpu_optimization" name="test_reusable_native_correlator_rechecks_cached_views[stride-z]" time="0.001" /><testcase classname="test.test_torch_matchedfilter_cpu_optimization" name="test_reusable_native_correlator_rechecks_cached_views[pointer-x]" time="0.001" /><testcase classname="test.test_torch_matchedfilter_cpu_optimization" name="test_reusable_native_correlator_rechecks_cached_views[pointer-y]" time="0.001" /><testcase classname="test.test_torch_matchedfilter_cpu_optimization" name="test_reusable_native_correlator_rechecks_cached_views[pointer-z]" time="0.001" /><testcase classname="test.test_torch_matchedfilter_cpu_optimization" name="test_reusable_native_correlator_rechecks_cached_views[length-x]" time="0.001" /><testcase classname="test.test_torch_matchedfilter_cpu_optimization" name="test_reusable_native_correlator_rechecks_cached_views[length-y]" time="0.001" /><testcase classname="test.test_torch_matchedfilter_cpu_optimization" name="test_reusable_native_correlator_rechecks_cached_views[length-z]" time="0.001" /><testcase classname="test.test_torch_matchedfilter_cpu_optimization" name="test_reusable_torch_correlator_refreshes_inplace_metadata" time="0.001" /><testcase classname="test.test_torch_matchedfilter_cpu_optimization" name="test_reusable_correlator_rechecks_reverse_ad_at_execution" time="0.003" /><testcase classname="test.test_torch_matchedfilter_cpu_optimization" name="test_reusable_correlator_rechecks_forward_ad_at_execution" time="0.003" /><testcase classname="test.test_torch_matchedfilter_cpu_optimization" name="test_reusable_cpu_native_rejects_nonstandard_inputs[autograd]" time="0.001" /><testcase classname="test.test_torch_matchedfilter_cpu_optimization" name="test_reusable_cpu_native_rejects_nonstandard_inputs[complex128]" time="0.001" /><testcase classname="test.test_torch_matchedfilter_cpu_optimization" name="test_reusable_cpu_native_rejects_nonstandard_inputs[strided]" time="0.001" /><testcase classname="test.test_torch_matchedfilter_cpu_optimization" name="test_reusable_cpu_native_rejects_nonstandard_inputs[conj]" time="0.001" /><testcase classname="test.test_torch_matchedfilter_cpu_optimization" name="test_reusable_cpu_native_rejects_negative_bit_view" time="0.001" /><testcase classname="test.test_torch_matchedfilter_cpu_optimization" name="test_cpu_native_crossover_is_conservative" time="0.000" /><testcase classname="test.test_torch_matchedfilter_cpu_optimization" name="test_cpu_native_static_eligibility_enforces_abi_and_no_alias" time="0.001" /><testcase classname="test.test_torch_matchedfilter_cpu_optimization" name="test_functional_and_batch_correlation_remain_on_torch" time="0.001" /><testcase classname="test.test_live_batch_torch_fft_integration" name="test_live_batch_uses_real_batched_ifft_without_resizing[cpu]" time="0.003" /><testcase classname="test.test_live_batch_torch_fft_integration" name="test_live_batch_uses_real_batched_ifft_without_resizing[cuda]" time="0.006" /><testcase classname="test.test_live_batch_torch_fft_integration" name="test_live_batch_correlator_preserves_autograd_rejection[cpu]" time="0.002" /><testcase classname="test.test_live_batch_torch_fft_integration" name="test_live_batch_correlator_preserves_autograd_rejection[cuda]" time="0.002" /><testcase classname="test.test_live_batch_torch_fft_integration" name="test_live_batch_maxelements_cuda_and_cpu_defaults" time="0.086" /><testcase classname="test.test_live_batch_torch_fft_integration" name="test_torch_batched_ifft_inplace_shares_storage[cpu]" time="0.001" /><testcase classname="test.test_live_batch_torch_fft_integration" name="test_torch_batched_ifft_inplace_shares_storage[cuda]" time="0.002" /><testcase classname="test.test_torch_large_batches" name="test_complex_fft_rows[cpu-False]" time="0.007" /><testcase classname="test.test_torch_large_batches" name="test_complex_fft_rows[cpu-True]" time="0.005" /><testcase classname="test.test_torch_large_batches" name="test_complex_fft_rows[cuda-False]" time="0.005" /><testcase classname="test.test_torch_large_batches" name="test_complex_fft_rows[cuda-True]" time="0.004" /><testcase classname="test.test_torch_large_batches" name="test_real_fft_row_boundaries[cpu]" time="0.003" /><testcase classname="test.test_torch_large_batches" name="test_real_fft_row_boundaries[cuda]" time="0.004" /><testcase classname="test.test_torch_large_batches" name="test_promoted_ifft_final_partial_chunk[cpu]" time="0.028" /><testcase classname="test.test_torch_large_batches" name="test_promoted_ifft_final_partial_chunk[cuda]" time="0.053" /><testcase classname="test.test_torch_large_batches" name="test_direct_cpu_fftw_reuses_full_batch[False]" time="0.054" /><testcase classname="test.test_torch_large_batches" name="test_direct_cpu_fftw_reuses_full_batch[True]" time="0.010" /><testcase classname="test.test_torch_large_batches" name="test_native_correlation_row_tails_and_reuse[cpu]" time="0.097" /><testcase classname="test.test_torch_large_batches" name="test_native_correlation_row_tails_and_reuse[cuda]" time="0.073" /><testcase classname="test.test_torch_large_batches" name="test_peak_ties_nan_overflow_and_slice_boundaries[cpu]" time="0.001" /><testcase classname="test.test_torch_large_batches" name="test_peak_ties_nan_overflow_and_slice_boundaries[cuda]" time="0.001" /><testcase classname="test.test_torch_large_batches" name="test_peak_threshold_equality_and_abort[cpu-torch]" time="0.002" /><testcase classname="test.test_torch_large_batches" name="test_peak_threshold_equality_and_abort[cpu-triton]" time="0.001"><skipped type="pytest.skip" message="native threshold kernel requires CUDA and Triton">/home/xangma/pycbc-torch-performance-fix-20260906/cpu-candidate/test/test_torch_large_batches.py:322: native threshold kernel requires CUDA and Triton</skipped></testcase><testcase classname="test.test_torch_large_batches" name="test_peak_threshold_equality_and_abort[cuda-torch]" time="0.004" /><testcase classname="test.test_torch_large_batches" name="test_peak_threshold_equality_and_abort[cuda-triton]" time="0.004" /><testcase classname="test.test_torch_large_batches" name="test_public_live_filter_full_batch[cpu]" time="0.079" /><testcase classname="test.test_torch_large_batches" name="test_public_live_filter_full_batch[cuda]" time="0.136" /><testcase classname="test.test_torch_large_batches" name="test_relative_summary_and_likelihood_batches[cpu]" time="0.917" /><testcase classname="test.test_torch_large_batches" name="test_relative_summary_and_likelihood_batches[cuda]" time="0.796" /><testcase classname="test.test_torch_large_batches" name="test_public_gaussian_likelihood_and_gradient_batch[cpu-gaussian]" time="0.735" /><testcase classname="test.test_torch_large_batches" name="test_public_gaussian_likelihood_and_gradient_batch[cpu-phase]" time="0.053" /><testcase classname="test.test_torch_large_batches" name="test_public_gaussian_likelihood_and_gradient_batch[cuda-gaussian]" time="0.159" /><testcase classname="test.test_torch_large_batches" name="test_public_gaussian_likelihood_and_gradient_batch[cuda-phase]" time="0.075" /><testcase classname="test.test_torch_filter_pipeline" name="test_fir_filters_stay_on_device" time="0.002" /><testcase classname="test.test_torch_filter_pipeline" name="test_power_chisq_point_indices_stay_on_torch_device[cpu]" time="0.010" /><testcase classname="test.test_torch_filter_pipeline" name="test_power_chisq_point_indices_stay_on_torch_device[cuda]" time="0.006" /><testcase classname="test.test_torch_filter_pipeline" name="test_power_chisq_point_indices_stay_on_torch_device[mps]" time="0.000"><skipped type="pytest.skip" message="Torch MPS device unavailable">/home/xangma/pycbc-torch-performance-fix-20260906/cpu-candidate/test/test_torch_filter_pipeline.py:83: Torch MPS device unavailable</skipped></testcase><testcase classname="test.test_torch_filter_pipeline" name="test_real_threshold_stays_on_torch_device[cpu]" time="0.001" /><testcase classname="test.test_torch_filter_pipeline" name="test_real_threshold_stays_on_torch_device[cuda]" time="0.001" /><testcase classname="test.test_torch_filter_pipeline" name="test_real_threshold_stays_on_torch_device[mps]" time="0.000"><skipped type="pytest.skip" message="Torch MPS device unavailable">/home/xangma/pycbc-torch-performance-fix-20260906/cpu-candidate/test/test_torch_filter_pipeline.py:124: Torch MPS device unavailable</skipped></testcase><testcase classname="test.test_torch_filter_pipeline" name="test_complex_threshold_results_stay_on_torch_device[cpu-False]" time="0.001" /><testcase classname="test.test_torch_filter_pipeline" name="test_complex_threshold_results_stay_on_torch_device[cpu-True]" time="0.001" /><testcase classname="test.test_torch_filter_pipeline" name="test_complex_threshold_results_stay_on_torch_device[cuda-False]" time="0.002" /><testcase classname="test.test_torch_filter_pipeline" name="test_complex_threshold_results_stay_on_torch_device[cuda-True]" time="0.001" /><testcase classname="test.test_torch_filter_pipeline" name="test_complex_threshold_results_stay_on_torch_device[mps-False]" time="0.000"><skipped type="pytest.skip" message="Torch MPS device unavailable">/home/xangma/pycbc-torch-performance-fix-20260906/cpu-candidate/test/test_torch_filter_pipeline.py:142: Torch MPS device unavailable</skipped></testcase><testcase classname="test.test_torch_filter_pipeline" name="test_complex_threshold_results_stay_on_torch_device[mps-True]" time="0.000"><skipped type="pytest.skip" message="Torch MPS device unavailable">/home/xangma/pycbc-torch-performance-fix-20260906/cpu-candidate/test/test_torch_filter_pipeline.py:142: Torch MPS device unavailable</skipped></testcase><testcase classname="test.test_torch_filter_pipeline" name="test_symmetric_threshold_cluster_results_stay_on_torch_device[cpu-function-False]" time="0.010" /><testcase classname="test.test_torch_filter_pipeline" name="test_symmetric_threshold_cluster_results_stay_on_torch_device[cpu-function-True]" time="0.001" /><testcase classname="test.test_torch_filter_pipeline" name="test_symmetric_threshold_cluster_results_stay_on_torch_device[cpu-engine-False]" time="0.001" /><testcase classname="test.test_torch_filter_pipeline" name="test_symmetric_threshold_cluster_results_stay_on_torch_device[cpu-engine-True]" time="0.001" /><testcase classname="test.test_torch_filter_pipeline" name="test_symmetric_threshold_cluster_results_stay_on_torch_device[cuda-function-False]" time="0.006" /><testcase classname="test.test_torch_filter_pipeline" name="test_symmetric_threshold_cluster_results_stay_on_torch_device[cuda-function-True]" time="0.002" /><testcase classname="test.test_torch_filter_pipeline" name="test_symmetric_threshold_cluster_results_stay_on_torch_device[cuda-engine-False]" time="0.002" /><testcase classname="test.test_torch_filter_pipeline" name="test_symmetric_threshold_cluster_results_stay_on_torch_device[cuda-engine-True]" time="0.001" /><testcase classname="test.test_torch_filter_pipeline" name="test_symmetric_threshold_cluster_results_stay_on_torch_device[mps-function-False]" time="0.000"><skipped type="pytest.skip" message="Torch MPS device unavailable">/home/xangma/pycbc-torch-performance-fix-20260906/cpu-candidate/test/test_torch_filter_pipeline.py:183: Torch MPS device unavailable</skipped></testcase><testcase classname="test.test_torch_filter_pipeline" name="test_symmetric_threshold_cluster_results_stay_on_torch_device[mps-function-True]" time="0.000"><skipped type="pytest.skip" message="Torch MPS device unavailable">/home/xangma/pycbc-torch-performance-fix-20260906/cpu-candidate/test/test_torch_filter_pipeline.py:183: Torch MPS device unavailable</skipped></testcase><testcase classname="test.test_torch_filter_pipeline" name="test_symmetric_threshold_cluster_results_stay_on_torch_device[mps-engine-False]" time="0.180"><skipped type="pytest.skip" message="Torch MPS device unavailable">/home/xangma/pycbc-torch-performance-fix-20260906/cpu-candidate/test/test_torch_filter_pipeline.py:183: Torch MPS device unavailable</skipped></testcase><testcase classname="test.test_torch_filter_pipeline" name="test_symmetric_threshold_cluster_results_stay_on_torch_device[mps-engine-True]" time="0.000"><skipped type="pytest.skip" message="Torch MPS device unavailable">/home/xangma/pycbc-torch-performance-fix-20260906/cpu-candidate/test/test_torch_filter_pipeline.py:183: Torch MPS device unavailable</skipped></testcase><testcase classname="test.test_torch_filter_pipeline" name="test_findchirp_threshold_copies_only_torch_survivors[cpu-False]" time="0.002" /><testcase classname="test.test_torch_filter_pipeline" name="test_findchirp_threshold_copies_only_torch_survivors[cpu-True]" time="0.001" /><testcase classname="test.test_torch_filter_pipeline" name="test_findchirp_threshold_copies_only_torch_survivors[cuda-False]" time="0.009" /><testcase classname="test.test_torch_filter_pipeline" name="test_findchirp_threshold_copies_only_torch_survivors[cuda-True]" time="0.002" /><testcase classname="test.test_torch_filter_pipeline" name="test_findchirp_threshold_copies_only_torch_survivors[mps-False]" time="0.000"><skipped type="pytest.skip" message="Torch MPS device unavailable">/home/xangma/pycbc-torch-performance-fix-20260906/cpu-candidate/test/test_torch_filter_pipeline.py:237: Torch MPS device unavailable</skipped></testcase><testcase classname="test.test_torch_filter_pipeline" name="test_findchirp_threshold_copies_only_torch_survivors[mps-True]" time="0.000"><skipped type="pytest.skip" message="Torch MPS device unavailable">/home/xangma/pycbc-torch-performance-fix-20260906/cpu-candidate/test/test_torch_filter_pipeline.py:237: Torch MPS device unavailable</skipped></testcase><testcase classname="test.test_torch_filter_pipeline" name="test_power_chisq_bins_stay_on_device[cpu]" time="0.002" /><testcase classname="test.test_torch_filter_pipeline" name="test_power_chisq_bins_stay_on_device[cuda]" time="0.002" /><testcase classname="test.test_torch_filter_pipeline" name="test_power_chisq_bins_stay_on_device[mps]" time="0.000"><skipped type="pytest.skip" message="Torch MPS device unavailable">/home/xangma/pycbc-torch-performance-fix-20260906/cpu-candidate/test/test_torch_filter_pipeline.py:283: Torch MPS device unavailable</skipped></testcase><testcase classname="test.test_torch_filter_pipeline" name="test_power_chisq_bins_accepts_public_backend_storage[cpu-tensor]" time="0.001" /><testcase classname="test.test_torch_filter_pipeline" name="test_power_chisq_bins_accepts_public_backend_storage[cpu-backend_protocol]" time="0.001" /><testcase classname="test.test_torch_filter_pipeline" name="test_power_chisq_bins_accepts_public_backend_storage[cuda-tensor]" time="0.001" /><testcase classname="test.test_torch_filter_pipeline" name="test_power_chisq_bins_accepts_public_backend_storage[cuda-backend_protocol]" time="0.001" /><testcase classname="test.test_torch_filter_pipeline" name="test_power_chisq_bins_accepts_public_backend_storage[mps-tensor]" time="0.000"><skipped type="pytest.skip" message="Torch MPS device unavailable">/home/xangma/pycbc-torch-performance-fix-20260906/cpu-candidate/test/test_torch_filter_pipeline.py:323: Torch MPS device unavailable</skipped></testcase><testcase classname="test.test_torch_filter_pipeline" name="test_power_chisq_bins_accepts_public_backend_storage[mps-backend_protocol]" time="0.000"><skipped type="pytest.skip" message="Torch MPS device unavailable">/home/xangma/pycbc-torch-performance-fix-20260906/cpu-candidate/test/test_torch_filter_pipeline.py:323: Torch MPS device unavailable</skipped></testcase><testcase classname="test.test_torch_filter_pipeline" name="test_power_chisq_dof_stays_on_device[cpu]" time="0.001" /><testcase classname="test.test_torch_filter_pipeline" name="test_power_chisq_dof_stays_on_device[cuda]" time="0.001" /><testcase classname="test.test_torch_filter_pipeline" name="test_power_chisq_dof_stays_on_device[mps]" time="0.000"><skipped type="pytest.skip" message="Torch MPS device unavailable">/home/xangma/pycbc-torch-performance-fix-20260906/cpu-candidate/test/test_torch_filter_pipeline.py:352: Torch MPS device unavailable</skipped></testcase><testcase classname="test.test_torch_filter_pipeline" name="test_skymax_chisq_dof_stays_on_device[cpu]" time="0.001" /><testcase classname="test.test_torch_filter_pipeline" name="test_skymax_chisq_dof_stays_on_device[cuda]" time="0.001" /><testcase classname="test.test_torch_filter_pipeline" name="test_skymax_chisq_dof_stays_on_device[mps]" time="0.000"><skipped type="pytest.skip" message="Torch MPS device unavailable">/home/xangma/pycbc-torch-performance-fix-20260906/cpu-candidate/test/test_torch_filter_pipeline.py:391: Torch MPS device unavailable</skipped></testcase><testcase classname="test.test_torch_filter_pipeline" name="test_bank_chisq_dof_stays_on_device[cpu]" time="0.001" /><testcase classname="test.test_torch_filter_pipeline" name="test_bank_chisq_dof_stays_on_device[cuda]" time="0.001" /><testcase classname="test.test_torch_filter_pipeline" name="test_bank_chisq_dof_stays_on_device[mps]" time="0.000"><skipped type="pytest.skip" message="Torch MPS device unavailable">/home/xangma/pycbc-torch-performance-fix-20260906/cpu-candidate/test/test_torch_filter_pipeline.py:435: Torch MPS device unavailable</skipped></testcase><testcase classname="test.test_torch_filter_pipeline" name="test_autochisq_stays_on_device[cpu-settings0]" time="0.002" /><testcase classname="test.test_torch_filter_pipeline" name="test_autochisq_stays_on_device[cpu-settings1]" time="0.001" /><testcase classname="test.test_torch_filter_pipeline" name="test_autochisq_stays_on_device[cpu-settings2]" time="0.002" /><testcase classname="test.test_torch_filter_pipeline" name="test_autochisq_stays_on_device[cuda-settings0]" time="0.002" /><testcase classname="test.test_torch_filter_pipeline" name="test_autochisq_stays_on_device[cuda-settings1]" time="0.002" /><testcase classname="test.test_torch_filter_pipeline" name="test_autochisq_stays_on_device[cuda-settings2]" time="0.002" /><testcase classname="test.test_torch_filter_pipeline" name="test_autochisq_stays_on_device[mps-settings0]" time="0.000"><skipped type="pytest.skip" message="Torch MPS device unavailable">/home/xangma/pycbc-torch-performance-fix-20260906/cpu-candidate/test/test_torch_filter_pipeline.py:471: Torch MPS device unavailable</skipped></testcase><testcase classname="test.test_torch_filter_pipeline" name="test_autochisq_stays_on_device[mps-settings1]" time="0.000"><skipped type="pytest.skip" message="Torch MPS device unavailable">/home/xangma/pycbc-torch-performance-fix-20260906/cpu-candidate/test/test_torch_filter_pipeline.py:471: Torch MPS device unavailable</skipped></testcase><testcase classname="test.test_torch_filter_pipeline" name="test_autochisq_stays_on_device[mps-settings2]" time="0.000"><skipped type="pytest.skip" message="Torch MPS device unavailable">/home/xangma/pycbc-torch-performance-fix-20260906/cpu-candidate/test/test_torch_filter_pipeline.py:471: Torch MPS device unavailable</skipped></testcase><testcase classname="test.test_torch_filter_pipeline" name="test_single_det_autochisq_keeps_indices_on_device" time="0.001" /><testcase classname="test.test_torch_filter_pipeline" name="test_detect_loud_glitches_thresholds_on_device[cpu]" time="0.008" /><testcase classname="test.test_torch_filter_pipeline" name="test_detect_loud_glitches_thresholds_on_device[cuda]" time="0.043" /><testcase classname="test.test_torch_filter_pipeline" name="test_detect_loud_glitches_thresholds_on_device[mps]" time="0.000"><skipped type="pytest.skip" message="Torch MPS device unavailable">/home/xangma/pycbc-torch-performance-fix-20260906/cpu-candidate/test/test_torch_filter_pipeline.py:595: Torch MPS device unavailable</skipped></testcase><testcase classname="test.test_torch_filter_pipeline" name="test_butterworth_filter_torch_matches_lal_without_host_transfer[cpu-highpass-odd-float32]" time="0.044" /><testcase classname="test.test_torch_filter_pipeline" name="test_butterworth_filter_torch_matches_lal_without_host_transfer[cpu-highpass-odd-float64]" time="0.044" /><testcase classname="test.test_torch_filter_pipeline" name="test_butterworth_filter_torch_matches_lal_without_host_transfer[cpu-highpass-even-float32]" time="0.058" /><testcase classname="test.test_torch_filter_pipeline" name="test_butterworth_filter_torch_matches_lal_without_host_transfer[cpu-highpass-even-float64]" time="0.058" /><testcase classname="test.test_torch_filter_pipeline" name="test_butterworth_filter_torch_matches_lal_without_host_transfer[cpu-lowpass-odd-float32]" time="0.044" /><testcase classname="test.test_torch_filter_pipeline" name="test_butterworth_filter_torch_matches_lal_without_host_transfer[cpu-lowpass-odd-float64]" time="0.044" /><testcase classname="test.test_torch_filter_pipeline" name="test_butterworth_filter_torch_matches_lal_without_host_transfer[cpu-lowpass-even-float32]" time="0.058" /><testcase classname="test.test_torch_filter_pipeline" name="test_butterworth_filter_torch_matches_lal_without_host_transfer[cpu-lowpass-even-float64]" time="0.057" /><testcase classname="test.test_torch_filter_pipeline" name="test_butterworth_filter_torch_matches_lal_without_host_transfer[cuda-highpass-odd-float32]" time="0.117" /><testcase classname="test.test_torch_filter_pipeline" name="test_butterworth_filter_torch_matches_lal_without_host_transfer[cuda-highpass-odd-float64]" time="0.116" /><testcase classname="test.test_torch_filter_pipeline" name="test_butterworth_filter_torch_matches_lal_without_host_transfer[cuda-highpass-even-float32]" time="0.155" /><testcase classname="test.test_torch_filter_pipeline" name="test_butterworth_filter_torch_matches_lal_without_host_transfer[cuda-highpass-even-float64]" time="0.155" /><testcase classname="test.test_torch_filter_pipeline" name="test_butterworth_filter_torch_matches_lal_without_host_transfer[cuda-lowpass-odd-float32]" time="0.116" /><testcase classname="test.test_torch_filter_pipeline" name="test_butterworth_filter_torch_matches_lal_without_host_transfer[cuda-lowpass-odd-float64]" time="0.116" /><testcase classname="test.test_torch_filter_pipeline" name="test_butterworth_filter_torch_matches_lal_without_host_transfer[cuda-lowpass-even-float32]" time="0.155" /><testcase classname="test.test_torch_filter_pipeline" name="test_butterworth_filter_torch_matches_lal_without_host_transfer[cuda-lowpass-even-float64]" time="0.154" /><testcase classname="test.test_torch_filter_pipeline" name="test_butterworth_filter_torch_matches_lal_without_host_transfer[mps-highpass-odd-float32]" time="0.000"><skipped type="pytest.skip" message="Torch MPS device unavailable">/home/xangma/pycbc-torch-performance-fix-20260906/cpu-candidate/test/test_torch_filter_pipeline.py:644: Torch MPS device unavailable</skipped></testcase><testcase classname="test.test_torch_filter_pipeline" name="test_butterworth_filter_torch_matches_lal_without_host_transfer[mps-highpass-odd-float64]" time="0.000"><skipped type="pytest.skip" message="Torch MPS device unavailable">/home/xangma/pycbc-torch-performance-fix-20260906/cpu-candidate/test/test_torch_filter_pipeline.py:644: Torch MPS device unavailable</skipped></testcase><testcase classname="test.test_torch_filter_pipeline" name="test_butterworth_filter_torch_matches_lal_without_host_transfer[mps-highpass-even-float32]" time="0.000"><skipped type="pytest.skip" message="Torch MPS device unavailable">/home/xangma/pycbc-torch-performance-fix-20260906/cpu-candidate/test/test_torch_filter_pipeline.py:644: Torch MPS device unavailable</skipped></testcase><testcase classname="test.test_torch_filter_pipeline" name="test_butterworth_filter_torch_matches_lal_without_host_transfer[mps-highpass-even-float64]" time="0.000"><skipped type="pytest.skip" message="Torch MPS device unavailable">/home/xangma/pycbc-torch-performance-fix-20260906/cpu-candidate/test/test_torch_filter_pipeline.py:644: Torch MPS device unavailable</skipped></testcase><testcase classname="test.test_torch_filter_pipeline" name="test_butterworth_filter_torch_matches_lal_without_host_transfer[mps-lowpass-odd-float32]" time="0.000"><skipped type="pytest.skip" message="Torch MPS device unavailable">/home/xangma/pycbc-torch-performance-fix-20260906/cpu-candidate/test/test_torch_filter_pipeline.py:644: Torch MPS device unavailable</skipped></testcase><testcase classname="test.test_torch_filter_pipeline" name="test_butterworth_filter_torch_matches_lal_without_host_transfer[mps-lowpass-odd-float64]" time="0.000"><skipped type="pytest.skip" message="Torch MPS device unavailable">/home/xangma/pycbc-torch-performance-fix-20260906/cpu-candidate/test/test_torch_filter_pipeline.py:644: Torch MPS device unavailable</skipped></testcase><testcase classname="test.test_torch_filter_pipeline" name="test_butterworth_filter_torch_matches_lal_without_host_transfer[mps-lowpass-even-float32]" time="0.000"><skipped type="pytest.skip" message="Torch MPS device unavailable">/home/xangma/pycbc-torch-performance-fix-20260906/cpu-candidate/test/test_torch_filter_pipeline.py:644: Torch MPS device unavailable</skipped></testcase><testcase classname="test.test_torch_filter_pipeline" name="test_butterworth_filter_torch_matches_lal_without_host_transfer[mps-lowpass-even-float64]" time="0.000"><skipped type="pytest.skip" message="Torch MPS device unavailable">/home/xangma/pycbc-torch-performance-fix-20260906/cpu-candidate/test/test_torch_filter_pipeline.py:644: Torch MPS device unavailable</skipped></testcase><testcase classname="test.test_torch_filter_pipeline" name="test_lfilter_torch_matches_scipy_without_host_transfer[cpu-float32-single-block]" time="0.002" /><testcase classname="test.test_torch_filter_pipeline" name="test_lfilter_torch_matches_scipy_without_host_transfer[cpu-float32-overlap-add]" time="0.002" /><testcase classname="test.test_torch_filter_pipeline" name="test_lfilter_torch_matches_scipy_without_host_transfer[cpu-float64-single-block]" time="0.001" /><testcase classname="test.test_torch_filter_pipeline" name="test_lfilter_torch_matches_scipy_without_host_transfer[cpu-float64-overlap-add]" time="0.002" /><testcase classname="test.test_torch_filter_pipeline" name="test_lfilter_torch_matches_scipy_without_host_transfer[cpu-complex64-single-block]" time="0.001" /><testcase classname="test.test_torch_filter_pipeline" name="test_lfilter_torch_matches_scipy_without_host_transfer[cpu-complex64-overlap-add]" time="0.002" /><testcase classname="test.test_torch_filter_pipeline" name="test_lfilter_torch_matches_scipy_without_host_transfer[cpu-complex128-single-block]" time="0.001" /><testcase classname="test.test_torch_filter_pipeline" name="test_lfilter_torch_matches_scipy_without_host_transfer[cpu-complex128-overlap-add]" time="0.002" /><testcase classname="test.test_torch_filter_pipeline" name="test_lfilter_torch_matches_scipy_without_host_transfer[cuda-float32-single-block]" time="0.002" /><testcase classname="test.test_torch_filter_pipeline" name="test_lfilter_torch_matches_scipy_without_host_transfer[cuda-float32-overlap-add]" time="0.003" /><testcase classname="test.test_torch_filter_pipeline" name="test_lfilter_torch_matches_scipy_without_host_transfer[cuda-float64-single-block]" time="0.002" /><testcase classname="test.test_torch_filter_pipeline" name="test_lfilter_torch_matches_scipy_without_host_transfer[cuda-float64-overlap-add]" time="0.003" /><testcase classname="test.test_torch_filter_pipeline" name="test_lfilter_torch_matches_scipy_without_host_transfer[cuda-complex64-single-block]" time="0.002" /><testcase classname="test.test_torch_filter_pipeline" name="test_lfilter_torch_matches_scipy_without_host_transfer[cuda-complex64-overlap-add]" time="0.003" /><testcase classname="test.test_torch_filter_pipeline" name="test_lfilter_torch_matches_scipy_without_host_transfer[cuda-complex128-single-block]" time="0.002" /><testcase classname="test.test_torch_filter_pipeline" name="test_lfilter_torch_matches_scipy_without_host_transfer[cuda-complex128-overlap-add]" time="0.003" /><testcase classname="test.test_torch_filter_pipeline" name="test_lfilter_torch_matches_scipy_without_host_transfer[mps-float32-single-block]" time="0.000"><skipped type="pytest.skip" message="Torch MPS device unavailable">/home/xangma/pycbc-torch-performance-fix-20260906/cpu-candidate/test/test_torch_filter_pipeline.py:712: Torch MPS device unavailable</skipped></testcase><testcase classname="test.test_torch_filter_pipeline" name="test_lfilter_torch_matches_scipy_without_host_transfer[mps-float32-overlap-add]" time="0.000"><skipped type="pytest.skip" message="Torch MPS device unavailable">/home/xangma/pycbc-torch-performance-fix-20260906/cpu-candidate/test/test_torch_filter_pipeline.py:712: Torch MPS device unavailable</skipped></testcase><testcase classname="test.test_torch_filter_pipeline" name="test_lfilter_torch_matches_scipy_without_host_transfer[mps-float64-single-block]" time="0.000"><skipped type="pytest.skip" message="Torch MPS device unavailable">/home/xangma/pycbc-torch-performance-fix-20260906/cpu-candidate/test/test_torch_filter_pipeline.py:712: Torch MPS device unavailable</skipped></testcase><testcase classname="test.test_torch_filter_pipeline" name="test_lfilter_torch_matches_scipy_without_host_transfer[mps-float64-overlap-add]" time="0.000"><skipped type="pytest.skip" message="Torch MPS device unavailable">/home/xangma/pycbc-torch-performance-fix-20260906/cpu-candidate/test/test_torch_filter_pipeline.py:712: Torch MPS device unavailable</skipped></testcase><testcase classname="test.test_torch_filter_pipeline" name="test_lfilter_torch_matches_scipy_without_host_transfer[mps-complex64-single-block]" time="0.000"><skipped type="pytest.skip" message="Torch MPS device unavailable">/home/xangma/pycbc-torch-performance-fix-20260906/cpu-candidate/test/test_torch_filter_pipeline.py:712: Torch MPS device unavailable</skipped></testcase><testcase classname="test.test_torch_filter_pipeline" name="test_lfilter_torch_matches_scipy_without_host_transfer[mps-complex64-overlap-add]" time="0.000"><skipped type="pytest.skip" message="Torch MPS device unavailable">/home/xangma/pycbc-torch-performance-fix-20260906/cpu-candidate/test/test_torch_filter_pipeline.py:712: Torch MPS device unavailable</skipped></testcase><testcase classname="test.test_torch_filter_pipeline" name="test_lfilter_torch_matches_scipy_without_host_transfer[mps-complex128-single-block]" time="0.000"><skipped type="pytest.skip" message="Torch MPS device unavailable">/home/xangma/pycbc-torch-performance-fix-20260906/cpu-candidate/test/test_torch_filter_pipeline.py:712: Torch MPS device unavailable</skipped></testcase><testcase classname="test.test_torch_filter_pipeline" name="test_lfilter_torch_matches_scipy_without_host_transfer[mps-complex128-overlap-add]" time="0.000"><skipped type="pytest.skip" message="Torch MPS device unavailable">/home/xangma/pycbc-torch-performance-fix-20260906/cpu-candidate/test/test_torch_filter_pipeline.py:712: Torch MPS device unavailable</skipped></testcase><testcase classname="test.test_torch_filter_pipeline" name="test_fir_zero_filter_torch_matches_scipy_without_host_transfer[cpu-63-7-float32]" time="0.002" /><testcase classname="test.test_torch_filter_pipeline" name="test_fir_zero_filter_torch_matches_scipy_without_host_transfer[cpu-63-7-float64]" time="0.002" /><testcase classname="test.test_torch_filter_pipeline" name="test_fir_zero_filter_torch_matches_scipy_without_host_transfer[cpu-63-7-complex64]" time="0.002" /><testcase classname="test.test_torch_filter_pipeline" name="test_fir_zero_filter_torch_matches_scipy_without_host_transfer[cpu-63-7-complex128]" time="0.001" /><testcase classname="test.test_torch_filter_pipeline" name="test_fir_zero_filter_torch_matches_scipy_without_host_transfer[cpu-4096-129-float32]" time="0.002" /><testcase classname="test.test_torch_filter_pipeline" name="test_fir_zero_filter_torch_matches_scipy_without_host_transfer[cpu-4096-129-float64]" time="0.002" /><testcase classname="test.test_torch_filter_pipeline" name="test_fir_zero_filter_torch_matches_scipy_without_host_transfer[cpu-4096-129-complex64]" time="0.002" /><testcase classname="test.test_torch_filter_pipeline" name="test_fir_zero_filter_torch_matches_scipy_without_host_transfer[cpu-4096-129-complex128]" time="0.002" /><testcase classname="test.test_torch_filter_pipeline" name="test_fir_zero_filter_torch_matches_scipy_without_host_transfer[cuda-63-7-float32]" time="0.002" /><testcase classname="test.test_torch_filter_pipeline" name="test_fir_zero_filter_torch_matches_scipy_without_host_transfer[cuda-63-7-float64]" time="0.002" /><testcase classname="test.test_torch_filter_pipeline" name="test_fir_zero_filter_torch_matches_scipy_without_host_transfer[cuda-63-7-complex64]" time="0.002" /><testcase classname="test.test_torch_filter_pipeline" name="test_fir_zero_filter_torch_matches_scipy_without_host_transfer[cuda-63-7-complex128]" time="0.002" /><testcase classname="test.test_torch_filter_pipeline" name="test_fir_zero_filter_torch_matches_scipy_without_host_transfer[cuda-4096-129-float32]" time="0.003" /><testcase classname="test.test_torch_filter_pipeline" name="test_fir_zero_filter_torch_matches_scipy_without_host_transfer[cuda-4096-129-float64]" time="0.003" /><testcase classname="test.test_torch_filter_pipeline" name="test_fir_zero_filter_torch_matches_scipy_without_host_transfer[cuda-4096-129-complex64]" time="0.003" /><testcase classname="test.test_torch_filter_pipeline" name="test_fir_zero_filter_torch_matches_scipy_without_host_transfer[cuda-4096-129-complex128]" time="0.003" /><testcase classname="test.test_torch_filter_pipeline" name="test_fir_zero_filter_torch_matches_scipy_without_host_transfer[mps-63-7-float32]" time="0.000"><skipped type="pytest.skip" message="Torch MPS device unavailable">/home/xangma/pycbc-torch-performance-fix-20260906/cpu-candidate/test/test_torch_filter_pipeline.py:784: Torch MPS device unavailable</skipped></testcase><testcase classname="test.test_torch_filter_pipeline" name="test_fir_zero_filter_torch_matches_scipy_without_host_transfer[mps-63-7-float64]" time="0.000"><skipped type="pytest.skip" message="Torch MPS device unavailable">/home/xangma/pycbc-torch-performance-fix-20260906/cpu-candidate/test/test_torch_filter_pipeline.py:784: Torch MPS device unavailable</skipped></testcase><testcase classname="test.test_torch_filter_pipeline" name="test_fir_zero_filter_torch_matches_scipy_without_host_transfer[mps-63-7-complex64]" time="0.000"><skipped type="pytest.skip" message="Torch MPS device unavailable">/home/xangma/pycbc-torch-performance-fix-20260906/cpu-candidate/test/test_torch_filter_pipeline.py:784: Torch MPS device unavailable</skipped></testcase><testcase classname="test.test_torch_filter_pipeline" name="test_fir_zero_filter_torch_matches_scipy_without_host_transfer[mps-63-7-complex128]" time="0.000"><skipped type="pytest.skip" message="Torch MPS device unavailable">/home/xangma/pycbc-torch-performance-fix-20260906/cpu-candidate/test/test_torch_filter_pipeline.py:784: Torch MPS device unavailable</skipped></testcase><testcase classname="test.test_torch_filter_pipeline" name="test_fir_zero_filter_torch_matches_scipy_without_host_transfer[mps-4096-129-float32]" time="0.000"><skipped type="pytest.skip" message="Torch MPS device unavailable">/home/xangma/pycbc-torch-performance-fix-20260906/cpu-candidate/test/test_torch_filter_pipeline.py:784: Torch MPS device unavailable</skipped></testcase><testcase classname="test.test_torch_filter_pipeline" name="test_fir_zero_filter_torch_matches_scipy_without_host_transfer[mps-4096-129-float64]" time="0.000"><skipped type="pytest.skip" message="Torch MPS device unavailable">/home/xangma/pycbc-torch-performance-fix-20260906/cpu-candidate/test/test_torch_filter_pipeline.py:784: Torch MPS device unavailable</skipped></testcase><testcase classname="test.test_torch_filter_pipeline" name="test_fir_zero_filter_torch_matches_scipy_without_host_transfer[mps-4096-129-complex64]" time="0.000"><skipped type="pytest.skip" message="Torch MPS device unavailable">/home/xangma/pycbc-torch-performance-fix-20260906/cpu-candidate/test/test_torch_filter_pipeline.py:784: Torch MPS device unavailable</skipped></testcase><testcase classname="test.test_torch_filter_pipeline" name="test_fir_zero_filter_torch_matches_scipy_without_host_transfer[mps-4096-129-complex128]" time="0.000"><skipped type="pytest.skip" message="Torch MPS device unavailable">/home/xangma/pycbc-torch-performance-fix-20260906/cpu-candidate/test/test_torch_filter_pipeline.py:784: Torch MPS device unavailable</skipped></testcase><testcase classname="test.test_torch_filter_pipeline" name="test_filter_zpk_torch_matches_scipy_without_host_transfer[cpu-two-second-order-sections-float32]" time="0.016" /><testcase classname="test.test_torch_filter_pipeline" name="test_filter_zpk_torch_matches_scipy_without_host_transfer[cpu-two-second-order-sections-float64]" time="0.016" /><testcase classname="test.test_torch_filter_pipeline" name="test_filter_zpk_torch_matches_scipy_without_host_transfer[cpu-two-second-order-sections-complex64]" time="0.017" /><testcase classname="test.test_torch_filter_pipeline" name="test_filter_zpk_torch_matches_scipy_without_host_transfer[cpu-two-second-order-sections-complex128]" time="0.017" /><testcase classname="test.test_torch_filter_pipeline" name="test_filter_zpk_torch_matches_scipy_without_host_transfer[cpu-first-and-second-order-sections-float32]" time="0.016" /><testcase classname="test.test_torch_filter_pipeline" name="test_filter_zpk_torch_matches_scipy_without_host_transfer[cpu-first-and-second-order-sections-float64]" time="0.016" /><testcase classname="test.test_torch_filter_pipeline" name="test_filter_zpk_torch_matches_scipy_without_host_transfer[cpu-first-and-second-order-sections-complex64]" time="0.017" /><testcase classname="test.test_torch_filter_pipeline" name="test_filter_zpk_torch_matches_scipy_without_host_transfer[cpu-first-and-second-order-sections-complex128]" time="0.017" /><testcase classname="test.test_torch_filter_pipeline" name="test_filter_zpk_torch_matches_scipy_without_host_transfer[cuda-two-second-order-sections-float32]" time="0.040" /><testcase classname="test.test_torch_filter_pipeline" name="test_filter_zpk_torch_matches_scipy_without_host_transfer[cuda-two-second-order-sections-float64]" time="0.040" /><testcase classname="test.test_torch_filter_pipeline" name="test_filter_zpk_torch_matches_scipy_without_host_transfer[cuda-two-second-order-sections-complex64]" time="0.125" /><testcase classname="test.test_torch_filter_pipeline" name="test_filter_zpk_torch_matches_scipy_without_host_transfer[cuda-two-second-order-sections-complex128]" time="0.041" /><testcase classname="test.test_torch_filter_pipeline" name="test_filter_zpk_torch_matches_scipy_without_host_transfer[cuda-first-and-second-order-sections-float32]" time="0.040" /><testcase classname="test.test_torch_filter_pipeline" name="test_filter_zpk_torch_matches_scipy_without_host_transfer[cuda-first-and-second-order-sections-float64]" time="0.040" /><testcase classname="test.test_torch_filter_pipeline" name="test_filter_zpk_torch_matches_scipy_without_host_transfer[cuda-first-and-second-order-sections-complex64]" time="0.040" /><testcase classname="test.test_torch_filter_pipeline" name="test_filter_zpk_torch_matches_scipy_without_host_transfer[cuda-first-and-second-order-sections-complex128]" time="0.041" /><testcase classname="test.test_torch_filter_pipeline" name="test_filter_zpk_torch_matches_scipy_without_host_transfer[mps-two-second-order-sections-float32]" time="0.000"><skipped type="pytest.skip" message="Torch MPS device unavailable">/home/xangma/pycbc-torch-performance-fix-20260906/cpu-candidate/test/test_torch_filter_pipeline.py:836: Torch MPS device unavailable</skipped></testcase><testcase classname="test.test_torch_filter_pipeline" name="test_filter_zpk_torch_matches_scipy_without_host_transfer[mps-two-second-order-sections-float64]" time="0.000"><skipped type="pytest.skip" message="Torch MPS device unavailable">/home/xangma/pycbc-torch-performance-fix-20260906/cpu-candidate/test/test_torch_filter_pipeline.py:836: Torch MPS device unavailable</skipped></testcase><testcase classname="test.test_torch_filter_pipeline" name="test_filter_zpk_torch_matches_scipy_without_host_transfer[mps-two-second-order-sections-complex64]" time="0.001"><skipped type="pytest.skip" message="Torch MPS device unavailable">/home/xangma/pycbc-torch-performance-fix-20260906/cpu-candidate/test/test_torch_filter_pipeline.py:836: Torch MPS device unavailable</skipped></testcase><testcase classname="test.test_torch_filter_pipeline" name="test_filter_zpk_torch_matches_scipy_without_host_transfer[mps-two-second-order-sections-complex128]" time="0.000"><skipped type="pytest.skip" message="Torch MPS device unavailable">/home/xangma/pycbc-torch-performance-fix-20260906/cpu-candidate/test/test_torch_filter_pipeline.py:836: Torch MPS device unavailable</skipped></testcase><testcase classname="test.test_torch_filter_pipeline" name="test_filter_zpk_torch_matches_scipy_without_host_transfer[mps-first-and-second-order-sections-float32]" time="0.000"><skipped type="pytest.skip" message="Torch MPS device unavailable">/home/xangma/pycbc-torch-performance-fix-20260906/cpu-candidate/test/test_torch_filter_pipeline.py:836: Torch MPS device unavailable</skipped></testcase><testcase classname="test.test_torch_filter_pipeline" name="test_filter_zpk_torch_matches_scipy_without_host_transfer[mps-first-and-second-order-sections-float64]" time="0.000"><skipped type="pytest.skip" message="Torch MPS device unavailable">/home/xangma/pycbc-torch-performance-fix-20260906/cpu-candidate/test/test_torch_filter_pipeline.py:836: Torch MPS device unavailable</skipped></testcase><testcase classname="test.test_torch_filter_pipeline" name="test_filter_zpk_torch_matches_scipy_without_host_transfer[mps-first-and-second-order-sections-complex64]" time="0.000"><skipped type="pytest.skip" message="Torch MPS device unavailable">/home/xangma/pycbc-torch-performance-fix-20260906/cpu-candidate/test/test_torch_filter_pipeline.py:836: Torch MPS device unavailable</skipped></testcase><testcase classname="test.test_torch_filter_pipeline" name="test_filter_zpk_torch_matches_scipy_without_host_transfer[mps-first-and-second-order-sections-complex128]" time="0.000"><skipped type="pytest.skip" message="Torch MPS device unavailable">/home/xangma/pycbc-torch-performance-fix-20260906/cpu-candidate/test/test_torch_filter_pipeline.py:836: Torch MPS device unavailable</skipped></testcase><testcase classname="test.test_torch_filter_pipeline" name="test_matched_filter_torch_vs_cpu" time="0.002" /><testcase classname="test.test_torch_peak_contracts" name="test_cpu_standard_peak_tensor_avoids_float64_and_matches_exact" time="0.001" /><testcase classname="test.test_torch_peak_contracts" name="test_cpu_standard_peak_tensor_real_float32" time="0.001" /><testcase classname="test.test_torch_peak_contracts" name="test_cpu_batch_peak_and_threshold_avoids_float64" time="0.001" /><testcase classname="test.test_torch_batched_fft" name="test_batched_complex_transforms_are_independent[False-cpu-complex64]" time="0.001" /><testcase classname="test.test_torch_batched_fft" name="test_batched_complex_transforms_are_independent[False-cpu-complex128]" time="0.001" /><testcase classname="test.test_torch_batched_fft" name="test_batched_complex_transforms_are_independent[False-cuda-complex64]" time="0.002" /><testcase classname="test.test_torch_batched_fft" name="test_batched_complex_transforms_are_independent[False-cuda-complex128]" time="0.001" /><testcase classname="test.test_torch_batched_fft" name="test_batched_complex_transforms_are_independent[True-cpu-complex64]" time="0.001" /><testcase classname="test.test_torch_batched_fft" name="test_batched_complex_transforms_are_independent[True-cpu-complex128]" time="0.001" /><testcase classname="test.test_torch_batched_fft" name="test_batched_complex_transforms_are_independent[True-cuda-complex64]" time="0.002" /><testcase classname="test.test_torch_batched_fft" name="test_batched_complex_transforms_are_independent[True-cuda-complex128]" time="0.001" /><testcase classname="test.test_torch_batched_fft" name="test_batched_real_transforms_preserve_row_boundaries[15-cpu]" time="0.001" /><testcase classname="test.test_torch_batched_fft" name="test_batched_real_transforms_preserve_row_boundaries[15-cuda]" time="0.002" /><testcase classname="test.test_torch_batched_fft" name="test_batched_real_transforms_preserve_row_boundaries[16-cpu]" time="0.001" /><testcase classname="test.test_torch_batched_fft" name="test_batched_real_transforms_preserve_row_boundaries[16-cuda]" time="0.002" /><testcase classname="test.test_torch_batched_fft" name="test_batched_complex_ifft_handles_inplace_and_partial_aliases[cpu]" time="0.001" /><testcase classname="test.test_torch_batched_fft" name="test_batched_complex_ifft_handles_inplace_and_partial_aliases[cuda]" time="0.001" /><testcase classname="test.test_torch_batched_fft" name="test_batched_inplace_real_transforms_skip_per_row_padding[15-cpu]" time="0.001" /><testcase classname="test.test_torch_batched_fft" name="test_batched_inplace_real_transforms_skip_per_row_padding[15-cuda]" time="0.002" /><testcase classname="test.test_torch_batched_fft" name="test_batched_inplace_real_transforms_skip_per_row_padding[16-cpu]" time="0.001" /><testcase classname="test.test_torch_batched_fft" name="test_batched_inplace_real_transforms_skip_per_row_padding[16-cuda]" time="0.002" /><testcase classname="test.test_torch_batched_fft" name="test_batched_fft_requires_and_accepts_explicit_transform_size" time="0.001" /><testcase classname="test.test_torch_batched_fft" name="test_batched_ifft_preserves_out_autograd_rejection" time="0.001" /><testcase classname="test.test_torch_batched_fft" name="test_single_precision_batches_reuse_promoted_workspaces[c2c_fft-cpu]" time="0.002" /><testcase classname="test.test_torch_batched_fft" name="test_single_precision_batches_reuse_promoted_workspaces[c2c_fft-cuda]" time="0.002" /><testcase classname="test.test_torch_batched_fft" name="test_single_precision_batches_reuse_promoted_workspaces[c2c_ifft-cpu]" time="0.002" /><testcase classname="test.test_torch_batched_fft" name="test_single_precision_batches_reuse_promoted_workspaces[c2c_ifft-cuda]" time="0.002" /><testcase classname="test.test_torch_batched_fft" name="test_single_precision_batches_reuse_promoted_workspaces[r2c_fft-cpu]" time="0.001" /><testcase classname="test.test_torch_batched_fft" name="test_single_precision_batches_reuse_promoted_workspaces[r2c_fft-cuda]" time="0.002" /><testcase classname="test.test_torch_batched_fft" name="test_single_precision_batches_reuse_promoted_workspaces[c2r_ifft-cpu]" time="0.001" /><testcase classname="test.test_torch_batched_fft" name="test_single_precision_batches_reuse_promoted_workspaces[c2r_ifft-cuda]" time="0.002" /><testcase classname="test.test_torch_batched_fft" name="test_promoted_batches_match_or_exceed_legacy_fftw[c2c_fft-cpu]" time="0.002" /><testcase classname="test.test_torch_batched_fft" name="test_promoted_batches_match_or_exceed_legacy_fftw[c2c_fft-cuda]" time="0.002" /><testcase classname="test.test_torch_batched_fft" name="test_promoted_batches_match_or_exceed_legacy_fftw[c2c_ifft-cpu]" time="0.002" /><testcase classname="test.test_torch_batched_fft" name="test_promoted_batches_match_or_exceed_legacy_fftw[c2c_ifft-cuda]" time="0.002" /><testcase classname="test.test_torch_batched_fft" name="test_promoted_batches_match_or_exceed_legacy_fftw[r2c_fft-cpu]" time="0.003" /><testcase classname="test.test_torch_batched_fft" name="test_promoted_batches_match_or_exceed_legacy_fftw[r2c_fft-cuda]" time="0.002" /><testcase classname="test.test_torch_batched_fft" name="test_promoted_batches_match_or_exceed_legacy_fftw[c2r_ifft-cpu]" time="0.003" /><testcase classname="test.test_torch_batched_fft" name="test_promoted_batches_match_or_exceed_legacy_fftw[c2r_ifft-cuda]" time="0.002" /><testcase classname="test.test_torch_batched_fft" name="test_promoted_workspace_chunks_rows_and_handles_final_partial" time="0.001" /><testcase classname="test.test_torch_batched_fft" name="test_promoted_chunks_snapshot_cross_pointer_overlap[-1]" time="0.001" /><testcase classname="test.test_torch_batched_fft" name="test_promoted_chunks_snapshot_cross_pointer_overlap[1]" time="0.001" /><testcase classname="test.test_torch_batched_fft" name="test_promoted_overlap_snapshot_allocation_failure_propagates" time="0.001" /><testcase classname="test.test_torch_batched_fft" name="test_direct_batch_ifft_execution_and_env_gate[cpu]" time="0.002" /><testcase classname="test.test_torch_batched_fft" name="test_direct_batch_ifft_execution_and_env_gate[cuda]" time="0.003" /><testcase classname="test.test_torch_fft_cpu_native" name="test_direct_batch_fftw_is_bitwise_legacy_exact[False-False]" time="0.002" /><testcase classname="test.test_torch_fft_cpu_native" name="test_direct_batch_fftw_is_bitwise_legacy_exact[False-True]" time="0.002" /><testcase classname="test.test_torch_fft_cpu_native" name="test_direct_batch_fftw_is_bitwise_legacy_exact[True-False]" time="0.002" /><testcase classname="test.test_torch_fft_cpu_native" name="test_direct_batch_fftw_is_bitwise_legacy_exact[True-True]" time="0.002" /><testcase classname="test.test_torch_fft_cpu_native" name="test_direct_batch_fftw_gate_is_strict_and_default_off" time="0.001" /><testcase classname="test.test_torch_fft_cpu_native" name="test_direct_batch_fftw_runtime_drift_falls_back[gate]" time="0.001" /><testcase classname="test.test_torch_fft_cpu_native" name="test_direct_batch_fftw_runtime_drift_falls_back[source]" time="0.001" /><testcase classname="test.test_torch_fft_cpu_native" name="test_direct_batch_fftw_runtime_drift_falls_back[target]" time="0.001" /><testcase classname="test.test_torch_fft_cpu_native" name="test_direct_batch_fftw_runtime_drift_falls_back[pid]" time="0.001" /><testcase classname="test.test_torch_fft_cpu_native" name="test_direct_batch_fftw_runtime_drift_falls_back[thread]" time="0.001" /><testcase classname="test.test_torch_fft_cpu_native" name="test_direct_batch_fftw_runtime_drift_falls_back[threads]" time="0.001" /><testcase classname="test.test_torch_fft_cpu_native" name="test_direct_batch_fftw_does_not_change_single_batch_dispatch" time="0.001" /><testcase classname="test.test_torch_fft_cpu_native" name="test_direct_batch_fftw_rejects_unsafe_contracts" time="0.002" /><testcase classname="test.test_torch_fft_cpu_native" name="test_direct_batch_fftw_rejects_forward_ad" time="0.001" /><testcase classname="test.test_torch_fft_cpu_native" name="test_direct_batch_fftw_setup_failure_falls_back" time="0.001" /><testcase classname="test.test_torch_fft_cpu_native" name="test_batch_plan_destructor_is_fork_safe" time="0.147" /><testcase classname="test.test_torch_fft_cpu_native" name="test_mkl_descriptor_destructor_is_fork_safe" time="0.146" /><testcase classname="test.test_torch_fft_cpu_native" name="test_single_ifft_rechecks_mkl_plan_before_execution[none]" time="0.001" /><testcase classname="test.test_torch_fft_cpu_native" name="test_single_ifft_rechecks_mkl_plan_before_execution[gate]" time="0.001" /><testcase classname="test.test_torch_fft_cpu_native" name="test_single_ifft_rechecks_mkl_plan_before_execution[source]" time="0.001" /><testcase classname="test.test_torch_fft_cpu_native" name="test_single_ifft_rechecks_mkl_plan_before_execution[target]" time="0.001" /><testcase classname="test.test_torch_fft_cpu_native" name="test_mkl_direct_ifft_plan_multithreaded_support" time="0.001" /><testcase classname="test.waveform.test_taylorf2_phase_evaluation" name="test_all_pn_orders_match_original_evaluation[cpu-dtype0]" time="1.163" /><testcase classname="test.waveform.test_taylorf2_phase_evaluation" name="test_all_pn_orders_match_original_evaluation[cpu-dtype1]" time="0.944" /><testcase classname="test.waveform.test_taylorf2_phase_evaluation" name="test_all_pn_orders_match_original_evaluation[cuda-dtype0]" time="2.858" /><testcase classname="test.waveform.test_taylorf2_phase_evaluation" name="test_all_pn_orders_match_original_evaluation[cuda-dtype1]" time="2.703" /><testcase classname="test.waveform.test_taylorf2_phase_evaluation" name="test_scalar_and_reference_velocity_shapes[cpu]" time="0.004" /><testcase classname="test.waveform.test_taylorf2_phase_evaluation" name="test_scalar_and_reference_velocity_shapes[cuda]" time="0.010" /><testcase classname="test.waveform.test_taylorf2_phase_evaluation" name="test_generic_evaluator_preserves_arbitrary_log_coefficients[cpu]" time="0.001" /><testcase classname="test.waveform.test_taylorf2_phase_evaluation" name="test_generic_evaluator_preserves_arbitrary_log_coefficients[cuda]" time="0.003" /><testcase classname="test.waveform.test_taylorf2_phase_evaluation" name="test_reverse_autograd_matches_original[cpu-orders0]" time="0.015" /><testcase classname="test.waveform.test_taylorf2_phase_evaluation" name="test_reverse_autograd_matches_original[cpu-orders1]" time="0.011" /><testcase classname="test.waveform.test_taylorf2_phase_evaluation" name="test_reverse_autograd_matches_original[cuda-orders0]" time="0.042" /><testcase classname="test.waveform.test_taylorf2_phase_evaluation" name="test_reverse_autograd_matches_original[cuda-orders1]" time="0.030" /><testcase classname="test.waveform.test_taylorf2_phase_evaluation" name="test_forward_autograd_matches_original[cpu-orders0]" time="0.503" /><testcase classname="test.waveform.test_taylorf2_phase_evaluation" name="test_forward_autograd_matches_original[cpu-orders1]" time="0.027" /><testcase classname="test.waveform.test_taylorf2_phase_evaluation" name="test_forward_autograd_matches_original[cuda-orders0]" time="0.065" /><testcase classname="test.waveform.test_taylorf2_phase_evaluation" name="test_forward_autograd_matches_original[cuda-orders1]" time="0.040" /><testcase classname="test.waveform.test_taylorf2_torch" name="test_taylorf2_torch_parity[params0]" time="0.004" /><testcase classname="test.waveform.test_taylorf2_torch" name="test_taylorf2_torch_parity[params1]" time="0.002" /><testcase classname="test.waveform.test_taylorf2_torch" name="test_taylorf2_torch_parity[params2]" time="0.005" /><testcase classname="test.waveform.test_taylorf2_torch" name="test_taylorf2_torch_global_switch_falls_back" time="0.001" /><testcase classname="test.waveform.test_taylorf2_torch" name="test_taylorf2_sequence_public_torch_parity_and_dispatch[params0-sample_points0]" time="0.002" /><testcase classname="test.waveform.test_taylorf2_torch" name="test_taylorf2_sequence_public_torch_parity_and_dispatch[params1-sample_points1]" time="0.001" /><testcase classname="test.waveform.test_taylorf2_torch" name="test_taylorf2_sequence_public_torch_parity_and_dispatch[params2-sample_points2]" time="0.002" /><testcase classname="test.waveform.test_taylorf2_torch" name="test_taylorf2_sequence_unsupported_amplitude_uses_lal_fallback" time="0.001" /><testcase classname="test.waveform.test_taylorf2_torch" name="test_taylorf2_sequence_stays_on_requested_device[cpu]" time="0.001" /><testcase classname="test.waveform.test_taylorf2_torch" name="test_taylorf2_sequence_stays_on_requested_device[mps]" time="0.001"><skipped type="pytest.skip" message="Torch MPS device is unavailable">/home/xangma/pycbc-torch-performance-fix-20260906/cpu-candidate/test/waveform/test_taylorf2_torch.py:382: Torch MPS device is unavailable</skipped></testcase><testcase classname="test.waveform.test_taylorf2_torch" name="test_taylorf2_sequence_stays_on_requested_device[cuda]" time="0.002" /><testcase classname="test.waveform.test_taylorf2_torch" name="test_taylorf2_sequence_native_avoids_host_transfer" time="0.001" /><testcase classname="test.waveform.test_taylorf2_torch" name="test_taylorf2_public_torch_parity_and_dispatch[params0]" time="0.002" /><testcase classname="test.waveform.test_taylorf2_torch" name="test_taylorf2_public_torch_parity_and_dispatch[params1]" time="0.002" /><testcase classname="test.waveform.test_taylorf2_torch" name="test_taylorf2_public_torch_parity_and_dispatch[params2]" time="0.002" /><testcase classname="test.waveform.test_taylorf2_torch" name="test_taylorf2_public_torch_parity_and_dispatch[params3]" time="0.002" /><testcase classname="test.waveform.test_taylorf2_torch" name="test_taylorf2_public_torch_parity_and_dispatch[params4]" time="0.002" /><testcase classname="test.waveform.test_taylorf2_torch" name="test_taylorf2_public_torch_uses_mps" time="0.000"><skipped type="pytest.skip" message="Torch MPS device is unavailable">/home/xangma/pycbc-torch-performance-fix-20260906/cpu-candidate/test/waveform/test_taylorf2_torch.py:574: Torch MPS device is unavailable</skipped></testcase><testcase classname="test.waveform.test_taylorf2_torch" name="test_taylorf2_mps_phase_accuracy_boundary" time="0.000"><skipped type="pytest.skip" message="Torch MPS device is unavailable">/home/xangma/pycbc-torch-performance-fix-20260906/cpu-candidate/test/waveform/test_taylorf2_torch.py:610: Torch MPS device is unavailable</skipped></testcase><testcase classname="test.waveform.test_taylorf2_torch" name="test_taylorf2_mps_phase_boundary_uses_lal_fallback" time="0.000"><skipped type="pytest.skip" message="Torch MPS device is unavailable">/home/xangma/pycbc-torch-performance-fix-20260906/cpu-candidate/test/waveform/test_taylorf2_torch.py:651: Torch MPS device is unavailable</skipped></testcase><testcase classname="test.waveform.test_taylorf2_torch" name="test_taylorf2_unsupported_amplitude_uses_lal_fallback" time="0.001" /><testcase classname="test.waveform.test_taylorf2_torch" name="test_taylorf2_native_support_boundary[params0-True]" time="0.000" /><testcase classname="test.waveform.test_taylorf2_torch" name="test_taylorf2_native_support_boundary[params1-True]" time="0.000" /><testcase classname="test.waveform.test_taylorf2_torch" name="test_taylorf2_native_support_boundary[params2-True]" time="0.000" /><testcase classname="test.waveform.test_taylorf2_torch" name="test_taylorf2_native_support_boundary[params3-False]" time="0.000" /><testcase classname="test.waveform.test_taylorf2_torch" name="test_taylorf2_native_support_boundary[params4-False]" time="0.000" /><testcase classname="test.waveform.test_taylorf2_torch" name="test_taylorf2_native_support_boundary[params5-False]" time="0.000" /><testcase classname="test.waveform.test_taylorf2_torch" name="test_taylorf2_native_support_boundary[params6-False]" time="0.000" /><testcase classname="test.waveform.test_taylorf2_torch" name="test_taylorf2_native_support_boundary[params7-False]" time="0.000" /><testcase classname="test.waveform.test_taylorf2_torch" name="test_taylorf2_native_support_boundary[params8-False]" time="0.000" /><testcase classname="test.waveform.test_taylorf2_torch" name="test_taylorf2_native_support_boundary[params9-False]" time="0.000" /><testcase classname="test.waveform.test_taylorf2_torch" name="test_taylorf2_native_support_boundary[params10-False]" time="0.000" /><testcase classname="test.waveform.test_taylorf2_torch" name="test_taylorf2_eos_quadrupole_fit_matches_lal[0.25]" time="0.001" /><testcase classname="test.waveform.test_taylorf2_torch" name="test_taylorf2_eos_quadrupole_fit_matches_lal[0.5]" time="0.000" /><testcase classname="test.waveform.test_taylorf2_torch" name="test_taylorf2_eos_quadrupole_fit_matches_lal[1.0]" time="0.000" /><testcase classname="test.waveform.test_taylorf2_torch" name="test_taylorf2_eos_quadrupole_fit_matches_lal[100.0]" time="0.000" /><testcase classname="test.waveform.test_taylorf2_torch" name="test_taylorf2_eos_quadrupole_fit_matches_lal[800.0]" time="0.000" /><testcase classname="test.waveform.test_taylorf2_torch" name="test_taylorf2_default_tides_stop_at_7pn" time="0.000" /><testcase classname="test.waveform.test_taylorf2_batch" name="test_scalar_parameters_broadcast_and_result_contract" time="0.009" /><testcase classname="test.waveform.test_taylorf2_batch" name="test_batch_parameter_shapes_are_validated[mismatched-physical-parameter-lengths]" time="0.001" /><testcase classname="test.waveform.test_taylorf2_batch" name="test_batch_parameter_shapes_are_validated[empty-vector]" time="0.001" /><testcase classname="test.waveform.test_taylorf2_batch" name="test_batch_parameter_shapes_are_validated[matrix-parameter]" time="0.001" /><testcase classname="test.waveform.test_taylorf2_batch" name="test_batch_parameter_shapes_are_validated[mismatched-cutoff-length]" time="0.001" /><testcase classname="test.waveform.test_taylorf2_batch" name="test_batch_parameter_shapes_are_validated[vector-frequency-spacing]" time="0.001" /><testcase classname="test.waveform.test_taylorf2_batch" name="test_per_row_cutoffs_and_exact_zero_padding" time="0.005" /><testcase classname="test.waveform.test_taylorf2_batch" name="test_each_batch_row_matches_scalar_taylorf2" time="0.007" /><testcase classname="test.waveform.test_taylorf2_batch" name="test_advanced_batch_rows_match_scalar_taylorf2" time="0.008" /><testcase classname="test.waveform.test_taylorf2_batch" name="test_cuda_batch_matches_cpu" time="0.062" /><testcase classname="test.waveform.test_taylorf2_batch" name="test_scalar_public_api_remains_a_frequency_series" time="0.001" /><testcase classname="test.waveform.test_taylorf2_batch" name="test_unsupported_approximant_and_scheme_are_explicit_errors" time="0.001" /><testcase classname="te
[...]
ward_point_tangent" time="0.004" /><testcase classname="test.test_torch_chisq_cpu_optimization" name="test_cpu_native_shift_sum_rejects_negative_bit_view" time="0.001" /><testcase classname="test.test_torch_chisq_cpu_optimization" name="test_cpu_native_index_view_is_request_local_and_zero_copy[int64]" time="0.001" /><testcase classname="test.test_torch_chisq_cpu_optimization" name="test_cpu_native_index_view_is_request_local_and_zero_copy[float64]" time="0.001" /><testcase classname="test.test_torch_chisq_cpu_optimization" name="test_cpu_native_index_view_fails_closed_for_unsupported_storage[tensor0]" time="0.000" /><testcase classname="test.test_torch_chisq_cpu_optimization" name="test_cpu_native_index_view_fails_closed_for_unsupported_storage[tensor1]" time="0.000" /><testcase classname="test.test_torch_chisq_cpu_optimization" name="test_cpu_native_index_view_fails_closed_for_unsupported_storage[tensor2]" time="0.000" /><testcase classname="test.test_torch_chisq_cpu_optimization" name="test_cpu_native_index_view_fails_closed_for_unsupported_storage[tensor3]" time="0.000" /><testcase classname="test.test_torch_chisq_cpu_optimization" name="test_cpu_native_index_view_fails_closed_for_unsupported_storage[tensor4]" time="0.000" /><testcase classname="test.test_torch_chisq_cpu_optimization" name="test_cpu_native_index_view_rejects_forward_ad_state" time="0.000" /><testcase classname="test.test_torch_chisq_cpu_optimization" name="test_cpu_native_index_view_fails_closed_without_numpy_abi" time="0.000" /><testcase classname="test.test_torch_chisq_cpu_optimization" name="test_cpu_native_index_view_rejects_negative_bit_view" time="0.000" /><testcase classname="test.test_torch_chisq_cpu_optimization" name="test_cpu_native_index_view_rejects_accelerator_storage[cuda]" time="0.001" /><testcase classname="test.test_torch_chisq_cpu_optimization" name="test_cpu_native_index_view_rejects_accelerator_storage[mps]" time="0.000"><skipped type="pytest.skip" message="Torch MPS device unavailable">/home/xangma/pycbc-torch-performance-fix-20260906/cpu-candidate/test/test_torch_chisq_cpu_optimization.py:784: Torch MPS device unavailable</skipped></testcase><testcase classname="test.test_torch_chisq_cpu_optimization" name="test_torch_int64_array_dispatches_single_search_with_bitwise_parity" time="0.001" /><testcase classname="test.test_torch_chisq_cpu_optimization" name="test_torch_int64_array_dispatches_sparse_search_with_bitwise_parity" time="0.001" /><testcase classname="test.test_torch_chisq_cpu_optimization" name="test_cpu_native_eligibility_respects_cython_integer_bounds" time="0.000" /><testcase classname="test.test_torch_chisq_cpu_optimization" name="test_cpu_native_paths_reject_tensor_subclasses" time="0.002" /><testcase classname="test.test_torch_chisq_cpu_optimization" name="test_cpu_native_power_chisq_rejects_special_tensor_dispatch[subclass-correlation]" time="0.002" /><testcase classname="test.test_torch_chisq_cpu_optimization" name="test_cpu_native_power_chisq_rejects_special_tensor_dispatch[subclass-indices]" time="0.002" /><testcase classname="test.test_torch_chisq_cpu_optimization" name="test_cpu_native_power_chisq_rejects_special_tensor_dispatch[subclass-snr]" time="0.001" /><testcase classname="test.test_torch_chisq_cpu_optimization" name="test_cpu_native_power_chisq_rejects_special_tensor_dispatch[subclass-snr_norm]" time="0.001" /><testcase classname="test.test_torch_chisq_cpu_optimization" name="test_cpu_native_power_chisq_rejects_special_tensor_dispatch[inference-correlation]" time="0.001" /><testcase classname="test.test_torch_chisq_cpu_optimization" name="test_cpu_native_power_chisq_rejects_special_tensor_dispatch[inference-indices]" time="0.001" /><testcase classname="test.test_torch_chisq_cpu_optimization" name="test_cpu_native_power_chisq_rejects_special_tensor_dispatch[inference-snr]" time="0.001" /><testcase classname="test.test_torch_chisq_cpu_optimization" name="test_cpu_native_power_chisq_rejects_special_tensor_dispatch[inference-snr_norm]" time="0.001" /><testcase classname="test.test_torch_chisq_cpu_optimization" name="test_cpu_single_point_bin_sums_preserves_correlation_autograd" time="0.001" /><testcase classname="test.test_torch_chisq_cpu_optimization" name="test_cpu_single_point_bin_sums_improves_reduction_precision" time="0.001" /><testcase classname="test.test_torch_chisq_cpu_optimization" name="test_empty_correlation_requires_empty_points[0-shift_sum-complex64]" time="0.001" /><testcase classname="test.test_torch_chisq_cpu_optimization" name="test_empty_correlation_requires_empty_points[0-shift_sum-complex128]" time="0.001" /><testcase classname="test.test_torch_chisq_cpu_optimization" name="test_empty_correlation_requires_empty_points[0-power_chisq-complex64]" time="0.001" /><testcase classname="test.test_torch_chisq_cpu_optimization" name="test_empty_correlation_requires_empty_points[0-power_chisq-complex128]" time="0.001" /><testcase classname="test.test_torch_chisq_cpu_optimization" name="test_empty_correlation_requires_empty_points[1-shift_sum-complex64]" time="0.001" /><testcase classname="test.test_torch_chisq_cpu_optimization" name="test_empty_correlation_requires_empty_points[1-shift_sum-complex128]" time="0.001" /><testcase classname="test.test_torch_chisq_cpu_optimization" name="test_empty_correlation_requires_empty_points[1-power_chisq-complex64]" time="0.001" /><testcase classname="test.test_torch_chisq_cpu_optimization" name="test_empty_correlation_requires_empty_points[1-power_chisq-complex128]" time="0.001" /><testcase classname="test.test_torch_chisq_cpu_optimization" name="test_empty_power_chisq_skips_shift_sum" time="0.001" /><testcase classname="test.test_torch_chisq_cpu_optimization" name="test_power_chisq_consumes_sliced_torch_storage_without_host_conversion" time="0.001" /><testcase classname="test.test_torch_chisq_sparse_dispatch" name="test_sparse_numpy_indices_are_consumed_directly_and_bitwise[2]" time="0.001" /><testcase classname="test.test_torch_chisq_sparse_dispatch" name="test_sparse_numpy_indices_are_consumed_directly_and_bitwise[4]" time="0.001" /><testcase classname="test.test_torch_chisq_sparse_dispatch" name="test_sparse_numpy_indices_are_consumed_directly_and_bitwise[8]" time="0.001" /><testcase classname="test.test_torch_chisq_sparse_dispatch" name="test_unsupported_numpy_indices_retain_generic_native_fallback[int32]" time="0.001" /><testcase classname="test.test_torch_chisq_sparse_dispatch" name="test_unsupported_numpy_indices_retain_generic_native_fallback[strided]" time="0.001" /><testcase classname="test.test_torch_chisq_sparse_dispatch" name="test_sparse_numpy_fast_path_preserves_multi_point_autograd" time="0.002" /><testcase classname="test.test_torch_chisq_sparse_dispatch" name="test_sparse_numpy_empty_result_skips_native_dispatch" time="0.001" /><testcase classname="test.test_chisq_torch" name="test_power_chisq_at_points_torch_matches_cpu_and_stays_real" time="0.001" /><testcase classname="test.test_chisq_torch" name="test_power_chisq_at_points_torch_errors_do_not_fall_back" time="0.001" /><testcase classname="test.test_chisq_torch" name="test_power_chisq_threshold_output_stays_on_torch[3.0]" time="0.001" /><testcase classname="test.test_chisq_torch" name="test_power_chisq_threshold_output_stays_on_torch[100.0]" time="0.001" /><testcase classname="test.test_chisq_torch" name="test_sine_gaussian_chisq_stays_on_torch" time="0.003" /><testcase classname="test.test_chisq_torch" name="test_skymax_power_chisq_keeps_dense_scratch_on_torch[None]" time="0.002" /><testcase classname="test.test_chisq_torch" name="test_skymax_power_chisq_keeps_dense_scratch_on_torch[4.0]" time="0.002" /><testcase classname="test.test_chisq_torch" name="test_power_chisq_cuda_triton_fused" time="0.002" /><testcase classname="test.test_torch_performance_artifacts" name="test_sample_summary_preserves_samples_tails_and_ci" time="0.001" /><testcase classname="test.test_torch_performance_artifacts" name="test_legacy_summary_accessors_recover_tail_and_existing_interval" time="0.001" /><testcase classname="test.test_torch_performance_artifacts" name="test_schema_v2_artifact_remains_mergeable" time="0.001" /><testcase classname="test.test_torch_performance_artifacts" name="test_default_and_native_routes_have_isolated_feature_flags" time="0.000" /><testcase classname="test.test_torch_performance_artifacts" name="test_orchestrator_defaults_to_public_production_routes" time="0.002" /><testcase classname="test.test_torch_performance_artifacts" name="test_live_parity_rejects_nonfinite_values[reference-nan-end_times]" time="0.001" /><testcase classname="test.test_torch_performance_artifacts" name="test_live_parity_rejects_nonfinite_values[reference-nan-snrs]" time="0.001" /><testcase classname="test.test_torch_performance_artifacts" name="test_live_parity_rejects_nonfinite_values[reference-nan-coa_phases]" time="0.001" /><testcase classname="test.test_torch_performance_artifacts" name="test_live_parity_rejects_nonfinite_values[reference-nan-sigmasqs]" time="0.001" /><testcase classname="test.test_torch_performance_artifacts" name="test_live_parity_rejects_nonfinite_values[reference-nan-output_l2]" time="0.001" /><testcase classname="test.test_torch_performance_artifacts" name="test_live_parity_rejects_nonfinite_values[reference-nan-num_triggers]" time="0.001" /><testcase classname="test.test_torch_performance_artifacts" name="test_live_parity_rejects_nonfinite_values[reference-nan-template_ids]" time="0.001" /><testcase classname="test.test_torch_performance_artifacts" name="test_live_parity_rejects_nonfinite_values[reference-nan-veto_count]" time="0.001" /><testcase classname="test.test_torch_performance_artifacts" name="test_live_parity_rejects_nonfinite_values[reference-inf-end_times]" time="0.001" /><testcase classname="test.test_torch_performance_artifacts" name="test_live_parity_rejects_nonfinite_values[reference-inf-snrs]" time="0.001" /><testcase classname="test.test_torch_performance_artifacts" name="test_live_parity_rejects_nonfinite_values[reference-inf-coa_phases]" time="0.001" /><testcase classname="test.test_torch_performance_artifacts" name="test_live_parity_rejects_nonfinite_values[reference-inf-sigmasqs]" time="0.001" /><testcase classname="test.test_torch_performance_artifacts" name="test_live_parity_rejects_nonfinite_values[reference-inf-output_l2]" time="0.001" /><testcase classname="test.test_torch_performance_artifacts" name="test_live_parity_rejects_nonfinite_values[reference-inf-num_triggers]" time="0.001" /><testcase classname="test.test_torch_performance_artifacts" name="test_live_parity_rejects_nonfinite_values[reference-inf-template_ids]" time="0.001" /><testcase classname="test.test_torch_performance_artifacts" name="test_live_parity_rejects_nonfinite_values[reference-inf-veto_count]" time="0.001" /><testcase classname="test.test_torch_performance_artifacts" name="test_live_parity_rejects_nonfinite_values[reference--inf-end_times]" time="0.001" /><testcase classname="test.test_torch_performance_artifacts" name="test_live_parity_rejects_nonfinite_values[reference--inf-snrs]" time="0.001" /><testcase classname="test.test_torch_performance_artifacts" name="test_live_parity_rejects_nonfinite_values[reference--inf-coa_phases]" time="0.001" /><testcase classname="test.test_torch_performance_artifacts" name="test_live_parity_rejects_nonfinite_values[reference--inf-sigmasqs]" time="0.001" /><testcase classname="test.test_torch_performance_artifacts" name="test_live_parity_rejects_nonfinite_values[reference--inf-output_l2]" time="0.001" /><testcase classname="test.test_torch_performance_artifacts" name="test_live_parity_rejects_nonfinite_values[reference--inf-num_triggers]" time="0.001" /><testcase classname="test.test_torch_performance_artifacts" name="test_live_parity_rejects_nonfinite_values[reference--inf-template_ids]" time="0.001" /><testcase classname="test.test_torch_performance_artifacts" name="test_live_parity_rejects_nonfinite_values[reference--inf-veto_count]" time="0.001" /><testcase classname="test.test_torch_performance_artifacts" name="test_live_parity_rejects_nonfinite_values[candidate-nan-end_times]" time="0.001" /><testcase classname="test.test_torch_performance_artifacts" name="test_live_parity_rejects_nonfinite_values[candidate-nan-snrs]" time="0.001" /><testcase classname="test.test_torch_performance_artifacts" name="test_live_parity_rejects_nonfinite_values[candidate-nan-coa_phases]" time="0.001" /><testcase classname="test.test_torch_performance_artifacts" name="test_live_parity_rejects_nonfinite_values[candidate-nan-sigmasqs]" time="0.001" /><testcase classname="test.test_torch_performance_artifacts" name="test_live_parity_rejects_nonfinite_values[candidate-nan-output_l2]" time="0.001" /><testcase classname="test.test_torch_performance_artifacts" name="test_live_parity_rejects_nonfinite_values[candidate-nan-num_triggers]" time="0.001" /><testcase classname="test.test_torch_performance_artifacts" name="test_live_parity_rejects_nonfinite_values[candidate-nan-template_ids]" time="0.001" /><testcase classname="test.test_torch_performance_artifacts" name="test_live_parity_rejects_nonfinite_values[candidate-nan-veto_count]" time="0.001" /><testcase classname="test.test_torch_performance_artifacts" name="test_live_parity_rejects_nonfinite_values[candidate-inf-end_times]" time="0.001" /><testcase classname="test.test_torch_performance_artifacts" name="test_live_parity_rejects_nonfinite_values[candidate-inf-snrs]" time="0.001" /><testcase classname="test.test_torch_performance_artifacts" name="test_live_parity_rejects_nonfinite_values[candidate-inf-coa_phases]" time="0.001" /><testcase classname="test.test_torch_performance_artifacts" name="test_live_parity_rejects_nonfinite_values[candidate-inf-sigmasqs]" time="0.001" /><testcase classname="test.test_torch_performance_artifacts" name="test_live_parity_rejects_nonfinite_values[candidate-inf-output_l2]" time="0.001" /><testcase classname="test.test_torch_performance_artifacts" name="test_live_parity_rejects_nonfinite_values[candidate-inf-num_triggers]" time="0.001" /><testcase classname="test.test_torch_performance_artifacts" name="test_live_parity_rejects_nonfinite_values[candidate-inf-template_ids]" time="0.001" /><testcase classname="test.test_torch_performance_artifacts" name="test_live_parity_rejects_nonfinite_values[candidate-inf-veto_count]" time="0.001" /><testcase classname="test.test_torch_performance_artifacts" name="test_live_parity_rejects_nonfinite_values[candidate--inf-end_times]" time="0.001" /><testcase classname="test.test_torch_performance_artifacts" name="test_live_parity_rejects_nonfinite_values[candidate--inf-snrs]" time="0.001" /><testcase classname="test.test_torch_performance_artifacts" name="test_live_parity_rejects_nonfinite_values[candidate--inf-coa_phases]" time="0.001" /><testcase classname="test.test_torch_performance_artifacts" name="test_live_parity_rejects_nonfinite_values[candidate--inf-sigmasqs]" time="0.001" /><testcase classname="test.test_torch_performance_artifacts" name="test_live_parity_rejects_nonfinite_values[candidate--inf-output_l2]" time="0.001" /><testcase classname="test.test_torch_performance_artifacts" name="test_live_parity_rejects_nonfinite_values[candidate--inf-num_triggers]" time="0.001" /><testcase classname="test.test_torch_performance_artifacts" name="test_live_parity_rejects_nonfinite_values[candidate--inf-template_ids]" time="0.001" /><testcase classname="test.test_torch_performance_artifacts" name="test_live_parity_rejects_nonfinite_values[candidate--inf-veto_count]" time="0.001" /><testcase classname="test.test_torch_performance_artifacts" name="test_live_parity_rejects_nonfinite_values[both-nan-end_times]" time="0.002" /><testcase classname="test.test_torch_performance_artifacts" name="test_live_parity_rejects_nonfinite_values[both-nan-snrs]" time="0.001" /><testcase classname="test.test_torch_performance_artifacts" name="test_live_parity_rejects_nonfinite_values[both-nan-coa_phases]" time="0.001" /><testcase classname="test.test_torch_performance_artifacts" name="test_live_parity_rejects_nonfinite_values[both-nan-sigmasqs]" time="0.001" /><testcase classname="test.test_torch_performance_artifacts" name="test_live_parity_rejects_nonfinite_values[both-nan-output_l2]" time="0.001" /><testcase classname="test.test_torch_performance_artifacts" name="test_live_parity_rejects_nonfinite_values[both-nan-num_triggers]" time="0.001" /><testcase classname="test.test_torch_performance_artifacts" name="test_live_parity_rejects_nonfinite_values[both-nan-template_ids]" time="0.001" /><testcase classname="test.test_torch_performance_artifacts" name="test_live_parity_rejects_nonfinite_values[both-nan-veto_count]" time="0.001" /><testcase classname="test.test_torch_performance_artifacts" name="test_live_parity_rejects_nonfinite_values[both-inf-end_times]" time="0.001" /><testcase classname="test.test_torch_performance_artifacts" name="test_live_parity_rejects_nonfinite_values[both-inf-snrs]" time="0.001" /><testcase classname="test.test_torch_performance_artifacts" name="test_live_parity_rejects_nonfinite_values[both-inf-coa_phases]" time="0.001" /><testcase classname="test.test_torch_performance_artifacts" name="test_live_parity_rejects_nonfinite_values[both-inf-sigmasqs]" time="0.001" /><testcase classname="test.test_torch_performance_artifacts" name="test_live_parity_rejects_nonfinite_values[both-inf-output_l2]" time="0.001" /><testcase classname="test.test_torch_performance_artifacts" name="test_live_parity_rejects_nonfinite_values[both-inf-num_triggers]" time="0.001" /><testcase classname="test.test_torch_performance_artifacts" name="test_live_parity_rejects_nonfinite_values[both-inf-template_ids]" time="0.001" /><testcase classname="test.test_torch_performance_artifacts" name="test_live_parity_rejects_nonfinite_values[both-inf-veto_count]" time="0.001" /><testcase classname="test.test_torch_performance_artifacts" name="test_live_parity_rejects_nonfinite_values[both--inf-end_times]" time="0.001" /><testcase classname="test.test_torch_performance_artifacts" name="test_live_parity_rejects_nonfinite_values[both--inf-snrs]" time="0.001" /><testcase classname="test.test_torch_performance_artifacts" name="test_live_parity_rejects_nonfinite_values[both--inf-coa_phases]" time="0.001" /><testcase classname="test.test_torch_performance_artifacts" name="test_live_parity_rejects_nonfinite_values[both--inf-sigmasqs]" time="0.001" /><testcase classname="test.test_torch_performance_artifacts" name="test_live_parity_rejects_nonfinite_values[both--inf-output_l2]" time="0.001" /><testcase classname="test.test_torch_performance_artifacts" name="test_live_parity_rejects_nonfinite_values[both--inf-num_triggers]" time="0.001" /><testcase classname="test.test_torch_performance_artifacts" name="test_live_parity_rejects_nonfinite_values[both--inf-template_ids]" time="0.001" /><testcase classname="test.test_torch_performance_artifacts" name="test_live_parity_rejects_nonfinite_values[both--inf-veto_count]" time="0.001" /><testcase classname="test.test_torch_performance_artifacts" name="test_live_parity_phase_wrap_rejects_overflow[False]" time="0.000" /><testcase classname="test.test_torch_performance_artifacts" name="test_live_parity_phase_wrap_rejects_overflow[True]" time="0.000" /><testcase classname="test.test_torch_performance_artifacts" name="test_live_orchestrator_exit_preserves_diagnostic_artifact[False]" time="0.016" /><testcase classname="test.test_torch_performance_artifacts" name="test_live_orchestrator_exit_preserves_diagnostic_artifact[True]" time="0.012" /><testcase classname="test.test_torch_performance_artifacts" name="test_production_artifact_parser_preserves_scope_samples_and_uncertainty" time="0.001" /><testcase classname="test.test_torch_performance_artifacts" name="test_legacy_component_artifact_is_not_promoted_to_end_to_end" time="0.001" /></testsuite></testsuites>