<?xml version="1.0" encoding="utf-8"?><testsuites name="pytest tests"><testsuite name="pytest" errors="0" failures="0" skipped="42" tests="308" time="3.633" timestamp="2026-09-08T20:53:09.585035+01:00" hostname="client-3792.default.vpn.port.ac.uk"><testcase classname="test.test_torch_chisq_cpu_compat" name="test_sparse_search_matches_unchanged_cpu[False-float-1-cpu]" time="0.011" /><testcase classname="test.test_torch_chisq_cpu_compat" name="test_sparse_search_matches_unchanged_cpu[False-float-1-cuda]" time="0.000"><skipped type="pytest.skip" message="CUDA unavailable">/private/tmp/pycbc-torch-parity-restack-v2-20260908/test/test_torch_chisq_cpu_compat.py:24: CUDA unavailable</skipped></testcase><testcase classname="test.test_torch_chisq_cpu_compat" name="test_sparse_search_matches_unchanged_cpu[False-float-4-cpu]" time="0.005" /><testcase classname="test.test_torch_chisq_cpu_compat" name="test_sparse_search_matches_unchanged_cpu[False-float-4-cuda]" time="0.000"><skipped type="pytest.skip" message="CUDA unavailable">/private/tmp/pycbc-torch-parity-restack-v2-20260908/test/test_torch_chisq_cpu_compat.py:24: CUDA unavailable</skipped></testcase><testcase classname="test.test_torch_chisq_cpu_compat" name="test_sparse_search_matches_unchanged_cpu[False-float32-1-cpu]" time="0.005" /><testcase classname="test.test_torch_chisq_cpu_compat" name="test_sparse_search_matches_unchanged_cpu[False-float32-1-cuda]" time="0.000"><skipped type="pytest.skip" message="CUDA unavailable">/private/tmp/pycbc-torch-parity-restack-v2-20260908/test/test_torch_chisq_cpu_compat.py:24: CUDA unavailable</skipped></testcase><testcase classname="test.test_torch_chisq_cpu_compat" name="test_sparse_search_matches_unchanged_cpu[False-float32-4-cpu]" time="0.006" /><testcase classname="test.test_torch_chisq_cpu_compat" name="test_sparse_search_matches_unchanged_cpu[False-float32-4-cuda]" time="0.000"><skipped type="pytest.skip" message="CUDA unavailable">/private/tmp/pycbc-torch-parity-restack-v2-20260908/test/test_torch_chisq_cpu_compat.py:24: CUDA unavailable</skipped></testcase><testcase classname="test.test_torch_chisq_cpu_compat" name="test_sparse_search_matches_unchanged_cpu[False-float64-1-cpu]" time="0.006" /><testcase classname="test.test_torch_chisq_cpu_compat" name="test_sparse_search_matches_unchanged_cpu[False-float64-1-cuda]" time="0.000"><skipped type="pytest.skip" message="CUDA unavailable">/private/tmp/pycbc-torch-parity-restack-v2-20260908/test/test_torch_chisq_cpu_compat.py:24: CUDA unavailable</skipped></testcase><testcase classname="test.test_torch_chisq_cpu_compat" name="test_sparse_search_matches_unchanged_cpu[False-float64-4-cpu]" time="0.006" /><testcase classname="test.test_torch_chisq_cpu_compat" name="test_sparse_search_matches_unchanged_cpu[False-float64-4-cuda]" time="0.000"><skipped type="pytest.skip" message="CUDA unavailable">/private/tmp/pycbc-torch-parity-restack-v2-20260908/test/test_torch_chisq_cpu_compat.py:24: CUDA unavailable</skipped></testcase><testcase classname="test.test_torch_chisq_cpu_compat" name="test_sparse_search_matches_unchanged_cpu[True-float-1-cpu]" time="0.005" /><testcase classname="test.test_torch_chisq_cpu_compat" name="test_sparse_search_matches_unchanged_cpu[True-float-1-cuda]" time="0.000"><skipped type="pytest.skip" message="CUDA unavailable">/private/tmp/pycbc-torch-parity-restack-v2-20260908/test/test_torch_chisq_cpu_compat.py:24: CUDA unavailable</skipped></testcase><testcase classname="test.test_torch_chisq_cpu_compat" name="test_sparse_search_matches_unchanged_cpu[True-float-4-cpu]" time="0.006" /><testcase classname="test.test_torch_chisq_cpu_compat" name="test_sparse_search_matches_unchanged_cpu[True-float-4-cuda]" time="0.000"><skipped type="pytest.skip" message="CUDA unavailable">/private/tmp/pycbc-torch-parity-restack-v2-20260908/test/test_torch_chisq_cpu_compat.py:24: CUDA unavailable</skipped></testcase><testcase classname="test.test_torch_chisq_cpu_compat" name="test_sparse_search_matches_unchanged_cpu[True-float32-1-cpu]" time="0.005" /><testcase classname="test.test_torch_chisq_cpu_compat" name="test_sparse_search_matches_unchanged_cpu[True-float32-1-cuda]" time="0.000"><skipped type="pytest.skip" message="CUDA unavailable">/private/tmp/pycbc-torch-parity-restack-v2-20260908/test/test_torch_chisq_cpu_compat.py:24: CUDA unavailable</skipped></testcase><testcase classname="test.test_torch_chisq_cpu_compat" name="test_sparse_search_matches_unchanged_cpu[True-float32-4-cpu]" time="0.006" /><testcase classname="test.test_torch_chisq_cpu_compat" name="test_sparse_search_matches_unchanged_cpu[True-float32-4-cuda]" time="0.000"><skipped type="pytest.skip" message="CUDA unavailable">/private/tmp/pycbc-torch-parity-restack-v2-20260908/test/test_torch_chisq_cpu_compat.py:24: CUDA unavailable</skipped></testcase><testcase classname="test.test_torch_chisq_cpu_compat" name="test_sparse_search_matches_unchanged_cpu[True-float64-1-cpu]" time="0.005" /><testcase classname="test.test_torch_chisq_cpu_compat" name="test_sparse_search_matches_unchanged_cpu[True-float64-1-cuda]" time="0.000"><skipped type="pytest.skip" message="CUDA unavailable">/private/tmp/pycbc-torch-parity-restack-v2-20260908/test/test_torch_chisq_cpu_compat.py:24: CUDA unavailable</skipped></testcase><testcase classname="test.test_torch_chisq_cpu_compat" name="test_sparse_search_matches_unchanged_cpu[True-float64-4-cpu]" time="0.006" /><testcase classname="test.test_torch_chisq_cpu_compat" name="test_sparse_search_matches_unchanged_cpu[True-float64-4-cuda]" time="0.000"><skipped type="pytest.skip" message="CUDA unavailable">/private/tmp/pycbc-torch-parity-restack-v2-20260908/test/test_torch_chisq_cpu_compat.py:24: CUDA unavailable</skipped></testcase><testcase classname="test.test_torch_chisq_cpu_compat" name="test_search_compatibility_rejects_special_storage[corr-grad]" time="0.000" /><testcase classname="test.test_torch_chisq_cpu_compat" name="test_search_compatibility_rejects_special_storage[corr-inference]" time="0.000" /><testcase classname="test.test_torch_chisq_cpu_compat" name="test_search_compatibility_rejects_special_storage[corr-subclass]" time="0.000" /><testcase classname="test.test_torch_chisq_cpu_compat" name="test_search_compatibility_rejects_special_storage[corr-negative]" time="0.000" /><testcase classname="test.test_torch_chisq_cpu_compat" name="test_search_compatibility_rejects_special_storage[snr-grad]" time="0.000" /><testcase classname="test.test_torch_chisq_cpu_compat" name="test_search_compatibility_rejects_special_storage[snr-inference]" time="0.000" /><testcase classname="test.test_torch_chisq_cpu_compat" name="test_search_compatibility_rejects_special_storage[snr-subclass]" time="0.000" /><testcase classname="test.test_torch_chisq_cpu_compat" name="test_search_compatibility_rejects_special_storage[snr-negative]" time="0.000" /><testcase classname="test.test_torch_chisq_cpu_compat" name="test_search_compatibility_rejects_special_storage[points-grad]" time="0.000" /><testcase classname="test.test_torch_chisq_cpu_compat" name="test_search_compatibility_rejects_special_storage[points-inference]" time="0.000" /><testcase classname="test.test_torch_chisq_cpu_compat" name="test_search_compatibility_rejects_special_storage[points-subclass]" time="0.000" /><testcase classname="test.test_torch_chisq_cpu_compat" name="test_search_compatibility_rejects_special_storage[points-negative]" time="0.000" /><testcase classname="test.test_torch_chisq_sparse_dispatch" name="test_sparse_numpy_indices_are_consumed_directly_and_bitwise[2]" time="0.001" /><testcase classname="test.test_torch_chisq_sparse_dispatch" name="test_sparse_numpy_indices_are_consumed_directly_and_bitwise[4]" time="0.000" /><testcase classname="test.test_torch_chisq_sparse_dispatch" name="test_sparse_numpy_indices_are_consumed_directly_and_bitwise[8]" time="0.000" /><testcase classname="test.test_torch_chisq_sparse_dispatch" name="test_unsupported_numpy_indices_retain_generic_native_fallback[int32]" time="0.000" /><testcase classname="test.test_torch_chisq_sparse_dispatch" name="test_unsupported_numpy_indices_retain_generic_native_fallback[strided]" time="0.000" /><testcase classname="test.test_torch_chisq_sparse_dispatch" name="test_sparse_numpy_fast_path_preserves_multi_point_autograd" time="0.018" /><testcase classname="test.test_torch_chisq_sparse_dispatch" name="test_sparse_numpy_empty_result_skips_native_dispatch" time="0.000" /><testcase classname="test.test_torch_chisq_cpu_optimization" name="test_forward_ad_guard_skips_unpack_outside_dual_level" time="0.000" /><testcase classname="test.test_torch_chisq_cpu_optimization" name="test_cpu_shift_sum_recurrence_matches_direct_phases[1-complex64]" time="0.001" /><testcase classname="test.test_torch_chisq_cpu_optimization" name="test_cpu_shift_sum_recurrence_matches_direct_phases[1-complex128]" time="0.001" /><testcase classname="test.test_torch_chisq_cpu_optimization" name="test_cpu_shift_sum_recurrence_matches_direct_phases[4-complex64]" time="0.001" /><testcase classname="test.test_torch_chisq_cpu_optimization" name="test_cpu_shift_sum_recurrence_matches_direct_phases[4-complex128]" time="0.001" /><testcase classname="test.test_torch_chisq_cpu_optimization" name="test_cpu_shift_sum_recurrence_matches_direct_phases[32-complex64]" time="0.002" /><testcase classname="test.test_torch_chisq_cpu_optimization" name="test_cpu_shift_sum_recurrence_matches_direct_phases[32-complex128]" time="0.002" /><testcase classname="test.test_torch_chisq_cpu_optimization" name="test_cpu_shift_sum_uses_high_precision_recurrence" time="0.000" /><testcase classname="test.test_torch_chisq_cpu_optimization" name="test_cpu_single_point_shift_sum_batches_bin_recurrences" time="0.001" /><testcase classname="test.test_torch_chisq_cpu_optimization" name="test_accelerator_single_point_phase_reuse_matches_direct_bins[bins0]" time="0.000" /><testcase classname="test.test_torch_chisq_cpu_optimization" name="test_accelerator_single_point_phase_reuse_matches_direct_bins[bins1]" time="0.001" /><testcase classname="test.test_torch_chisq_cpu_optimization" name="test_accelerator_single_point_phase_reuse_matches_direct_bins[bins2]" time="0.000" /><testcase classname="test.test_torch_chisq_cpu_optimization" name="test_accelerator_single_point_phase_reuse_launches_one_phase" time="0.000" /><testcase classname="test.test_torch_chisq_cpu_optimization" name="test_accelerator_phase_reuse_eligibility_preserves_legacy_cases" time="0.000" /><testcase classname="test.test_torch_chisq_cpu_optimization" name="test_shift_sum_dispatches_single_accelerator_point_to_phase_reuse" time="0.001" /><testcase classname="test.test_torch_chisq_cpu_optimization" name="test_accelerator_single_point_shift_sum_is_bitwise_exact" time="0.174" /><testcase classname="test.test_torch_chisq_cpu_optimization" name="test_cpu_native_shift_sum_is_zero_copy_and_torch_owned" time="0.001" /><testcase classname="test.test_torch_chisq_cpu_optimization" name="test_cpu_native_power_chisq_preserves_autograd_fallback" time="0.001" /><testcase classname="test.test_torch_chisq_cpu_optimization" name="test_cpu_native_single_power_chisq_is_zero_copy_and_bitwise" time="0.001" /><testcase classname="test.test_torch_chisq_cpu_optimization" name="test_cpu_native_single_kernel_matches_generic_high_precision[0]" time="0.000" /><testcase classname="test.test_torch_chisq_cpu_optimization" name="test_cpu_native_single_kernel_matches_generic_high_precision[701]" time="0.000" /><testcase classname="test.test_torch_chisq_cpu_optimization" name="test_cpu_native_single_kernel_matches_generic_high_precision[2047]" time="0.000" /><testcase classname="test.test_torch_chisq_cpu_optimization" name="test_cpu_native_single_kernel_matches_generic_high_precision[4095]" time="0.000" /><testcase classname="test.test_torch_chisq_cpu_optimization" name="test_cpu_native_single_power_chisq_preserves_generic_fallback[points0]" time="0.000" /><testcase classname="test.test_torch_chisq_cpu_optimization" name="test_cpu_native_single_power_chisq_preserves_generic_fallback[points1]" time="0.000" /><testcase classname="test.test_torch_chisq_cpu_optimization" name="test_cpu_native_power_chisq_preserves_forward_ad_fallback[correlation]" time="0.350" /><testcase classname="test.test_torch_chisq_cpu_optimization" name="test_cpu_native_power_chisq_preserves_forward_ad_fallback[snr]" time="0.001" /><testcase classname="test.test_torch_chisq_cpu_optimization" name="test_cpu_native_power_chisq_preserves_forward_ad_fallback[norm]" time="0.000" /><testcase classname="test.test_torch_chisq_cpu_optimization" name="test_cpu_native_shift_sum_preserves_forward_point_tangent" time="0.001" /><testcase classname="test.test_torch_chisq_cpu_optimization" name="test_cpu_native_shift_sum_rejects_negative_bit_view" time="0.001" /><testcase classname="test.test_torch_chisq_cpu_optimization" name="test_cpu_native_index_view_is_request_local_and_zero_copy[int64]" time="0.000" /><testcase classname="test.test_torch_chisq_cpu_optimization" name="test_cpu_native_index_view_is_request_local_and_zero_copy[float64]" time="0.000" /><testcase classname="test.test_torch_chisq_cpu_optimization" name="test_cpu_native_index_view_fails_closed_for_unsupported_storage[tensor0]" time="0.000" /><testcase classname="test.test_torch_chisq_cpu_optimization" name="test_cpu_native_index_view_fails_closed_for_unsupported_storage[tensor1]" time="0.000" /><testcase classname="test.test_torch_chisq_cpu_optimization" name="test_cpu_native_index_view_fails_closed_for_unsupported_storage[tensor2]" time="0.000" /><testcase classname="test.test_torch_chisq_cpu_optimization" name="test_cpu_native_index_view_fails_closed_for_unsupported_storage[tensor3]" time="0.000" /><testcase classname="test.test_torch_chisq_cpu_optimization" name="test_cpu_native_index_view_fails_closed_for_unsupported_storage[tensor4]" time="0.000" /><testcase classname="test.test_torch_chisq_cpu_optimization" name="test_cpu_native_index_view_rejects_forward_ad_state" time="0.000" /><testcase classname="test.test_torch_chisq_cpu_optimization" name="test_cpu_native_index_view_fails_closed_without_numpy_abi" time="0.000" /><testcase classname="test.test_torch_chisq_cpu_optimization" name="test_cpu_native_index_view_rejects_negative_bit_view" time="0.000" /><testcase classname="test.test_torch_chisq_cpu_optimization" name="test_cpu_native_index_view_rejects_accelerator_storage[cuda]" time="0.000"><skipped type="pytest.skip" message="Torch CUDA device unavailable">/private/tmp/pycbc-torch-parity-restack-v2-20260908/test/test_torch_chisq_cpu_optimization.py:783: Torch CUDA device unavailable</skipped></testcase><testcase classname="test.test_torch_chisq_cpu_optimization" name="test_cpu_native_index_view_rejects_accelerator_storage[mps]" time="0.000" /><testcase classname="test.test_torch_chisq_cpu_optimization" name="test_torch_int64_array_dispatches_single_search_with_bitwise_parity" time="0.001" /><testcase classname="test.test_torch_chisq_cpu_optimization" name="test_torch_int64_array_dispatches_sparse_search_with_bitwise_parity" time="0.000" /><testcase classname="test.test_torch_chisq_cpu_optimization" name="test_cpu_native_eligibility_respects_cython_integer_bounds" time="0.000" /><testcase classname="test.test_torch_chisq_cpu_optimization" name="test_cpu_native_paths_reject_tensor_subclasses" time="0.001" /><testcase classname="test.test_torch_chisq_cpu_optimization" name="test_cpu_native_power_chisq_rejects_special_tensor_dispatch[subclass-correlation]" time="0.001" /><testcase classname="test.test_torch_chisq_cpu_optimization" name="test_cpu_native_power_chisq_rejects_special_tensor_dispatch[subclass-indices]" time="0.001" /><testcase classname="test.test_torch_chisq_cpu_optimization" name="test_cpu_native_power_chisq_rejects_special_tensor_dispatch[subclass-snr]" time="0.001" /><testcase classname="test.test_torch_chisq_cpu_optimization" name="test_cpu_native_power_chisq_rejects_special_tensor_dispatch[subclass-snr_norm]" time="0.000" /><testcase classname="test.test_torch_chisq_cpu_optimization" name="test_cpu_native_power_chisq_rejects_special_tensor_dispatch[inference-correlation]" time="0.000" /><testcase classname="test.test_torch_chisq_cpu_optimization" name="test_cpu_native_power_chisq_rejects_special_tensor_dispatch[inference-indices]" time="0.000" /><testcase classname="test.test_torch_chisq_cpu_optimization" name="test_cpu_native_power_chisq_rejects_special_tensor_dispatch[inference-snr]" time="0.000" /><testcase classname="test.test_torch_chisq_cpu_optimization" name="test_cpu_native_power_chisq_rejects_special_tensor_dispatch[inference-snr_norm]" time="0.000" /><testcase classname="test.test_torch_chisq_cpu_optimization" name="test_cpu_single_point_bin_sums_preserves_correlation_autograd" time="0.001" /><testcase classname="test.test_torch_chisq_cpu_optimization" name="test_cpu_single_point_bin_sums_improves_reduction_precision" time="0.000" /><testcase classname="test.test_torch_chisq_cpu_optimization" name="test_empty_correlation_requires_empty_points[0-shift_sum-complex64]" time="0.000" /><testcase classname="test.test_torch_chisq_cpu_optimization" name="test_empty_correlation_requires_empty_points[0-shift_sum-complex128]" time="0.000" /><testcase classname="test.test_torch_chisq_cpu_optimization" name="test_empty_correlation_requires_empty_points[0-power_chisq-complex64]" time="0.000" /><testcase classname="test.test_torch_chisq_cpu_optimization" name="test_empty_correlation_requires_empty_points[0-power_chisq-complex128]" time="0.000" /><testcase classname="test.test_torch_chisq_cpu_optimization" name="test_empty_correlation_requires_empty_points[1-shift_sum-complex64]" time="0.000" /><testcase classname="test.test_torch_chisq_cpu_optimization" name="test_empty_correlation_requires_empty_points[1-shift_sum-complex128]" time="0.000" /><testcase classname="test.test_torch_chisq_cpu_optimization" name="test_empty_correlation_requires_empty_points[1-power_chisq-complex64]" time="0.000" /><testcase classname="test.test_torch_chisq_cpu_optimization" name="test_empty_correlation_requires_empty_points[1-power_chisq-complex128]" time="0.001" /><testcase classname="test.test_torch_chisq_cpu_optimization" name="test_empty_power_chisq_skips_shift_sum" time="0.000" /><testcase classname="test.test_torch_chisq_cpu_optimization" name="test_power_chisq_consumes_sliced_torch_storage_without_host_conversion" time="0.000" /><testcase classname="test.test_torch_chisq_precision" name="test_long_shift_sum_matches_direct_phases[False-complex64]" time="0.000"><skipped type="pytest.skip" message="CUDA not available">/private/tmp/pycbc-torch-parity-restack-v2-20260908/test/test_torch_chisq_precision.py:19: CUDA not available</skipped></testcase><testcase classname="test.test_torch_chisq_precision" name="test_long_shift_sum_matches_direct_phases[False-complex128]" time="0.000"><skipped type="pytest.skip" message="CUDA not available">/private/tmp/pycbc-torch-parity-restack-v2-20260908/test/test_torch_chisq_precision.py:19: CUDA not available</skipped></testcase><testcase classname="test.test_torch_chisq_precision" name="test_long_shift_sum_matches_direct_phases[True-complex64]" time="0.000"><skipped type="pytest.skip" message="CUDA not available">/private/tmp/pycbc-torch-parity-restack-v2-20260908/test/test_torch_chisq_precision.py:19: CUDA not available</skipped></testcase><testcase classname="test.test_torch_chisq_precision" name="test_long_shift_sum_matches_direct_phases[True-complex128]" time="0.000"><skipped type="pytest.skip" message="CUDA not available">/private/tmp/pycbc-torch-parity-restack-v2-20260908/test/test_torch_chisq_precision.py:19: CUDA not available</skipped></testcase><testcase classname="test.test_torch_chisq_cuda_normalization" name="test_cuda_fallback_scalar_norm_preserves_cast_then_square[False-float]" time="0.000"><skipped type="pytest.skip" message="CUDA unavailable">/private/tmp/pycbc-torch-parity-restack-v2-20260908/test/test_torch_chisq_cuda_normalization.py:22: CUDA unavailable</skipped></testcase><testcase classname="test.test_torch_chisq_cuda_normalization" name="test_cuda_fallback_scalar_norm_preserves_cast_then_square[False-int]" time="0.000"><skipped type="pytest.skip" message="CUDA unavailable">/private/tmp/pycbc-torch-parity-restack-v2-20260908/test/test_torch_chisq_cuda_normalization.py:22: CUDA unavailable</skipped></testcase><testcase classname="test.test_torch_chisq_cuda_normalization" name="test_cuda_fallback_scalar_norm_preserves_cast_then_square[False-float32]" time="0.000"><skipped type="pytest.skip" message="CUDA unavailable">/private/tmp/pycbc-torch-parity-restack-v2-20260908/test/test_torch_chisq_cuda_normalization.py:22: CUDA unavailable</skipped></testcase><testcase classname="test.test_torch_chisq_cuda_normalization" name="test_cuda_fallback_scalar_norm_preserves_cast_then_square[False-float64]" time="0.000"><skipped type="pytest.skip" message="CUDA unavailable">/private/tmp/pycbc-torch-parity-restack-v2-20260908/test/test_torch_chisq_cuda_normalization.py:22: CUDA unavailable</skipped></testcase><testcase classname="test.test_torch_chisq_cuda_normalization" name="test_cuda_fallback_scalar_norm_preserves_cast_then_square[True-float]" time="0.000"><skipped type="pytest.skip" message="CUDA unavailable">/private/tmp/pycbc-torch-parity-restack-v2-20260908/test/test_torch_chisq_cuda_normalization.py:22: CUDA unavailable</skipped></testcase><testcase classname="test.test_torch_chisq_cuda_normalization" name="test_cuda_fallback_scalar_norm_preserves_cast_then_square[True-int]" time="0.000"><skipped type="pytest.skip" message="CUDA unavailable">/private/tmp/pycbc-torch-parity-restack-v2-20260908/test/test_torch_chisq_cuda_normalization.py:22: CUDA unavailable</skipped></testcase><testcase classname="test.test_torch_chisq_cuda_normalization" name="test_cuda_fallback_scalar_norm_preserves_cast_then_square[True-float32]" time="0.000"><skipped type="pytest.skip" message="CUDA unavailable">/private/tmp/pycbc-torch-parity-restack-v2-20260908/test/test_torch_chisq_cuda_normalization.py:22: CUDA unavailable</skipped></testcase><testcase classname="test.test_torch_chisq_cuda_normalization" name="test_cuda_fallback_scalar_norm_preserves_cast_then_square[True-float64]" time="0.000"><skipped type="pytest.skip" message="CUDA unavailable">/private/tmp/pycbc-torch-parity-restack-v2-20260908/test/test_torch_chisq_cuda_normalization.py:22: CUDA unavailable</skipped></testcase><testcase classname="test.test_torch_chisq_cuda_normalization" name="test_special_inputs_retain_late_normalization[mixed_precision-cpu]" time="0.000" /><testcase classname="test.test_torch_chisq_cuda_normalization" name="test_special_inputs_retain_late_normalization[mixed_precision-cuda]" time="0.000"><skipped type="pytest.skip" message="CUDA unavailable">/private/tmp/pycbc-torch-parity-restack-v2-20260908/test/test_torch_chisq_cuda_normalization.py:43: CUDA unavailable</skipped></testcase><testcase classname="test.test_torch_chisq_cuda_normalization" name="test_special_inputs_retain_late_normalization[tensor_norm-cpu]" time="0.000" /><testcase classname="test.test_torch_chisq_cuda_normalization" name="test_special_inputs_retain_late_normalization[tensor_norm-cuda]" time="0.000"><skipped type="pytest.skip" message="CUDA unavailable">/private/tmp/pycbc-torch-parity-restack-v2-20260908/test/test_torch_chisq_cuda_normalization.py:43: CUDA unavailable</skipped></testcase><testcase classname="test.test_torch_chisq_cuda_normalization" name="test_special_inputs_retain_late_normalization[corr_grad-cpu]" time="0.001" /><testcase classname="test.test_torch_chisq_cuda_normalization" name="test_special_inputs_retain_late_normalization[corr_grad-cuda]" time="0.000"><skipped type="pytest.skip" message="CUDA unavailable">/private/tmp/pycbc-torch-parity-restack-v2-20260908/test/test_torch_chisq_cuda_normalization.py:43: CUDA unavailable</skipped></testcase><testcase classname="test.test_torch_chisq_cuda_normalization" name="test_special_inputs_retain_late_normalization[snr_grad-cpu]" time="0.001" /><testcase classname="test.test_torch_chisq_cuda_normalization" name="test_special_inputs_retain_late_normalization[snr_grad-cuda]" time="0.000"><skipped type="pytest.skip" message="CUDA unavailable">/private/tmp/pycbc-torch-parity-restack-v2-20260908/test/test_torch_chisq_cuda_normalization.py:43: CUDA unavailable</skipped></testcase><testcase classname="test.test_torch_chisq_cuda_normalization" name="test_special_inputs_retain_late_normalization[norm_grad-cpu]" time="0.000" /><testcase classname="test.test_torch_chisq_cuda_normalization" name="test_special_inputs_retain_late_normalization[norm_grad-cuda]" time="0.000"><skipped type="pytest.skip" message="CUDA unavailable">/private/tmp/pycbc-torch-parity-restack-v2-20260908/test/test_torch_chisq_cuda_normalization.py:43: CUDA unavailable</skipped></testcase><testcase classname="test.test_torch_chisq_cuda_normalization" name="test_special_inputs_retain_late_normalization[corr_subclass-cpu]" time="0.001" /><testcase classname="test.test_torch_chisq_cuda_normalization" name="test_special_inputs_retain_late_normalization[corr_subclass-cuda]" time="0.000"><skipped type="pytest.skip" message="CUDA unavailable">/private/tmp/pycbc-torch-parity-restack-v2-20260908/test/test_torch_chisq_cuda_normalization.py:43: CUDA unavailable</skipped></testcase><testcase classname="test.test_torch_chisq_cuda_normalization" name="test_special_inputs_retain_late_normalization[snr_subclass-cpu]" time="0.001" /><testcase classname="test.test_torch_chisq_cuda_normalization" name="test_special_inputs_retain_late_normalization[snr_subclass-cuda]" time="0.000"><skipped type="pytest.skip" message="CUDA unavailable">/private/tmp/pycbc-torch-parity-restack-v2-20260908/test/test_torch_chisq_cuda_normalization.py:43: CUDA unavailable</skipped></testcase><testcase classname="test.test_torch_chisq_cuda_normalization" name="test_special_inputs_retain_late_normalization[inference-cpu]" time="0.000" /><testcase classname="test.test_torch_chisq_cuda_normalization" name="test_special_inputs_retain_late_normalization[inference-cuda]" time="0.000"><skipped type="pytest.skip" message="CUDA unavailable">/private/tmp/pycbc-torch-parity-restack-v2-20260908/test/test_torch_chisq_cuda_normalization.py:43: CUDA unavailable</skipped></testcase><testcase classname="test.test_torch_chisq_cuda_normalization" name="test_special_inputs_retain_late_normalization[points_subclass-cpu]" time="0.001" /><testcase classname="test.test_torch_chisq_cuda_normalization" name="test_special_inputs_retain_late_normalization[points_subclass-cuda]" time="0.000"><skipped type="pytest.skip" message="CUDA unavailable">/private/tmp/pycbc-torch-parity-restack-v2-20260908/test/test_torch_chisq_cuda_normalization.py:43: CUDA unavailable</skipped></testcase><testcase classname="test.test_torch_chisq_cuda_normalization" name="test_special_inputs_retain_late_normalization[points_forward_ad-cpu]" time="0.004" /><testcase classname="test.test_torch_chisq_cuda_normalization" name="test_special_inputs_retain_late_normalization[points_forward_ad-cuda]" time="0.000"><skipped type="pytest.skip" message="CUDA unavailable">/private/tmp/pycbc-torch-parity-restack-v2-20260908/test/test_torch_chisq_cuda_normalization.py:43: CUDA unavailable</skipped></testcase><testcase classname="test.test_torch_chisq_cuda_normalization" name="test_special_inputs_retain_late_normalization[forward_ad-cpu]" time="0.002" /><testcase classname="test.test_torch_chisq_cuda_normalization" name="test_special_inputs_retain_late_normalization[forward_ad-cuda]" time="0.000"><skipped type="pytest.skip" message="CUDA unavailable">/private/tmp/pycbc-torch-parity-restack-v2-20260908/test/test_torch_chisq_cuda_normalization.py:43: CUDA unavailable</skipped></testcase><testcase classname="test.test_torch_chisq_cuda_normalization" name="test_native_cuda_corr_autodiff_matches_existing_formula[corr_grad]" time="0.000"><skipped type="pytest.skip" message="CUDA unavailable">/private/tmp/pycbc-torch-parity-restack-v2-20260908/test/test_torch_chisq_cuda_normalization.py:47: CUDA unavailable</skipped></testcase><testcase classname="test.test_torch_chisq_cuda_normalization" name="test_native_cuda_corr_autodiff_matches_existing_formula[forward_ad]" time="0.000"><skipped type="pytest.skip" message="CUDA unavailable">/private/tmp/pycbc-torch-parity-restack-v2-20260908/test/test_torch_chisq_cuda_normalization.py:47: CUDA unavailable</skipped></testcase><testcase classname="test.test_chisq_torch" name="test_power_chisq_at_points_torch_matches_cpu_and_stays_real" time="0.005" /><testcase classname="test.test_chisq_torch" name="test_power_chisq_at_points_torch_errors_do_not_fall_back" time="0.000" /><testcase classname="test.test_chisq_torch" name="test_power_chisq_threshold_output_stays_on_torch[3.0]" time="0.001" /><testcase classname="test.test_chisq_torch" name="test_power_chisq_threshold_output_stays_on_torch[100.0]" time="0.002" /><testcase classname="test.test_chisq_torch" name="test_sine_gaussian_chisq_stays_on_torch" time="0.006" /><testcase classname="test.test_chisq_torch" name="test_skymax_power_chisq_keeps_dense_scratch_on_torch[None]" time="0.001" /><testcase classname="test.test_chisq_torch" name="test_skymax_power_chisq_keeps_dense_scratch_on_torch[4.0]" time="0.001" /><testcase classname="test.test_chisq_torch" name="test_power_chisq_cuda_triton_fused" time="0.000"><skipped type="pytest.skip" message="CUDA not available">/private/tmp/pycbc-torch-parity-restack-v2-20260908/test/test_chisq_torch.py:295: CUDA not available</skipped></testcase><testcase classname="test.test_cpu_batch_peaks" name="test_cpu_batch_peak_values_direct" time="0.005" /><testcase classname="test.test_cpu_batch_peaks" name="test_cpu_batch_peak_values_fallbacks" time="0.000" /><testcase classname="test.test_cpu_batch_peaks" name="test_cpu_live_batch_peak_reduction_parity" time="0.000" /><testcase classname="test.test_torch_cpu_native_peaks" name="test_native_batch_peak_is_zero_copy_standard_exact_and_reusable" time="0.002" /><testcase classname="test.test_torch_cpu_native_peaks" name="test_native_batch_peak_gate_is_strict_default_off_and_corrects_nan" time="0.000" /><testcase classname="test.test_torch_cpu_native_peaks" name="test_native_batch_peak_supports_single_batch" time="0.000" /><testcase classname="test.test_torch_cpu_native_peaks" name="test_native_batch_peak_unsafe_tensor_contracts_use_helper[unaligned]" time="0.000" /><testcase classname="test.test_torch_cpu_native_peaks" name="test_native_batch_peak_unsafe_tensor_contracts_use_helper[noncontiguous]" time="0.000" /><testcase classname="test.test_torch_cpu_native_peaks" name="test_native_batch_peak_unsafe_tensor_contracts_use_helper[subclass]" time="0.000" /><testcase classname="test.test_torch_cpu_native_peaks" name="test_native_batch_peak_unsafe_tensor_contracts_use_helper[requires_grad]" time="0.000" /><testcase classname="test.test_torch_cpu_native_peaks" name="test_native_batch_peak_rejects_forward_ad_and_inference" time="0.000" /><testcase classname="test.test_torch_cpu_native_peaks" name="test_native_batch_peak_drift_and_failure_use_helper[mutation]" time="0.000" /><testcase classname="test.test_torch_cpu_native_peaks" name="test_native_batch_peak_drift_and_failure_use_helper[rebind]" time="0.000" /><testcase classname="test.test_torch_cpu_native_peaks" name="test_native_batch_peak_drift_and_failure_use_helper[pid]" time="0.000" /><testcase classname="test.test_torch_cpu_native_peaks" name="test_native_batch_peak_drift_and_failure_use_helper[thread]" time="0.000" /><testcase classname="test.test_torch_cpu_native_peaks" name="test_native_batch_peak_drift_and_failure_use_helper[openmp]" time="0.000" /><testcase classname="test.test_torch_cpu_native_peaks" name="test_native_batch_peak_drift_and_failure_use_helper[failure]" time="0.000" /><testcase classname="test.test_torch_cpu_fft_tuning" name="test_descriptor_thread_selection_respects_cache_and_request[32768-32-8]" time="0.000" /><testcase classname="test.test_torch_cpu_fft_tuning" name="test_descriptor_thread_selection_respects_cache_and_request[1048576-32-8]" time="0.000" /><testcase classname="test.test_torch_cpu_fft_tuning" name="test_descriptor_thread_selection_respects_cache_and_request[1048577-32-32]" time="0.000" /><testcase classname="test.test_torch_cpu_fft_tuning" name="test_descriptor_thread_selection_respects_cache_and_request[32768-4-4]" time="0.000" /><testcase classname="test.test_torch_cpu_fft_tuning" name="test_descriptor_thread_selection_respects_cache_and_request[32768-0-1]" time="0.000" /><testcase classname="test.test_torch_cpu_fft_tuning" name="test_expanded_mkl_sizes_use_selected_descriptor_threads[32768-True]" time="0.000" /><testcase classname="test.test_torch_cpu_fft_tuning" name="test_expanded_mkl_sizes_use_selected_descriptor_threads[65536-True]" time="0.000" /><testcase classname="test.test_torch_cpu_fft_tuning" name="test_expanded_mkl_sizes_use_selected_descriptor_threads[131072-True]" time="0.000" /><testcase classname="test.test_torch_cpu_fft_tuning" name="test_expanded_mkl_sizes_use_selected_descriptor_threads[262144-True]" time="0.001" /><testcase classname="test.test_torch_cpu_fft_tuning" name="test_expanded_mkl_sizes_use_selected_descriptor_threads[524288-True]" time="0.001" /><testcase classname="test.test_torch_cpu_fft_tuning" name="test_expanded_mkl_sizes_use_selected_descriptor_threads[1048576-False]" time="0.002" /><testcase classname="test.test_torch_cpu_fft_tuning" name="test_expanded_mkl_sizes_use_selected_descriptor_threads[16384-False]" time="0.000" /><testcase classname="test.test_torch_cpu_fft_tuning" name="test_large_sizes_require_qualified_promoted_dispatch[1-1048576]" time="0.001" /><testcase classname="test.test_torch_cpu_fft_tuning" name="test_large_sizes_require_qualified_promoted_dispatch[1-2097152]" time="0.002" /><testcase classname="test.test_torch_cpu_fft_tuning" name="test_large_sizes_require_qualified_promoted_dispatch[1-4194304]" time="0.005" /><testcase classname="test.test_torch_cpu_fft_tuning" name="test_large_sizes_require_qualified_promoted_dispatch[4-1048576]" time="0.001" /><testcase classname="test.test_torch_cpu_fft_tuning" name="test_large_sizes_require_qualified_promoted_dispatch[4-2097152]" time="0.001" /><testcase classname="test.test_torch_cpu_fft_tuning" name="test_large_sizes_require_qualified_promoted_dispatch[4-4194304]" time="0.001" /><testcase classname="test.test_torch_cpu_fft_tuning" name="test_plan_tracks_active_threads_separately_from_descriptor_limit" time="0.000" /><testcase classname="test.test_torch_large_ifft" name="test_mkl_workspace_precision_normalization_and_reuse[False]" time="0.072" /><testcase classname="test.test_torch_large_ifft" name="test_mkl_workspace_precision_normalization_and_reuse[True]" time="0.077" /><testcase classname="test.test_torch_large_ifft" name="test_promoted_mkl_failure_does_not_publish_partial_workspace" time="0.000" /><testcase classname="test.test_torch_large_ifft" name="test_inplace_mkl_abi_ownership_and_publication[False]" time="0.073" /><testcase classname="test.test_torch_large_ifft" name="test_inplace_mkl_abi_ownership_and_publication[True]" time="0.074" /><testcase classname="test.test_torch_large_ifft" name="test_inplace_mkl_keeps_other_placements[256-1-False]" time="0.000" /><testcase classname="test.test_torch_large_ifft" name="test_inplace_mkl_keeps_other_placements[512-1-True]" time="0.000" /><testcase classname="test.test_torch_large_ifft" name="test_inplace_mkl_keeps_other_placements[256-2-True]" time="0.000" /><testcase classname="test.test_torch_large_ifft" name="test_promoted_mkl_plan_rejects_contract_drift[source]" time="0.074" /><testcase classname="test.test_torch_large_ifft" name="test_promoted_mkl_plan_rejects_contract_drift[target]" time="0.074" /><testcase classname="test.test_torch_large_ifft" name="test_promoted_mkl_plan_rejects_contract_drift[threads]" time="0.074" /><testcase classname="test.test_torch_large_ifft" name="test_promoted_mkl_plan_rejects_contract_drift[pid]" time="0.072" /><testcase classname="test.test_torch_large_ifft" name="test_promoted_mkl_plan_rejects_contract_drift[shape]" time="0.076" /><testcase classname="test.test_torch_large_ifft" name="test_promoted_mkl_plan_rejects_contract_drift[grad]" time="0.071" /><testcase classname="test.test_torch_large_ifft" name="test_promoted_mkl_dispatch_is_narrow[none]" time="0.000" /><testcase classname="test.test_torch_large_ifft" name="test_promoted_mkl_dispatch_is_narrow[gate]" time="0.000" /><testcase classname="test.test_torch_large_ifft" name="test_promoted_mkl_dispatch_is_narrow[alias]" time="0.000" /><testcase classname="test.test_torch_large_ifft" name="test_promoted_mkl_dispatch_is_narrow[unaligned]" time="0.000" /><testcase classname="test.test_torch_large_ifft" name="test_promoted_mkl_dispatch_is_narrow[batch]" time="0.000" /><testcase classname="test.test_torch_large_ifft" name="test_promoted_mkl_dispatch_is_narrow[forward]" time="0.000" /><testcase classname="test.test_torch_large_ifft" name="test_promoted_mkl_dispatch_is_narrow[size]" time="0.000" /><testcase classname="test.test_torch_large_ifft" name="test_promoted_mkl_setup_selects_double_without_expanding_direct_sizes" time="0.039" /><testcase classname="test.test_torch_large_ifft" name="test_native_promoted_mkl_matches_double_reference_and_legacy_error[dense]" time="0.000"><skipped type="pytest.skip" message="native MKL route is qualified only on Linux x86-64">/private/tmp/pycbc-torch-parity-restack-v2-20260908/test/test_torch_large_ifft.py:340: native MKL route is qualified only on Linux x86-64</skipped></testcase><testcase classname="test.test_torch_large_ifft" name="test_native_promoted_mkl_matches_double_reference_and_legacy_error[banded]" time="0.000"><skipped type="pytest.skip" message="native MKL route is qualified only on Linux x86-64">/private/tmp/pycbc-torch-parity-restack-v2-20260908/test/test_torch_large_ifft.py:340: native MKL route is qualified only on Linux x86-64</skipped></testcase><testcase classname="test.test_torch_large_ifft" name="test_native_promoted_mkl_matches_double_reference_and_legacy_error[impulse]" time="0.000"><skipped type="pytest.skip" message="native MKL route is qualified only on Linux x86-64">/private/tmp/pycbc-torch-parity-restack-v2-20260908/test/test_torch_large_ifft.py:340: native MKL route is qualified only on Linux x86-64</skipped></testcase><testcase classname="test.test_torch_large_ifft" name="test_mkl_dispatch_thread_matrix[1-64]" time="0.000" /><testcase classname="test.test_torch_large_ifft" name="test_mkl_dispatch_thread_matrix[1-32768]" time="0.000" /><testcase classname="test.test_torch_large_ifft" name="test_mkl_dispatch_thread_matrix[2-64]" time="0.000" /><testcase classname="test.test_torch_large_ifft" name="test_mkl_dispatch_thread_matrix[2-32768]" time="0.000" /><testcase classname="test.test_torch_large_ifft" name="test_mkl_dispatch_thread_matrix[4-64]" time="0.000" /><testcase classname="test.test_torch_large_ifft" name="test_mkl_dispatch_thread_matrix[4-32768]" time="0.000" /><testcase classname="test.test_torch_performance_artifacts" name="test_sample_summary_preserves_samples_tails_and_ci" time="0.001" /><testcase classname="test.test_torch_performance_artifacts" name="test_legacy_summary_accessors_recover_tail_and_existing_interval" time="0.000" /><testcase classname="test.test_torch_performance_artifacts" name="test_schema_v2_artifact_remains_mergeable" time="0.001" /><testcase classname="test.test_torch_performance_artifacts" name="test_default_and_native_routes_have_isolated_feature_flags" time="0.000" /><testcase classname="test.test_torch_performance_artifacts" name="test_orchestrator_defaults_to_public_production_routes" time="0.001" /><testcase classname="test.test_torch_performance_artifacts" name="test_live_parity_rejects_nonfinite_values[reference-nan-end_times]" time="0.000" /><testcase classname="test.test_torch_performance_artifacts" name="test_live_parity_rejects_nonfinite_values[reference-nan-snrs]" time="0.000" /><testcase classname="test.test_torch_performance_artifacts" name="test_live_parity_rejects_nonfinite_values[reference-nan-coa_phases]" time="0.000" /><testcase classname="test.test_torch_performance_artifacts" name="test_live_parity_rejects_nonfinite_values[reference-nan-sigmasqs]" time="0.000" /><testcase classname="test.test_torch_performance_artifacts" name="test_live_parity_rejects_nonfinite_values[reference-nan-output_l2]" time="0.000" /><testcase classname="test.test_torch_performance_artifacts" name="test_live_parity_rejects_nonfinite_values[reference-nan-num_triggers]" time="0.000" /><testcase classname="test.test_torch_performance_artifacts" name="test_live_parity_rejects_nonfinite_values[reference-nan-template_ids]" time="0.000" /><testcase classname="test.test_torch_performance_artifacts" name="test_live_parity_rejects_nonfinite_values[reference-nan-veto_count]" time="0.000" /><testcase classname="test.test_torch_performance_artifacts" name="test_live_parity_rejects_nonfinite_values[reference-inf-end_times]" time="0.000" /><testcase classname="test.test_torch_performance_artifacts" name="test_live_parity_rejects_nonfinite_values[reference-inf-snrs]" time="0.000" /><testcase classname="test.test_torch_performance_artifacts" name="test_live_parity_rejects_nonfinite_values[reference-inf-coa_phases]" time="0.000" /><testcase classname="test.test_torch_performance_artifacts" name="test_live_parity_rejects_nonfinite_values[reference-inf-sigmasqs]" time="0.000" /><testcase classname="test.test_torch_performance_artifacts" name="test_live_parity_rejects_nonfinite_values[reference-inf-output_l2]" time="0.000" /><testcase classname="test.test_torch_performance_artifacts" name="test_live_parity_rejects_nonfinite_values[reference-inf-num_triggers]" time="0.000" /><testcase classname="test.test_torch_performance_artifacts" name="test_live_parity_rejects_nonfinite_values[reference-inf-template_ids]" time="0.000" /><testcase classname="test.test_torch_performance_artifacts" name="test_live_parity_rejects_nonfinite_values[reference-inf-veto_count]" time="0.000" /><testcase classname="test.test_torch_performance_artifacts" name="test_live_parity_rejects_nonfinite_values[reference--inf-end_times]" time="0.000" /><testcase classname="test.test_torch_performance_artifacts" name="test_live_parity_rejects_nonfinite_values[reference--inf-snrs]" time="0.000" /><testcase classname="test.test_torch_performance_artifacts" name="test_live_parity_rejects_nonfinite_values[reference--inf-coa_phases]" time="0.000" /><testcase classname="test.test_torch_performance_artifacts" name="test_live_parity_rejects_nonfinite_values[reference--inf-sigmasqs]" time="0.000" /><testcase classname="test.test_torch_performance_artifacts" name="test_live_parity_rejects_nonfinite_values[reference--inf-output_l2]" time="0.000" /><testcase classname="test.test_torch_performance_artifacts" name="test_live_parity_rejects_nonfinite_values[reference--inf-num_triggers]" time="0.000" /><testcase classname="test.test_torch_performance_artifacts" name="test_live_parity_rejects_nonfinite_values[reference--inf-template_ids]" time="0.000" /><testcase classname="test.test_torch_performance_artifacts" name="test_live_parity_rejects_nonfinite_values[reference--inf-veto_count]" time="0.000" /><testcase classname="test.test_torch_performance_artifacts" name="test_live_parity_rejects_nonfinite_values[candidate-nan-end_times]" time="0.000" /><testcase classname="test.test_torch_performance_artifacts" name="test_live_parity_rejects_nonfinite_values[candidate-nan-snrs]" time="0.000" /><testcase classname="test.test_torch_performance_artifacts" name="test_live_parity_rejects_nonfinite_values[candidate-nan-coa_phases]" time="0.000" /><testcase classname="test.test_torch_performance_artifacts" name="test_live_parity_rejects_nonfinite_values[candidate-nan-sigmasqs]" time="0.000" /><testcase classname="test.test_torch_performance_artifacts" name="test_live_parity_rejects_nonfinite_values[candidate-nan-output_l2]" time="0.000" /><testcase classname="test.test_torch_performance_artifacts" name="test_live_parity_rejects_nonfinite_values[candidate-nan-num_triggers]" time="0.000" /><testcase classname="test.test_torch_performance_artifacts" name="test_live_parity_rejects_nonfinite_values[candidate-nan-template_ids]" time="0.000" /><testcase classname="test.test_torch_performance_artifacts" name="test_live_parity_rejects_nonfinite_values[candidate-nan-veto_count]" time="0.000" /><testcase classname="test.test_torch_performance_artifacts" name="test_live_parity_rejects_nonfinite_values[candidate-inf-end_times]" time="0.000" /><testcase classname="test.test_torch_performance_artifacts" name="test_live_parity_rejects_nonfinite_values[candidate-inf-snrs]" time="0.000" /><testcase classname="test.test_torch_performance_artifacts" name="test_live_parity_rejects_nonfinite_values[candidate-inf-coa_phases]" time="0.000" /><testcase classname="test.test_torch_performance_artifacts" name="test_live_parity_rejects_nonfinite_values[candidate-inf-sigmasqs]" time="0.000" /><testcase classname="test.test_torch_performance_artifacts" name="test_live_parity_rejects_nonfinite_values[candidate-inf-output_l2]" time="0.000" /><testcase classname="test.test_torch_performance_artifacts" name="test_live_parity_rejects_nonfinite_values[candidate-inf-num_triggers]" time="0.000" /><testcase classname="test.test_torch_performance_artifacts" name="test_live_parity_rejects_nonfinite_values[candidate-inf-template_ids]" time="0.000" /><testcase classname="test.test_torch_performance_artifacts" name="test_live_parity_rejects_nonfinite_values[candidate-inf-veto_count]" time="0.000" /><testcase classname="test.test_torch_performance_artifacts" name="test_live_parity_rejects_nonfinite_values[candidate--inf-end_times]" time="0.000" /><testcase classname="test.test_torch_performance_artifacts" name="test_live_parity_rejects_nonfinite_values[candidate--inf-snrs]" time="0.000" /><testcase classname="test.test_torch_performance_artifacts" name="test_live_parity_rejects_nonfinite_values[candidate--inf-coa_phases]" time="0.000" /><testcase classname="test.test_torch_performance_artifacts" name="test_live_parity_rejects_nonfinite_values[candidate--inf-sigmasqs]" time="0.000" /><testcase classname="test.test_torch_performance_artifacts" name="test_live_parity_rejects_nonfinite_values[candidate--inf-output_l2]" time="0.000" /><testcase classname="test.test_torch_performance_artifacts" name="test_live_parity_rejects_nonfinite_values[candidate--inf-num_triggers]" time="0.000" /><testcase classname="test.test_torch_performance_artifacts" name="test_live_parity_rejects_nonfinite_values[candidate--inf-template_ids]" time="0.000" /><testcase classname="test.test_torch_performance_artifacts" name="test_live_parity_rejects_nonfinite_values[candidate--inf-veto_count]" time="0.000" /><testcase classname="test.test_torch_performance_artifacts" name="test_live_parity_rejects_nonfinite_values[both-nan-end_times]" time="0.000" /><testcase classname="test.test_torch_performance_artifacts" name="test_live_parity_rejects_nonfinite_values[both-nan-snrs]" time="0.000" /><testcase classname="test.test_torch_performance_artifacts" name="test_live_parity_rejects_nonfinite_values[both-nan-coa_phases]" time="0.000" /><testcase classname="test.test_torch_performance_artifacts" name="test_live_parity_rejects_nonfinite_values[both-nan-sigmasqs]" time="0.000" /><testcase classname="test.test_torch_performance_artifacts" name="test_live_parity_rejects_nonfinite_values[both-nan-output_l2]" time="0.000" /><testcase classname="test.test_torch_performance_artifacts" name="test_live_parity_rejects_nonfinite_values[both-nan-num_triggers]" time="0.000" /><testcase classname="test.test_torch_performance_artifacts" name="test_live_parity_rejects_nonfinite_values[both-nan-template_ids]" time="0.000" /><testcase classname="test.test_torch_performance_artifacts" name="test_live_parity_rejects_nonfinite_values[both-nan-veto_count]" time="0.000" /><testcase classname="test.test_torch_performance_artifacts" name="test_live_parity_rejects_nonfinite_values[both-inf-end_times]" time="0.000" /><testcase classname="test.test_torch_performance_artifacts" name="test_live_parity_rejects_nonfinite_values[both-inf-snrs]" time="0.000" /><testcase classname="test.test_torch_performance_artifacts" name="test_live_parity_rejects_nonfinite_values[both-inf-coa_phases]" time="0.000" /><testcase classname="test.test_torch_performance_artifacts" name="test_live_parity_rejects_nonfinite_values[both-inf-sigmasqs]" time="0.000" /><testcase classname="test.test_torch_performance_artifacts" name="test_live_parity_rejects_nonfinite_values[both-inf-output_l2]" time="0.000" /><testcase classname="test.test_torch_performance_artifacts" name="test_live_parity_rejects_nonfinite_values[both-inf-num_triggers]" time="0.000" /><testcase classname="test.test_torch_performance_artifacts" name="test_live_parity_rejects_nonfinite_values[both-inf-template_ids]" time="0.000" /><testcase classname="test.test_torch_performance_artifacts" name="test_live_parity_rejects_nonfinite_values[both-inf-veto_count]" time="0.000" /><testcase classname="test.test_torch_performance_artifacts" name="test_live_parity_rejects_nonfinite_values[both--inf-end_times]" time="0.000" /><testcase classname="test.test_torch_performance_artifacts" name="test_live_parity_rejects_nonfinite_values[both--inf-snrs]" time="0.000" /><testcase classname="test.test_torch_performance_artifacts" name="test_live_parity_rejects_nonfinite_values[both--inf-coa_phases]" time="0.000" /><testcase classname="test.test_torch_performance_artifacts" name="test_live_parity_rejects_nonfinite_values[both--inf-sigmasqs]" time="0.000" /><testcase classname="test.test_torch_performance_artifacts" name="test_live_parity_rejects_nonfinite_values[both--inf-output_l2]" time="0.000" /><testcase classname="test.test_torch_performance_artifacts" name="test_live_parity_rejects_nonfinite_values[both--inf-num_triggers]" time="0.000" /><testcase classname="test.test_torch_performance_artifacts" name="test_live_parity_rejects_nonfinite_values[both--inf-template_ids]" time="0.000" /><testcase classname="test.test_torch_performance_artifacts" name="test_live_parity_rejects_nonfinite_values[both--inf-veto_count]" time="0.000" /><testcase classname="test.test_torch_performance_artifacts" name="test_live_parity_phase_wrap_rejects_overflow[False]" time="0.000" /><testcase classname="test.test_torch_performance_artifacts" name="test_live_parity_phase_wrap_rejects_overflow[True]" time="0.000" /><testcase classname="test.test_torch_performance_artifacts" name="test_live_orchestrator_exit_preserves_diagnostic_artifact[False]" time="0.021" /><testcase classname="test.test_torch_performance_artifacts" name="test_live_orchestrator_exit_preserves_diagnostic_artifact[True]" time="0.007" /><testcase classname="test.test_torch_performance_artifacts" name="test_production_artifact_parser_preserves_scope_samples_and_uncertainty" time="0.000" /><testcase classname="test.test_torch_performance_artifacts" name="test_legacy_component_artifact_is_not_promoted_to_end_to_end" time="0.000" /><testcase classname="test.test_hardware.TestHardwareCacheDetection" name="test_get_cpu_l3_cache_size" time="0.025" /><testcase classname="test.test_hardware.TestHardwareCacheDetection" name="test_get_gpu_l2_cache_size" time="0.001" /><testcase classname="test.test_hardware.TestHardwareCacheDetection" name="test_get_optimal_batch_maxelements_defaults" time="0.001" /><testcase classname="test.test_hardware.TestHardwareCacheDetection" name="test_get_optimal_batch_maxelements_env_override" time="0.000" /><testcase classname="test.test_hardware.TestHardwareCacheDetection" name="test_parse_cache_size_string" time="0.000" /></testsuite></testsuites>