<?xml version="1.0" encoding="utf-8"?><testsuites name="pytest tests"><testsuite name="pytest" errors="0" failures="3" skipped="4" tests="59" time="7.810" timestamp="2026-09-06T10:44:26.079764+01:00" hostname="len"><testcase classname="test.waveform.test_taylorf2_batch" name="test_scalar_parameters_broadcast_and_result_contract" time="0.081" /><testcase classname="test.waveform.test_taylorf2_batch" name="test_batch_parameter_shapes_are_validated[mismatched-physical-parameter-lengths]" time="0.001" /><testcase classname="test.waveform.test_taylorf2_batch" name="test_batch_parameter_shapes_are_validated[empty-vector]" time="0.001" /><testcase classname="test.waveform.test_taylorf2_batch" name="test_batch_parameter_shapes_are_validated[matrix-parameter]" time="0.001" /><testcase classname="test.waveform.test_taylorf2_batch" name="test_batch_parameter_shapes_are_validated[mismatched-cutoff-length]" time="0.001" /><testcase classname="test.waveform.test_taylorf2_batch" name="test_batch_parameter_shapes_are_validated[vector-frequency-spacing]" time="0.001" /><testcase classname="test.waveform.test_taylorf2_batch" name="test_per_row_cutoffs_and_exact_zero_padding" time="0.006" /><testcase classname="test.waveform.test_taylorf2_batch" name="test_each_batch_row_matches_scalar_taylorf2" time="0.649" /><testcase classname="test.waveform.test_taylorf2_batch" name="test_advanced_batch_rows_match_scalar_taylorf2" time="0.011" /><testcase classname="test.waveform.test_taylorf2_batch" name="test_cuda_batch_matches_cpu" time="1.837"><failure message="triton.compiler.errors.CompilationError: at 67:35:&#10;        # retain their explicit operation order (enable_fp_fusion=False).&#10;        phase = tl.fma(phase, velocity, term)&#10;    velocity_sq = velocity * velocity&#10;    phase = phase / (velocity_sq * velocity_sq * velocity)&#10;    phase = (&#10;        phase&#10;        + tl.full((), TIME_SHIFT, tl.float64) * frequency&#10;        - 2.0 * coa_phase&#10;        - reference_phase&#10;        - tl.full((), PI_OVER_FOUR, tl.float64)&#10;    )&#10;    amplitude = amplitude_factor * libdevice.pow(velocity, -3.5)&#10;                                   ^&#10;(triton.language.float64, triton.language.float32)">args = (&lt;triton.language.core.tensor object at 0x7c938c10b110&gt;, constexpr[-3.5])
kwargs = {'_semantic': &lt;triton.language.semantic.TritonSemantic object at 0x7c939bd934d0&gt;}

    @wraps(fn)
    def wrapper(*args, **kwargs):
        if "_semantic" not in kwargs or kwargs["_semantic"] is None:
            raise ValueError("Did you forget to add @triton.jit ? "
                             "(`_semantic` argument must be provided outside of JIT functions.)")
&gt;       return fn(*args, **kwargs)
               ^^^^^^^^^^^^^^^^^^^

../../venvs/pycbc-torch213-cu130/lib/python3.11/site-packages/triton/language/core.py:43: 
_ _ _ _ _ _ _ _ _ _ _ _ _ _ _ _ _ _ _ _ _ _ _ _ _ _ _ _ _ _ _ _ _ _ _ _ _ _ _ _ 
../../venvs/pycbc-torch213-cu130/lib/python3.11/site-packages/triton/language/extra/cuda/libdevice.py:1562: in pow
    return core.extern_elementwise(
../../venvs/pycbc-torch213-cu130/lib/python3.11/site-packages/triton/language/core.py:43: in wrapper
    return fn(*args, **kwargs)
           ^^^^^^^^^^^^^^^^^^^
_ _ _ _ _ _ _ _ _ _ _ _ _ _ _ _ _ _ _ _ _ _ _ _ _ _ _ _ _ _ _ _ _ _ _ _ _ _ _ _ 

lib_name = '', lib_path = ''
args = [&lt;triton.language.core.tensor object at 0x7c938c10b110&gt;, constexpr[-3.5]]
arg_type_symbol_dict = {(triton.language.float32, triton.language.int32): ('__nv_powif', triton.language.float32), (triton.language.float64, ...', triton.language.float32), (triton.language.float64, triton.language.float64): ('__nv_pow', triton.language.float64)}
is_pure = True
_semantic = &lt;triton.language.semantic.TritonSemantic object at 0x7c939bd934d0&gt;

    @builtin
    def extern_elementwise(lib_name: str, lib_path: str, args: list, arg_type_symbol_dict: dict, is_pure: bool,
                           _semantic=None):
        '''
            Dispatch an elementwise function to a library
            :param lib_name: the name of the library
            :param lib_path: the path of the library
            :param args: the arguments of the function
            :param arg_type_symbol_dict: the type of the arguments
            :param is_pure: whether the function is pure
            :return: the return value of the function
        '''
        dispatch_args = args.copy()
        all_scalar = True
        arg_types = []
        for i in builtins.range(len(dispatch_args)):
            dispatch_args[i] = _semantic.to_tensor(dispatch_args[i])
            arg_types.append(dispatch_args[i].dtype)
            if dispatch_args[i].type.is_block():
                all_scalar = False
    
        arg_types = tuple(arg_types)
&gt;       ret_type = arg_type_symbol_dict[arg_types][1]
                   ^^^^^^^^^^^^^^^^^^^^^^^^^^^^^^^
E       KeyError: (triton.language.float64, triton.language.float32)

../../venvs/pycbc-torch213-cu130/lib/python3.11/site-packages/triton/language/core.py:3439: KeyError

The above exception was the direct cause of the following exception:

    @pytest.mark.skipif(not torch.cuda.is_available(), reason="CUDA unavailable")
    def test_cuda_batch_matches_cpu():
        params = _params(
            mass1=[1.4, 1.8, 2.1],
            mass2=[1.3, 1.2, 1.1],
            spin1z=[0.02, -0.1, 0.2],
            spin2z=[-0.01, 0.05, -0.15],
            f_lower=[20.0, 24.5, 31.0],
            f_final=[128.0, 96.0, 80.0],
        )
    
        _activate(_scheme.TorchScheme, "cpu")
        cpu_result = get_fd_waveform_batch("TaylorF2", **params)
        cpu_hplus = cpu_result.hplus.clone()
        cpu_hcross = cpu_result.hcross.clone()
    
        _activate(_scheme.TorchScheme, "cuda")
&gt;       cuda_result = get_fd_waveform_batch("TaylorF2", **params)
                      ^^^^^^^^^^^^^^^^^^^^^^^^^^^^^^^^^^^^^^^^^^^

test/waveform/test_taylorf2_batch.py:306: 
_ _ _ _ _ _ _ _ _ _ _ _ _ _ _ _ _ _ _ _ _ _ _ _ _ _ _ _ _ _ _ _ _ _ _ _ _ _ _ _ 
pycbc/waveform/waveform.py:959: in get_fd_waveform_batch
    return taylorf2_fd_batch(**params)
           ^^^^^^^^^^^^^^^^^^^^^^^^^^^
pycbc/waveform/taylorf2_torch.py:1558: in taylorf2_fd_batch
    plus, cross = taylorf2_triton.evaluate_taylorf2(
pycbc/waveform/taylorf2_triton.py:183: in evaluate_taylorf2
    _taylorf2_kernel[(triton.cdiv(output_length, block), batch_size)](
../../venvs/pycbc-torch213-cu130/lib/python3.11/site-packages/triton/runtime/jit.py:370: in &lt;lambda&gt;
    return lambda *args, **kwargs: self.run(grid=grid, warmup=False, *args, **kwargs)
                                   ^^^^^^^^^^^^^^^^^^^^^^^^^^^^^^^^^^^^^^^^^^^^^^^^^^
../../venvs/pycbc-torch213-cu130/lib/python3.11/site-packages/triton/runtime/jit.py:739: in run
    kernel = self._do_compile(key, signature, device, constexprs, options, attrs, warmup)
             ^^^^^^^^^^^^^^^^^^^^^^^^^^^^^^^^^^^^^^^^^^^^^^^^^^^^^^^^^^^^^^^^^^^^^^^^^^^^
../../venvs/pycbc-torch213-cu130/lib/python3.11/site-packages/triton/runtime/jit.py:884: in _do_compile
    kernel = self.compile(src, target=target, options=options.__dict__)
             ^^^^^^^^^^^^^^^^^^^^^^^^^^^^^^^^^^^^^^^^^^^^^^^^^^^^^^^^^^
../../venvs/pycbc-torch213-cu130/lib/python3.11/site-packages/triton/compiler/compiler.py:307: in compile
    module = src.make_ir(target, options, codegen_fns, module_map, context)
             ^^^^^^^^^^^^^^^^^^^^^^^^^^^^^^^^^^^^^^^^^^^^^^^^^^^^^^^^^^^^^^
_ _ _ _ _ _ _ _ _ _ _ _ _ _ _ _ _ _ _ _ _ _ _ _ _ _ _ _ _ _ _ _ _ _ _ _ _ _ _ _ 

self = &lt;triton.compiler.compiler.ASTSource object at 0x7c939823ca10&gt;
target = GPUTarget(backend='cuda', arch=89, warp_size=32)
options = CUDAOptions(num_warps=4, num_ctas=1, num_stages=3, warp_size=32, maxnreg=None, ptx_version=None, ptx_options=None, ir_...ib/libdevice.10.bc'),), debug=False, backend_name='cuda', sanitize_overflow=True, arch='sm89', instrumentation_mode='')
codegen_fns = {'convert_custom_types': &lt;function convert_custom_float8_sm80 at 0x7c938c44bb00&gt;, 'min_dot_size': &lt;function min_dot_size.&lt;locals&gt;.check_dot_compatibility at 0x7c938c2c4360&gt;}
module_map = {'triton.language.extra.libdevice': &lt;module 'triton.language.extra.cuda.libdevice' from '/home/xangma/venvs/pycbc-torch213-cu130/lib/python3.11/site-packages/triton/language/extra/cuda/libdevice.py'&gt;}
context = &lt;triton._C.libtriton.ir.context object at 0x7c939821cbb0&gt;

    def make_ir(self, target: GPUTarget, options, codegen_fns, module_map, context):
        from .code_generator import ast_to_ttir
&gt;       return ast_to_ttir(self.fn, self, context=context, options=options, codegen_fns=codegen_fns,
                           module_map=module_map)
E       triton.compiler.errors.CompilationError: at 67:35:
E               # retain their explicit operation order (enable_fp_fusion=False).
E               phase = tl.fma(phase, velocity, term)
E           velocity_sq = velocity * velocity
E           phase = phase / (velocity_sq * velocity_sq * velocity)
E           phase = (
E               phase
E               + tl.full((), TIME_SHIFT, tl.float64) * frequency
E               - 2.0 * coa_phase
E               - reference_phase
E               - tl.full((), PI_OVER_FOUR, tl.float64)
E           )
E           amplitude = amplitude_factor * libdevice.pow(velocity, -3.5)
E                                          ^
E       (triton.language.float64, triton.language.float32)

../../venvs/pycbc-torch213-cu130/lib/python3.11/site-packages/triton/compiler/compiler.py:80: CompilationError</failure></testcase><testcase classname="test.waveform.test_taylorf2_batch" name="test_scalar_public_api_remains_a_frequency_series" time="0.002" /><testcase classname="test.waveform.test_taylorf2_batch" name="test_unsupported_approximant_and_scheme_are_explicit_errors" time="0.001" /><testcase classname="test.waveform.test_taylorf2_batch" name="test_distance_gradient_matches_inverse_distance_scaling" time="0.006" /><testcase classname="test.waveform.test_taylorf2_batch" name="test_mass_spin_and_phase_gradients_pass_gradcheck" time="0.082" /><testcase classname="test.waveform.test_taylorf2_batch" name="test_phasing_tensor_subclass_preserves_values_and_gradients" time="0.018" /><testcase classname="test.waveform.test_taylorf2_batch" name="test_triton_opt_in_preserves_autograd[cpu]" time="0.026" /><testcase classname="test.waveform.test_taylorf2_batch" name="test_triton_opt_in_preserves_autograd[cuda]" time="0.112" /><testcase classname="test.waveform.test_taylorf2_batch" name="test_triton_unavailable_preserves_torch_result[cpu]" time="0.009" /><testcase classname="test.waveform.test_taylorf2_batch" name="test_triton_unavailable_preserves_torch_result[cuda]" time="0.026" /><testcase classname="test.waveform.test_taylorf2_batch" name="test_triton_cuda_launch_and_full_complex_parity[uneven-grid-cutoffs-and-reference]" time="0.049"><failure message="triton.compiler.errors.CompilationError: at 67:35:&#10;        # retain their explicit operation order (enable_fp_fusion=False).&#10;        phase = tl.fma(phase, velocity, term)&#10;    velocity_sq = velocity * velocity&#10;    phase = phase / (velocity_sq * velocity_sq * velocity)&#10;    phase = (&#10;        phase&#10;        + tl.full((), TIME_SHIFT, tl.float64) * frequency&#10;        - 2.0 * coa_phase&#10;        - reference_phase&#10;        - tl.full((), PI_OVER_FOUR, tl.float64)&#10;    )&#10;    amplitude = amplitude_factor * libdevice.pow(velocity, -3.5)&#10;                                   ^&#10;(triton.language.float64, triton.language.float32)">args = (&lt;triton.language.core.tensor object at 0x7c938c1130d0&gt;, constexpr[-3.5])
kwargs = {'_semantic': &lt;triton.language.semantic.TritonSemantic object at 0x7c93865a0f50&gt;}

    @wraps(fn)
    def wrapper(*args, **kwargs):
        if "_semantic" not in kwargs or kwargs["_semantic"] is None:
            raise ValueError("Did you forget to add @triton.jit ? "
                             "(`_semantic` argument must be provided outside of JIT functions.)")
&gt;       return fn(*args, **kwargs)
               ^^^^^^^^^^^^^^^^^^^

../../venvs/pycbc-torch213-cu130/lib/python3.11/site-packages/triton/language/core.py:43: 
_ _ _ _ _ _ _ _ _ _ _ _ _ _ _ _ _ _ _ _ _ _ _ _ _ _ _ _ _ _ _ _ _ _ _ _ _ _ _ _ 
../../venvs/pycbc-torch213-cu130/lib/python3.11/site-packages/triton/language/extra/cuda/libdevice.py:1562: in pow
    return core.extern_elementwise(
../../venvs/pycbc-torch213-cu130/lib/python3.11/site-packages/triton/language/core.py:43: in wrapper
    return fn(*args, **kwargs)
           ^^^^^^^^^^^^^^^^^^^
_ _ _ _ _ _ _ _ _ _ _ _ _ _ _ _ _ _ _ _ _ _ _ _ _ _ _ _ _ _ _ _ _ _ _ _ _ _ _ _ 

lib_name = '', lib_path = ''
args = [&lt;triton.language.core.tensor object at 0x7c938c1130d0&gt;, constexpr[-3.5]]
arg_type_symbol_dict = {(triton.language.float32, triton.language.int32): ('__nv_powif', triton.language.float32), (triton.language.float64, ...', triton.language.float32), (triton.language.float64, triton.language.float64): ('__nv_pow', triton.language.float64)}
is_pure = True
_semantic = &lt;triton.language.semantic.TritonSemantic object at 0x7c93865a0f50&gt;

    @builtin
    def extern_elementwise(lib_name: str, lib_path: str, args: list, arg_type_symbol_dict: dict, is_pure: bool,
                           _semantic=None):
        '''
            Dispatch an elementwise function to a library
            :param lib_name: the name of the library
            :param lib_path: the path of the library
            :param args: the arguments of the function
            :param arg_type_symbol_dict: the type of the arguments
            :param is_pure: whether the function is pure
            :return: the return value of the function
        '''
        dispatch_args = args.copy()
        all_scalar = True
        arg_types = []
        for i in builtins.range(len(dispatch_args)):
            dispatch_args[i] = _semantic.to_tensor(dispatch_args[i])
            arg_types.append(dispatch_args[i].dtype)
            if dispatch_args[i].type.is_block():
                all_scalar = False
    
        arg_types = tuple(arg_types)
&gt;       ret_type = arg_type_symbol_dict[arg_types][1]
                   ^^^^^^^^^^^^^^^^^^^^^^^^^^^^^^^
E       KeyError: (triton.language.float64, triton.language.float32)

../../venvs/pycbc-torch213-cu130/lib/python3.11/site-packages/triton/language/core.py:3439: KeyError

The above exception was the direct cause of the following exception:

monkeypatch = &lt;_pytest.monkeypatch.MonkeyPatch object at 0x7c9386064750&gt;
updates = {'delta_f': 0.3, 'f_final': [128.2, 91.7], 'f_lower': [20.25, 31.1], 'f_ref': [0.0, 29.1]}

    @pytest.mark.skipif(not torch.cuda.is_available(), reason="CUDA unavailable")
    @pytest.mark.parametrize(
        "updates",
        [
            {
                "delta_f": 0.3,
                "f_lower": [20.25, 31.1],
                "f_final": [128.2, 91.7],
                "f_ref": [0.0, 29.1],
            },
            {
                "delta_f": 0.5,
                "f_lower": [20.25, 22.1],
                "f_final": 0.0,
                "f_ref": [30.0, 25.0],
                "lambda1": [800.0, 300.0],
                "lambda2": [700.0, 100.0],
                "dquad_mon1": [0.0, 2.2],
                "dquad_mon2": [0.0, 1.5],
                "dchi3": [0.0, 0.02],
                "dchi6l": [-0.01, 0.0],
                "phase_order": 4,
                "spin_order": 5,
                "tidal_order": 15,
            },
        ],
        ids=["uneven-grid-cutoffs-and-reference", "pn-spin-tides-default-cutoff"],
    )
    def test_triton_cuda_launch_and_full_complex_parity(monkeypatch, updates):
        from pycbc.waveform import taylorf2_triton
    
        if not taylorf2_triton.is_available() or torch.version.hip is not None:
            pytest.skip("Triton CUDA unavailable")
        launches = []
        original_run = taylorf2_triton._taylorf2_kernel.run
    
        def record_run(*args, **kwargs):
            result = original_run(*args, **kwargs)
            launches.append(True)
            return result
    
        monkeypatch.setattr(taylorf2_triton._taylorf2_kernel, "run", record_run)
        params = _params(
            mass1=[1.4, 2.0],
            mass2=[1.3, 1.6],
            spin1z=[0.02, 0.1],
            spin2z=[-0.01, -0.04],
            distance=[100.0, 150.0],
            inclination=[0.8, 0.3],
            coa_phase=[0.2, 0.7],
            long_asc_nodes=[0.37, 0.11],
            **updates,
        )
        _activate(_scheme.TorchScheme, "cuda")
        monkeypatch.setenv("PYCBC_TAYLORF2_TRITON", "0")
        expected = get_fd_waveform_batch("TaylorF2", **params)
        assert not launches
        monkeypatch.setenv("PYCBC_TAYLORF2_TRITON", "1")
&gt;       actual = get_fd_waveform_batch("TaylorF2", **params)
                 ^^^^^^^^^^^^^^^^^^^^^^^^^^^^^^^^^^^^^^^^^^^

test/waveform/test_taylorf2_batch.py:581: 
_ _ _ _ _ _ _ _ _ _ _ _ _ _ _ _ _ _ _ _ _ _ _ _ _ _ _ _ _ _ _ _ _ _ _ _ _ _ _ _ 
pycbc/waveform/waveform.py:959: in get_fd_waveform_batch
    return taylorf2_fd_batch(**params)
           ^^^^^^^^^^^^^^^^^^^^^^^^^^^
pycbc/waveform/taylorf2_torch.py:1558: in taylorf2_fd_batch
    plus, cross = taylorf2_triton.evaluate_taylorf2(
pycbc/waveform/taylorf2_triton.py:183: in evaluate_taylorf2
    _taylorf2_kernel[(triton.cdiv(output_length, block), batch_size)](
../../venvs/pycbc-torch213-cu130/lib/python3.11/site-packages/triton/runtime/jit.py:370: in &lt;lambda&gt;
    return lambda *args, **kwargs: self.run(grid=grid, warmup=False, *args, **kwargs)
                                   ^^^^^^^^^^^^^^^^^^^^^^^^^^^^^^^^^^^^^^^^^^^^^^^^^^
test/waveform/test_taylorf2_batch.py:560: in record_run
    result = original_run(*args, **kwargs)
             ^^^^^^^^^^^^^^^^^^^^^^^^^^^^^
../../venvs/pycbc-torch213-cu130/lib/python3.11/site-packages/triton/runtime/jit.py:739: in run
    kernel = self._do_compile(key, signature, device, constexprs, options, attrs, warmup)
             ^^^^^^^^^^^^^^^^^^^^^^^^^^^^^^^^^^^^^^^^^^^^^^^^^^^^^^^^^^^^^^^^^^^^^^^^^^^^
../../venvs/pycbc-torch213-cu130/lib/python3.11/site-packages/triton/runtime/jit.py:884: in _do_compile
    kernel = self.compile(src, target=target, options=options.__dict__)
             ^^^^^^^^^^^^^^^^^^^^^^^^^^^^^^^^^^^^^^^^^^^^^^^^^^^^^^^^^^
../../venvs/pycbc-torch213-cu130/lib/python3.11/site-packages/triton/compiler/compiler.py:307: in compile
    module = src.make_ir(target, options, codegen_fns, module_map, context)
             ^^^^^^^^^^^^^^^^^^^^^^^^^^^^^^^^^^^^^^^^^^^^^^^^^^^^^^^^^^^^^^
_ _ _ _ _ _ _ _ _ _ _ _ _ _ _ _ _ _ _ _ _ _ _ _ _ _ _ _ _ _ _ _ _ _ _ _ _ _ _ _ 

self = &lt;triton.compiler.compiler.ASTSource object at 0x7c936a6fa750&gt;
target = GPUTarget(backend='cuda', arch=89, warp_size=32)
options = CUDAOptions(num_warps=4, num_ctas=1, num_stages=3, warp_size=32, maxnreg=None, ptx_version=None, ptx_options=None, ir_...ib/libdevice.10.bc'),), debug=False, backend_name='cuda', sanitize_overflow=True, arch='sm89', instrumentation_mode='')
codegen_fns = {'convert_custom_types': &lt;function convert_custom_float8_sm80 at 0x7c938c44bb00&gt;, 'min_dot_size': &lt;function min_dot_size.&lt;locals&gt;.check_dot_compatibility at 0x7c93865bf560&gt;}
module_map = {'triton.language.extra.libdevice': &lt;module 'triton.language.extra.cuda.libdevice' from '/home/xangma/venvs/pycbc-torch213-cu130/lib/python3.11/site-packages/triton/language/extra/cuda/libdevice.py'&gt;}
context = &lt;triton._C.libtriton.ir.context object at 0x7c93865a3570&gt;

    def make_ir(self, target: GPUTarget, options, codegen_fns, module_map, context):
        from .code_generator import ast_to_ttir
&gt;       return ast_to_ttir(self.fn, self, context=context, options=options, codegen_fns=codegen_fns,
                           module_map=module_map)
E       triton.compiler.errors.CompilationError: at 67:35:
E               # retain their explicit operation order (enable_fp_fusion=False).
E               phase = tl.fma(phase, velocity, term)
E           velocity_sq = velocity * velocity
E           phase = phase / (velocity_sq * velocity_sq * velocity)
E           phase = (
E               phase
E               + tl.full((), TIME_SHIFT, tl.float64) * frequency
E               - 2.0 * coa_phase
E               - reference_phase
E               - tl.full((), PI_OVER_FOUR, tl.float64)
E           )
E           amplitude = amplitude_factor * libdevice.pow(velocity, -3.5)
E                                          ^
E       (triton.language.float64, triton.language.float32)

../../venvs/pycbc-torch213-cu130/lib/python3.11/site-packages/triton/compiler/compiler.py:80: CompilationError</failure></testcase><testcase classname="test.waveform.test_taylorf2_batch" name="test_triton_cuda_launch_and_full_complex_parity[pn-spin-tides-default-cutoff]" time="0.048"><failure message="triton.compiler.errors.CompilationError: at 67:35:&#10;        # retain their explicit operation order (enable_fp_fusion=False).&#10;        phase = tl.fma(phase, velocity, term)&#10;    velocity_sq = velocity * velocity&#10;    phase = phase / (velocity_sq * velocity_sq * velocity)&#10;    phase = (&#10;        phase&#10;        + tl.full((), TIME_SHIFT, tl.float64) * frequency&#10;        - 2.0 * coa_phase&#10;        - reference_phase&#10;        - tl.full((), PI_OVER_FOUR, tl.float64)&#10;    )&#10;    amplitude = amplitude_factor * libdevice.pow(velocity, -3.5)&#10;                                   ^&#10;(triton.language.float64, triton.language.float32)">args = (&lt;triton.language.core.tensor object at 0x7c936a735610&gt;, constexpr[-3.5])
kwargs = {'_semantic': &lt;triton.language.semantic.TritonSemantic object at 0x7c93862eda50&gt;}

    @wraps(fn)
    def wrapper(*args, **kwargs):
        if "_semantic" not in kwargs or kwargs["_semantic"] is None:
            raise ValueError("Did you forget to add @triton.jit ? "
                             "(`_semantic` argument must be provided outside of JIT functions.)")
&gt;       return fn(*args, **kwargs)
               ^^^^^^^^^^^^^^^^^^^

../../venvs/pycbc-torch213-cu130/lib/python3.11/site-packages/triton/language/core.py:43: 
_ _ _ _ _ _ _ _ _ _ _ _ _ _ _ _ _ _ _ _ _ _ _ _ _ _ _ _ _ _ _ _ _ _ _ _ _ _ _ _ 
../../venvs/pycbc-torch213-cu130/lib/python3.11/site-packages/triton/language/extra/cuda/libdevice.py:1562: in pow
    return core.extern_elementwise(
../../venvs/pycbc-torch213-cu130/lib/python3.11/site-packages/triton/language/core.py:43: in wrapper
    return fn(*args, **kwargs)
           ^^^^^^^^^^^^^^^^^^^
_ _ _ _ _ _ _ _ _ _ _ _ _ _ _ _ _ _ _ _ _ _ _ _ _ _ _ _ _ _ _ _ _ _ _ _ _ _ _ _ 

lib_name = '', lib_path = ''
args = [&lt;triton.language.core.tensor object at 0x7c936a735610&gt;, constexpr[-3.5]]
arg_type_symbol_dict = {(triton.language.float32, triton.language.int32): ('__nv_powif', triton.language.float32), (triton.language.float64, ...', triton.language.float32), (triton.language.float64, triton.language.float64): ('__nv_pow', triton.language.float64)}
is_pure = True
_semantic = &lt;triton.language.semantic.TritonSemantic object at 0x7c93862eda50&gt;

    @builtin
    def extern_elementwise(lib_name: str, lib_path: str, args: list, arg_type_symbol_dict: dict, is_pure: bool,
                           _semantic=None):
        '''
            Dispatch an elementwise function to a library
            :param lib_name: the name of the library
            :param lib_path: the path of the library
            :param args: the arguments of the function
            :param arg_type_symbol_dict: the type of the arguments
            :param is_pure: whether the function is pure
            :return: the return value of the function
        '''
        dispatch_args = args.copy()
        all_scalar = True
        arg_types = []
        for i in builtins.range(len(dispatch_args)):
            dispatch_args[i] = _semantic.to_tensor(dispatch_args[i])
            arg_types.append(dispatch_args[i].dtype)
            if dispatch_args[i].type.is_block():
                all_scalar = False
    
        arg_types = tuple(arg_types)
&gt;       ret_type = arg_type_symbol_dict[arg_types][1]
                   ^^^^^^^^^^^^^^^^^^^^^^^^^^^^^^^
E       KeyError: (triton.language.float64, triton.language.float32)

../../venvs/pycbc-torch213-cu130/lib/python3.11/site-packages/triton/language/core.py:3439: KeyError

The above exception was the direct cause of the following exception:

monkeypatch = &lt;_pytest.monkeypatch.MonkeyPatch object at 0x7c93862ecd10&gt;
updates = {'dchi3': [0.0, 0.02], 'dchi6l': [-0.01, 0.0], 'delta_f': 0.5, 'dquad_mon1': [0.0, 2.2], ...}

    @pytest.mark.skipif(not torch.cuda.is_available(), reason="CUDA unavailable")
    @pytest.mark.parametrize(
        "updates",
        [
            {
                "delta_f": 0.3,
                "f_lower": [20.25, 31.1],
                "f_final": [128.2, 91.7],
                "f_ref": [0.0, 29.1],
            },
            {
                "delta_f": 0.5,
                "f_lower": [20.25, 22.1],
                "f_final": 0.0,
                "f_ref": [30.0, 25.0],
                "lambda1": [800.0, 300.0],
                "lambda2": [700.0, 100.0],
                "dquad_mon1": [0.0, 2.2],
                "dquad_mon2": [0.0, 1.5],
                "dchi3": [0.0, 0.02],
                "dchi6l": [-0.01, 0.0],
                "phase_order": 4,
                "spin_order": 5,
                "tidal_order": 15,
            },
        ],
        ids=["uneven-grid-cutoffs-and-reference", "pn-spin-tides-default-cutoff"],
    )
    def test_triton_cuda_launch_and_full_complex_parity(monkeypatch, updates):
        from pycbc.waveform import taylorf2_triton
    
        if not taylorf2_triton.is_available() or torch.version.hip is not None:
            pytest.skip("Triton CUDA unavailable")
        launches = []
        original_run = taylorf2_triton._taylorf2_kernel.run
    
        def record_run(*args, **kwargs):
            result = original_run(*args, **kwargs)
            launches.append(True)
            return result
    
        monkeypatch.setattr(taylorf2_triton._taylorf2_kernel, "run", record_run)
        params = _params(
            mass1=[1.4, 2.0],
            mass2=[1.3, 1.6],
            spin1z=[0.02, 0.1],
            spin2z=[-0.01, -0.04],
            distance=[100.0, 150.0],
            inclination=[0.8, 0.3],
            coa_phase=[0.2, 0.7],
            long_asc_nodes=[0.37, 0.11],
            **updates,
        )
        _activate(_scheme.TorchScheme, "cuda")
        monkeypatch.setenv("PYCBC_TAYLORF2_TRITON", "0")
        expected = get_fd_waveform_batch("TaylorF2", **params)
        assert not launches
        monkeypatch.setenv("PYCBC_TAYLORF2_TRITON", "1")
&gt;       actual = get_fd_waveform_batch("TaylorF2", **params)
                 ^^^^^^^^^^^^^^^^^^^^^^^^^^^^^^^^^^^^^^^^^^^

test/waveform/test_taylorf2_batch.py:581: 
_ _ _ _ _ _ _ _ _ _ _ _ _ _ _ _ _ _ _ _ _ _ _ _ _ _ _ _ _ _ _ _ _ _ _ _ _ _ _ _ 
pycbc/waveform/waveform.py:959: in get_fd_waveform_batch
    return taylorf2_fd_batch(**params)
           ^^^^^^^^^^^^^^^^^^^^^^^^^^^
pycbc/waveform/taylorf2_torch.py:1558: in taylorf2_fd_batch
    plus, cross = taylorf2_triton.evaluate_taylorf2(
pycbc/waveform/taylorf2_triton.py:183: in evaluate_taylorf2
    _taylorf2_kernel[(triton.cdiv(output_length, block), batch_size)](
../../venvs/pycbc-torch213-cu130/lib/python3.11/site-packages/triton/runtime/jit.py:370: in &lt;lambda&gt;
    return lambda *args, **kwargs: self.run(grid=grid, warmup=False, *args, **kwargs)
                                   ^^^^^^^^^^^^^^^^^^^^^^^^^^^^^^^^^^^^^^^^^^^^^^^^^^
test/waveform/test_taylorf2_batch.py:560: in record_run
    result = original_run(*args, **kwargs)
             ^^^^^^^^^^^^^^^^^^^^^^^^^^^^^
../../venvs/pycbc-torch213-cu130/lib/python3.11/site-packages/triton/runtime/jit.py:739: in run
    kernel = self._do_compile(key, signature, device, constexprs, options, attrs, warmup)
             ^^^^^^^^^^^^^^^^^^^^^^^^^^^^^^^^^^^^^^^^^^^^^^^^^^^^^^^^^^^^^^^^^^^^^^^^^^^^
../../venvs/pycbc-torch213-cu130/lib/python3.11/site-packages/triton/runtime/jit.py:884: in _do_compile
    kernel = self.compile(src, target=target, options=options.__dict__)
             ^^^^^^^^^^^^^^^^^^^^^^^^^^^^^^^^^^^^^^^^^^^^^^^^^^^^^^^^^^
../../venvs/pycbc-torch213-cu130/lib/python3.11/site-packages/triton/compiler/compiler.py:307: in compile
    module = src.make_ir(target, options, codegen_fns, module_map, context)
             ^^^^^^^^^^^^^^^^^^^^^^^^^^^^^^^^^^^^^^^^^^^^^^^^^^^^^^^^^^^^^^
_ _ _ _ _ _ _ _ _ _ _ _ _ _ _ _ _ _ _ _ _ _ _ _ _ _ _ _ _ _ _ _ _ _ _ _ _ _ _ _ 

self = &lt;triton.compiler.compiler.ASTSource object at 0x7c93862ee9d0&gt;
target = GPUTarget(backend='cuda', arch=89, warp_size=32)
options = CUDAOptions(num_warps=4, num_ctas=1, num_stages=3, warp_size=32, maxnreg=None, ptx_version=None, ptx_options=None, ir_...ib/libdevice.10.bc'),), debug=False, backend_name='cuda', sanitize_overflow=True, arch='sm89', instrumentation_mode='')
codegen_fns = {'convert_custom_types': &lt;function convert_custom_float8_sm80 at 0x7c938c44bb00&gt;, 'min_dot_size': &lt;function min_dot_size.&lt;locals&gt;.check_dot_compatibility at 0x7c9386604e00&gt;}
module_map = {'triton.language.extra.libdevice': &lt;module 'triton.language.extra.cuda.libdevice' from '/home/xangma/venvs/pycbc-torch213-cu130/lib/python3.11/site-packages/triton/language/extra/cuda/libdevice.py'&gt;}
context = &lt;triton._C.libtriton.ir.context object at 0x7c93862ef970&gt;

    def make_ir(self, target: GPUTarget, options, codegen_fns, module_map, context):
        from .code_generator import ast_to_ttir
&gt;       return ast_to_ttir(self.fn, self, context=context, options=options, codegen_fns=codegen_fns,
                           module_map=module_map)
E       triton.compiler.errors.CompilationError: at 67:35:
E               # retain their explicit operation order (enable_fp_fusion=False).
E               phase = tl.fma(phase, velocity, term)
E           velocity_sq = velocity * velocity
E           phase = phase / (velocity_sq * velocity_sq * velocity)
E           phase = (
E               phase
E               + tl.full((), TIME_SHIFT, tl.float64) * frequency
E               - 2.0 * coa_phase
E               - reference_phase
E               - tl.full((), PI_OVER_FOUR, tl.float64)
E           )
E           amplitude = amplitude_factor * libdevice.pow(velocity, -3.5)
E                                          ^
E       (triton.language.float64, triton.language.float32)

../../venvs/pycbc-torch213-cu130/lib/python3.11/site-packages/triton/compiler/compiler.py:80: CompilationError</failure></testcase><testcase classname="test.waveform.test_taylorf2_torch" name="test_taylorf2_torch_parity[params0]" time="0.006" /><testcase classname="test.waveform.test_taylorf2_torch" name="test_taylorf2_torch_parity[params1]" time="0.002" /><testcase classname="test.waveform.test_taylorf2_torch" name="test_taylorf2_torch_parity[params2]" time="0.005" /><testcase classname="test.waveform.test_taylorf2_torch" name="test_taylorf2_torch_global_switch_falls_back" time="0.001" /><testcase classname="test.waveform.test_taylorf2_torch" name="test_taylorf2_sequence_public_torch_parity_and_dispatch[params0-sample_points0]" time="0.002" /><testcase classname="test.waveform.test_taylorf2_torch" name="test_taylorf2_sequence_public_torch_parity_and_dispatch[params1-sample_points1]" time="0.002" /><testcase classname="test.waveform.test_taylorf2_torch" name="test_taylorf2_sequence_public_torch_parity_and_dispatch[params2-sample_points2]" time="0.002" /><testcase classname="test.waveform.test_taylorf2_torch" name="test_taylorf2_sequence_unsupported_amplitude_uses_lal_fallback" time="0.001" /><testcase classname="test.waveform.test_taylorf2_torch" name="test_taylorf2_sequence_stays_on_requested_device[cpu]" time="0.002" /><testcase classname="test.waveform.test_taylorf2_torch" name="test_taylorf2_sequence_stays_on_requested_device[mps]" time="0.001"><skipped type="pytest.skip" message="Torch MPS device is unavailable">/home/xangma/pycbc-taylorf2-triton-20260906/source/test/waveform/test_taylorf2_torch.py:382: Torch MPS device is unavailable</skipped></testcase><testcase classname="test.waveform.test_taylorf2_torch" name="test_taylorf2_sequence_stays_on_requested_device[cuda]" time="0.004" /><testcase classname="test.waveform.test_taylorf2_torch" name="test_taylorf2_sequence_native_avoids_host_transfer" time="0.002" /><testcase classname="test.waveform.test_taylorf2_torch" name="test_taylorf2_public_torch_parity_and_dispatch[params0]" time="0.002" /><testcase classname="test.waveform.test_taylorf2_torch" name="test_taylorf2_public_torch_parity_and_dispatch[params1]" time="0.003" /><testcase classname="test.waveform.test_taylorf2_torch" name="test_taylorf2_public_torch_parity_and_dispatch[params2]" time="0.003" /><testcase classname="test.waveform.test_taylorf2_torch" name="test_taylorf2_public_torch_parity_and_dispatch[params3]" time="0.002" /><testcase classname="test.waveform.test_taylorf2_torch" name="test_taylorf2_public_torch_parity_and_dispatch[params4]" time="0.002" /><testcase classname="test.waveform.test_taylorf2_torch" name="test_taylorf2_public_torch_uses_mps" time="0.000"><skipped type="pytest.skip" message="Torch MPS device is unavailable">/home/xangma/pycbc-taylorf2-triton-20260906/source/test/waveform/test_taylorf2_torch.py:574: Torch MPS device is unavailable</skipped></testcase><testcase classname="test.waveform.test_taylorf2_torch" name="test_taylorf2_mps_phase_accuracy_boundary" time="0.000"><skipped type="pytest.skip" message="Torch MPS device is unavailable">/home/xangma/pycbc-taylorf2-triton-20260906/source/test/waveform/test_taylorf2_torch.py:610: Torch MPS device is unavailable</skipped></testcase><testcase classname="test.waveform.test_taylorf2_torch" name="test_taylorf2_mps_phase_boundary_uses_lal_fallback" time="0.000"><skipped type="pytest.skip" message="Torch MPS device is unavailable">/home/xangma/pycbc-taylorf2-triton-20260906/source/test/waveform/test_taylorf2_torch.py:651: Torch MPS device is unavailable</skipped></testcase><testcase classname="test.waveform.test_taylorf2_torch" name="test_taylorf2_unsupported_amplitude_uses_lal_fallback" time="0.001" /><testcase classname="test.waveform.test_taylorf2_torch" name="test_taylorf2_native_support_boundary[params0-True]" time="0.000" /><testcase classname="test.waveform.test_taylorf2_torch" name="test_taylorf2_native_support_boundary[params1-True]" time="0.000" /><testcase classname="test.waveform.test_taylorf2_torch" name="test_taylorf2_native_support_boundary[params2-True]" time="0.000" /><testcase classname="test.waveform.test_taylorf2_torch" name="test_taylorf2_native_support_boundary[params3-False]" time="0.000" /><testcase classname="test.waveform.test_taylorf2_torch" name="test_taylorf2_native_support_boundary[params4-False]" time="0.000" /><testcase classname="test.waveform.test_taylorf2_torch" name="test_taylorf2_native_support_boundary[params5-False]" time="0.000" /><testcase classname="test.waveform.test_taylorf2_torch" name="test_taylorf2_native_support_boundary[params6-False]" time="0.000" /><testcase classname="test.waveform.test_taylorf2_torch" name="test_taylorf2_native_support_boundary[params7-False]" time="0.000" /><testcase classname="test.waveform.test_taylorf2_torch" name="test_taylorf2_native_support_boundary[params8-False]" time="0.000" /><testcase classname="test.waveform.test_taylorf2_torch" name="test_taylorf2_native_support_boundary[params9-False]" time="0.000" /><testcase classname="test.waveform.test_taylorf2_torch" name="test_taylorf2_native_support_boundary[params10-False]" time="0.001" /><testcase classname="test.waveform.test_taylorf2_torch" name="test_taylorf2_eos_quadrupole_fit_matches_lal[0.25]" time="0.001" /><testcase classname="test.waveform.test_taylorf2_torch" name="test_taylorf2_eos_quadrupole_fit_matches_lal[0.5]" time="0.000" /><testcase classname="test.waveform.test_taylorf2_torch" name="test_taylorf2_eos_quadrupole_fit_matches_lal[1.0]" time="0.000" /><testcase classname="test.waveform.test_taylorf2_torch" name="test_taylorf2_eos_quadrupole_fit_matches_lal[100.0]" time="0.000" /><testcase classname="test.waveform.test_taylorf2_torch" name="test_taylorf2_eos_quadrupole_fit_matches_lal[800.0]" time="0.000" /><testcase classname="test.waveform.test_taylorf2_torch" name="test_taylorf2_default_tides_stop_at_7pn" time="0.000" /></testsuite></testsuites>